{"target": -0.557449295813121, "params": {"beta_enc": 0.8213905061962203, "beta_rec": 0.7599321766707712, "epsilon_d": 1.1406668832310505, "gamma_cf": 0.2370031449940273, "gamma_fc": 0.17458370647853866, "k": 7.749008248513796, "phi_d": 1.9791299222903371, "phi_s": 3.1585964403734024, "s_cf": 1.4214452742984156}, "datetime": {"datetime": "2022-08-22 08:37:20", "elapsed": 1661.755133, "delta": 11.096435}}
{"target": -0.5371121234493633, "params": {"beta_enc": 0.6563222660382917, "beta_rec": 0.969258597317588, "epsilon_d": 1.5071634987432567, "gamma_cf": 0.13690485207905428, "gamma_fc": 0.16418069504379507, "k": 6.190257081923814, "phi_d": 1.4402573480539624, "phi_s": 3.6857166843250933, "s_cf": 0.8570949621022503}, "datetime": {"datetime": "2022-08-22 08:37:32", "elapsed": 1673.90914, "delta": 12.154007}}
{"target": -0.5955374042528236, "params": {"beta_enc": 0.5329350960748738, "beta_rec": 0.9675479365513444, "epsilon_d": 1.473737407113997, "gamma_cf": 0.19300200551129776, "gamma_fc": 0.28577104636266615, "k": 6.10320787980588, "phi_d": 1.1520477588842137, "phi_s": 4.496503742392113, "s_cf": 1.463351713814019}, "datetime": {"datetime": "2022-08-22 08:37:45", "elapsed": 1686.690929, "delta": 12.781789}}
{"target": -0.3755256695289136, "params": {"beta_enc": 0.784377556461135, "beta_rec": 0.8209504587367186, "epsilon_d": 2.0556935922359187, "gamma_cf": 0.16970836200880474, "gamma_fc": 0.27733365539383337, "k": 7.89761387565201, "phi_d": 1.6234058354379628, "phi_s": 3.675186423691479, "s_cf": 0.9944754054817394}, "datetime": {"datetime": "2022-08-22 08:37:59", "elapsed": 1700.116576, "delta": 13.425647}}
{"target": -0.4900917675182924, "params": {"beta_enc": 0.7710670431052778, "beta_rec": 0.8314524916533013, "epsilon_d": 2.77965468289475, "gamma_cf": 0.3758538604596334, "gamma_fc": 0.38131604772255534, "k": 5.877916114239703, "phi_d": 1.4215290049374107, "phi_s": 1.1659003183059955, "s_cf": 0.9913715999776833}, "datetime": {"datetime": "2022-08-22 08:38:14", "elapsed": 1715.347663, "delta": 15.231087}}
{"target": -0.6754082906148352, "params": {"beta_enc": 0.5129894325728981, "beta_rec": 0.9234638528434749, "epsilon_d": 2.3407000638723368, "gamma_cf": 0.2152358913724875, "gamma_fc": 0.3838944888290865, "k": 6.144033978958255, "phi_d": 1.0797198532709051, "phi_s": 1.5391724718427162, "s_cf": 0.8950622992611887}, "datetime": {"datetime": "2022-08-22 08:38:29", "elapsed": 1730.124837, "delta": 14.777174}}
{"target": -0.5053053634006196, "params": {"beta_enc": 0.6174823304076275, "beta_rec": 0.7630782366093691, "epsilon_d": 2.2102335610007326, "gamma_cf": 0.2560305137619594, "gamma_fc": 0.30873050600857804, "k": 5.729422379057376, "phi_d": 2.6954009364748757, "phi_s": 2.8162362242366052, "s_cf": 0.7615526398439407}, "datetime": {"datetime": "2022-08-22 08:38:43", "elapsed": 1744.679837, "delta": 14.555}}
{"target": -0.5741679500757058, "params": {"beta_enc": 0.8055738519564848, "beta_rec": 0.9140503869360247, "epsilon_d": 2.646006081296942, "gamma_cf": 0.47588784651692584, "gamma_fc": 0.025456191758443603, "k": 4.940287456364058, "phi_d": 1.1266868869126796, "phi_s": 2.6866315441298037, "s_cf": 1.397871859126089}, "datetime": {"datetime": "2022-08-22 08:38:58", "elapsed": 1759.473538, "delta": 14.793701}}
{"target": -0.5877335177063477, "params": {"beta_enc": 0.5285683939502739, "beta_rec": 0.8682779882214696, "epsilon_d": 1.2510862196174473, "gamma_cf": 0.3864428010835589, "gamma_fc": 0.4207110783979217, "k": 4.173163752744634, "phi_d": 1.9728814863407895, "phi_s": 1.9576441765510237, "s_cf": 1.4643553362699444}, "datetime": {"datetime": "2022-08-22 08:39:11", "elapsed": 1772.244753, "delta": 12.771215}}
{"target": -0.6373823955485741, "params": {"beta_enc": 0.8303624197243287, "beta_rec": 0.9034835005961752, "epsilon_d": 2.9469747946503926, "gamma_cf": 0.1724306718581255, "gamma_fc": 0.4489253588338409, "k": 5.738379893634038, "phi_d": 1.4716292742950274, "phi_s": 4.7633118528055975, "s_cf": 1.2631635382374207}, "datetime": {"datetime": "2022-08-22 08:39:30", "elapsed": 1791.751175, "delta": 19.506422}}
{"target": -0.6764133043386618, "params": {"beta_enc": 0.5227190548686953, "beta_rec": 0.9676062142057665, "epsilon_d": 2.4027605892666926, "gamma_cf": 0.30246343648714086, "gamma_fc": 0.36618744958966526, "k": 5.013756169999123, "phi_d": 2.2009779105490885, "phi_s": 4.258476725046622, "s_cf": 0.7905852452429999}, "datetime": {"datetime": "2022-08-22 08:39:49", "elapsed": 1810.213563, "delta": 18.462388}}
{"target": -0.5667451302144653, "params": {"beta_enc": 0.5456787349687431, "beta_rec": 0.9606114524891034, "epsilon_d": 2.2366917386557708, "gamma_cf": 0.265643905240529, "gamma_fc": 0.1241453644985493, "k": 5.180314300997983, "phi_d": 2.745372329838924, "phi_s": 2.686663739398837, "s_cf": 0.798322691684705}, "datetime": {"datetime": "2022-08-22 08:40:06", "elapsed": 1827.599564, "delta": 17.386001}}
{"target": -0.4868604109024835, "params": {"beta_enc": 0.8139447743276538, "beta_rec": 0.8008452082060128, "epsilon_d": 2.6524550709847827, "gamma_cf": 0.44088531154140365, "gamma_fc": 0.24337537240916907, "k": 6.393858772418545, "phi_d": 2.054534912970834, "phi_s": 3.499285176741996, "s_cf": 1.3912812910105137}, "datetime": {"datetime": "2022-08-22 08:40:25", "elapsed": 1846.194951, "delta": 18.595387}}
{"target": -0.5539769965431576, "params": {"beta_enc": 0.5987488069417012, "beta_rec": 0.9709388770451503, "epsilon_d": 2.1353806602382983, "gamma_cf": 0.05755152048345169, "gamma_fc": 0.11350058260732898, "k": 6.383929542452055, "phi_d": 1.4788924738093607, "phi_s": 1.5256626421498423, "s_cf": 0.8713857855928764}, "datetime": {"datetime": "2022-08-22 08:40:41", "elapsed": 1862.680892, "delta": 16.485941}}
{"target": -0.5140749668620475, "params": {"beta_enc": 0.7957053813825086, "beta_rec": 0.9005459134731777, "epsilon_d": 2.927134174376684, "gamma_cf": 0.17283960664801273, "gamma_fc": 0.29781254906747484, "k": 6.395941155893679, "phi_d": 2.2314085744078973, "phi_s": 1.2367088287428896, "s_cf": 1.3127378884310144}, "datetime": {"datetime": "2022-08-22 08:41:00", "elapsed": 1881.835879, "delta": 19.154987}}
{"target": -0.5201326195118826, "params": {"beta_enc": 0.8318733243656689, "beta_rec": 0.8836697642948972, "epsilon_d": 1.3851120419101368, "gamma_cf": 0.3764629574899711, "gamma_fc": 0.0036594846639319, "k": 5.313024414603124, "phi_d": 2.8352126952887864, "phi_s": 3.353469331575507, "s_cf": 1.3913927129281016}, "datetime": {"datetime": "2022-08-22 08:41:15", "elapsed": 1896.55645, "delta": 14.720571}}
{"target": -0.4578708569335957, "params": {"beta_enc": 0.7116352183222157, "beta_rec": 0.9556445381309677, "epsilon_d": 2.7589670468586336, "gamma_cf": 0.1604931872622266, "gamma_fc": 0.061477385776089244, "k": 6.885213376746283, "phi_d": 1.8806941736624765, "phi_s": 1.5069428365680344, "s_cf": 1.1923677360824168}, "datetime": {"datetime": "2022-08-22 08:41:31", "elapsed": 1912.91851, "delta": 16.36206}}
{"target": -0.6973610112647619, "params": {"beta_enc": 0.512623910099451, "beta_rec": 0.8000455291027467, "epsilon_d": 2.576602379335938, "gamma_cf": 0.006048380007678933, "gamma_fc": 0.15167283585428454, "k": 4.085503844352283, "phi_d": 2.9949699854566587, "phi_s": 3.328119905373847, "s_cf": 0.9700322088645424}, "datetime": {"datetime": "2022-08-22 08:41:46", "elapsed": 1927.08749, "delta": 14.16898}}
{"target": -0.3713876342392519, "params": {"beta_enc": 0.8251323116625905, "beta_rec": 0.8767798558870511, "epsilon_d": 1.9093844551048138, "gamma_cf": 0.2939357531480932, "gamma_fc": 0.1320688221052848, "k": 5.221153197389733, "phi_d": 1.743309153448365, "phi_s": 1.9777919974864435, "s_cf": 1.1884104495874723}, "datetime": {"datetime": "2022-08-22 08:41:59", "elapsed": 1940.107134, "delta": 13.019644}}
{"target": -0.5833818944928945, "params": {"beta_enc": 0.7435461468763143, "beta_rec": 0.7679868050410003, "epsilon_d": 2.9421666392509276, "gamma_cf": 0.37653532793472744, "gamma_fc": 0.40308158147670414, "k": 7.006561616325162, "phi_d": 1.1601219545424346, "phi_s": 2.9267851320847083, "s_cf": 1.084254717301242}, "datetime": {"datetime": "2022-08-22 08:42:14", "elapsed": 1955.577131, "delta": 15.469997}}
{"target": -0.4126017194406342, "params": {"beta_enc": 0.7353654276837255, "beta_rec": 0.8621843147060805, "epsilon_d": 2.408626796767819, "gamma_cf": 0.34082266880131146, "gamma_fc": 0.3485742643763781, "k": 6.474402970246146, "phi_d": 1.3019614665592916, "phi_s": 4.043209825223024, "s_cf": 1.3357843666454676}, "datetime": {"datetime": "2022-08-22 08:42:29", "elapsed": 1970.280732, "delta": 14.703601}}
{"target": -0.5482331074320204, "params": {"beta_enc": 0.8164360450698317, "beta_rec": 0.8084421731510265, "epsilon_d": 1.3533577861446828, "gamma_cf": 0.1955495615533812, "gamma_fc": 0.1602823269975801, "k": 7.261907716022504, "phi_d": 2.2270517993368633, "phi_s": 4.0400070093989955, "s_cf": 1.070748824772723}, "datetime": {"datetime": "2022-08-22 08:42:43", "elapsed": 1984.065556, "delta": 13.784824}}
{"target": -0.6247753093209552, "params": {"beta_enc": 0.5348041970204562, "beta_rec": 0.7787587530125616, "epsilon_d": 1.7468142634743906, "gamma_cf": 0.09692388375475358, "gamma_fc": 0.4103732493114691, "k": 6.398544033694867, "phi_d": 2.37769051803733, "phi_s": 2.9644398452171847, "s_cf": 0.8161302609316358}, "datetime": {"datetime": "2022-08-22 08:42:59", "elapsed": 2000.823263, "delta": 16.757707}}
{"target": -0.6799796917036074, "params": {"beta_enc": 0.5822771728401596, "beta_rec": 0.8654005202229055, "epsilon_d": 1.3971830061078525, "gamma_cf": 0.01273811788941015, "gamma_fc": 0.3646988491280763, "k": 6.899666988876477, "phi_d": 1.6607834927234055, "phi_s": 4.373976504254622, "s_cf": 1.071331856963305}, "datetime": {"datetime": "2022-08-22 08:43:15", "elapsed": 2016.48179, "delta": 15.658527}}
{"target": -0.38657500565618563, "params": {"beta_enc": 0.8026401506672369, "beta_rec": 0.9142663561557224, "epsilon_d": 2.1620713148361803, "gamma_cf": 0.1003637440175455, "gamma_fc": 0.26477330523919745, "k": 7.577729673710289, "phi_d": 1.609987951670432, "phi_s": 4.483782436644214, "s_cf": 1.431558954643791}, "datetime": {"datetime": "2022-08-22 08:43:32", "elapsed": 2033.811088, "delta": 17.329298}}
{"target": -0.8204402979143743, "params": {"beta_enc": 0.6154455969386589, "beta_rec": 0.920768591584141, "epsilon_d": 2.7984418991319373, "gamma_cf": 0.03784844087915168, "gamma_fc": 0.4392939316023852, "k": 4.763357453073922, "phi_d": 2.6995378200358613, "phi_s": 3.6684751547968157, "s_cf": 1.0082543965875403}, "datetime": {"datetime": "2022-08-22 08:43:51", "elapsed": 2052.424007, "delta": 18.612919}}
{"target": -0.5990005153010397, "params": {"beta_enc": 0.5529814494974796, "beta_rec": 0.9088427403721133, "epsilon_d": 2.695576087429483, "gamma_cf": 0.41092468738200527, "gamma_fc": 0.3141197985653289, "k": 7.825206039020928, "phi_d": 2.1798462541515393, "phi_s": 1.7913311385916773, "s_cf": 1.0719980419623694}, "datetime": {"datetime": "2022-08-22 08:44:06", "elapsed": 2067.868339, "delta": 15.444332}}
{"target": -0.4417726275050772, "params": {"beta_enc": 0.6178610995454086, "beta_rec": 0.9979862529768202, "epsilon_d": 1.7604729922345295, "gamma_cf": 0.496350436832409, "gamma_fc": 0.2594021253667071, "k": 4.689118805908501, "phi_d": 1.1491481425029597, "phi_s": 2.4812227750955507, "s_cf": 0.8425641448610475}, "datetime": {"datetime": "2022-08-22 08:44:21", "elapsed": 2082.012433, "delta": 14.144094}}
{"target": -0.6203597861003268, "params": {"beta_enc": 0.7220815507021445, "beta_rec": 0.8534799614323523, "epsilon_d": 2.9818312650509, "gamma_cf": 0.4649778118266589, "gamma_fc": 0.07461801615487501, "k": 5.579529050147202, "phi_d": 1.9231594219247723, "phi_s": 3.243795020487781, "s_cf": 1.3352726424669514}, "datetime": {"datetime": "2022-08-22 08:44:36", "elapsed": 2097.609281, "delta": 15.596848}}
{"target": -0.5848214323042727, "params": {"beta_enc": 0.6705178681756983, "beta_rec": 0.8549983880025602, "epsilon_d": 1.5239994094386713, "gamma_cf": 0.4554030695433792, "gamma_fc": 0.011135755766402078, "k": 7.284487592875859, "phi_d": 1.376936799332837, "phi_s": 3.743027596690189, "s_cf": 1.0164070420047329}, "datetime": {"datetime": "2022-08-22 08:44:48", "elapsed": 2109.922261, "delta": 12.31298}}
{"target": -0.4277048778495172, "params": {"beta_enc": 0.840974419763282, "beta_rec": 0.780693032362355, "epsilon_d": 1.375139785234479, "gamma_cf": 0.4447212377322394, "gamma_fc": 0.29170315730411395, "k": 5.2369855386351185, "phi_d": 1.001528770956376, "phi_s": 1.9103909532890122, "s_cf": 0.8590527256284268}, "datetime": {"datetime": "2022-08-22 08:45:01", "elapsed": 2122.123233, "delta": 12.200972}}
{"target": -0.5618829875456713, "params": {"beta_enc": 0.5712018385295317, "beta_rec": 0.9740806392010012, "epsilon_d": 2.746188756539281, "gamma_cf": 0.3501447188167249, "gamma_fc": 0.23524883807610453, "k": 7.308544009329154, "phi_d": 1.9916527941704247, "phi_s": 2.453954733139621, "s_cf": 0.9567023270706441}, "datetime": {"datetime": "2022-08-22 08:45:16", "elapsed": 2137.73312, "delta": 15.609887}}
{"target": -0.46656241063393616, "params": {"beta_enc": 0.8236592847384301, "beta_rec": 0.8467473085640731, "epsilon_d": 1.9857617468626405, "gamma_cf": 0.12721905115721105, "gamma_fc": 0.44248325941903166, "k": 5.533053827221147, "phi_d": 1.5951494306277505, "phi_s": 3.8703798487790175, "s_cf": 0.8931524573792305}, "datetime": {"datetime": "2022-08-22 08:45:30", "elapsed": 2151.814921, "delta": 14.081801}}
{"target": -0.5516253196543183, "params": {"beta_enc": 0.5413674202714635, "beta_rec": 0.959249445553378, "epsilon_d": 2.4882718427390706, "gamma_cf": 0.29526027382355857, "gamma_fc": 0.12144578748243534, "k": 6.492988580750336, "phi_d": 2.276710641482346, "phi_s": 2.3102777764493005, "s_cf": 0.8006170073006567}, "datetime": {"datetime": "2022-08-22 08:45:45", "elapsed": 2166.546597, "delta": 14.731676}}
{"target": -0.449553960315405, "params": {"beta_enc": 0.8081885091475143, "beta_rec": 0.8649891827685646, "epsilon_d": 2.52774543613286, "gamma_cf": 0.12694431047136984, "gamma_fc": 0.2956935911337584, "k": 5.715180641395191, "phi_d": 1.7642012850982791, "phi_s": 1.506853535387691, "s_cf": 0.9331999974067319}, "datetime": {"datetime": "2022-08-22 08:46:00", "elapsed": 2181.223133, "delta": 14.676536}}
{"target": -0.6796734894389295, "params": {"beta_enc": 0.5277695540354116, "beta_rec": 0.8257145761793947, "epsilon_d": 2.4834096004631108, "gamma_cf": 0.3075078624855244, "gamma_fc": 0.3362055494669629, "k": 4.033532318100127, "phi_d": 2.35675394450264, "phi_s": 3.012722762171548, "s_cf": 0.9231813378631344}, "datetime": {"datetime": "2022-08-22 08:46:15", "elapsed": 2196.482238, "delta": 15.259105}}
{"target": -0.6433113760960607, "params": {"beta_enc": 0.5612137781436728, "beta_rec": 0.7962457413877074, "epsilon_d": 2.6885200101501967, "gamma_cf": 0.49129489465254267, "gamma_fc": 0.4568698124208158, "k": 5.389477681491251, "phi_d": 2.5604491593827277, "phi_s": 3.1858183628057226, "s_cf": 1.3623317981669532}, "datetime": {"datetime": "2022-08-22 08:46:31", "elapsed": 2212.247244, "delta": 15.765006}}
{"target": -0.5951849304738543, "params": {"beta_enc": 0.6693044329161171, "beta_rec": 0.897487824574851, "epsilon_d": 2.574526895048523, "gamma_cf": 0.050117321551566174, "gamma_fc": 0.26850355842027035, "k": 5.463933386678617, "phi_d": 2.2086136873377447, "phi_s": 4.835210062548002, "s_cf": 1.044617208747722}, "datetime": {"datetime": "2022-08-22 08:46:45", "elapsed": 2226.880463, "delta": 14.633219}}
{"target": -0.5490130182789237, "params": {"beta_enc": 0.6375405492795657, "beta_rec": 0.9476592483973997, "epsilon_d": 2.2901567981708526, "gamma_cf": 0.19694200392768824, "gamma_fc": 0.3444775241151257, "k": 5.616006436217516, "phi_d": 1.2722263084962442, "phi_s": 2.802573074688538, "s_cf": 1.0008145445229544}, "datetime": {"datetime": "2022-08-22 08:47:00", "elapsed": 2241.602231, "delta": 14.721768}}
{"target": -0.6091452853546622, "params": {"beta_enc": 0.5762891255214088, "beta_rec": 0.98144370040911, "epsilon_d": 2.3792787981591155, "gamma_cf": 0.29941044531171096, "gamma_fc": 0.3733287360615025, "k": 6.167884247085766, "phi_d": 2.401066145239005, "phi_s": 4.72223927699938, "s_cf": 1.3969625208789165}, "datetime": {"datetime": "2022-08-22 08:47:15", "elapsed": 2256.540116, "delta": 14.937885}}
{"target": -0.5949548214781881, "params": {"beta_enc": 0.5586046501272824, "beta_rec": 0.8157847559809686, "epsilon_d": 1.143220558883609, "gamma_cf": 0.4893364025791735, "gamma_fc": 0.11819204933018779, "k": 6.642393423714395, "phi_d": 1.179261397854924, "phi_s": 1.843083768348075, "s_cf": 1.1271182876388033}, "datetime": {"datetime": "2022-08-22 08:47:27", "elapsed": 2268.453806, "delta": 11.91369}}
{"target": -0.6124613752341133, "params": {"beta_enc": 0.5367337839154748, "beta_rec": 0.8472183506736811, "epsilon_d": 2.075975440279362, "gamma_cf": 0.16960209244254998, "gamma_fc": 0.27795010556328775, "k": 6.147073287769857, "phi_d": 1.7812209974738116, "phi_s": 3.7850803324044118, "s_cf": 1.258861840498443}, "datetime": {"datetime": "2022-08-22 08:47:41", "elapsed": 2282.641438, "delta": 14.187632}}
{"target": -0.4134632905474757, "params": {"beta_enc": 0.7405561022810364, "beta_rec": 0.8903728146998435, "epsilon_d": 1.7161598280258716, "gamma_cf": 0.30655616768350613, "gamma_fc": 0.4678681333040999, "k": 6.387554099783893, "phi_d": 2.95918034871885, "phi_s": 2.7640264816354847, "s_cf": 1.3047089718806602}, "datetime": {"datetime": "2022-08-22 08:47:55", "elapsed": 2296.332676, "delta": 13.691238}}
{"target": -0.6671113959368963, "params": {"beta_enc": 0.51316135752736, "beta_rec": 0.9411816597501215, "epsilon_d": 2.0365631606536247, "gamma_cf": 0.0026582664805516187, "gamma_fc": 0.13860005239129924, "k": 6.139328930079246, "phi_d": 2.535925756562623, "phi_s": 1.2123703818101004, "s_cf": 1.1617900828878898}, "datetime": {"datetime": "2022-08-22 08:48:08", "elapsed": 2309.40935, "delta": 13.076674}}
{"target": -0.48244901994426187, "params": {"beta_enc": 0.7803480945294246, "beta_rec": 0.9123957637196197, "epsilon_d": 2.8628940299858217, "gamma_cf": 0.03736572250738057, "gamma_fc": 0.1384032313002933, "k": 7.67695001702469, "phi_d": 2.530010296596286, "phi_s": 3.3989613778883947, "s_cf": 1.3747261078778028}, "datetime": {"datetime": "2022-08-22 08:48:22", "elapsed": 2323.922055, "delta": 14.512705}}
{"target": -0.48182560665917107, "params": {"beta_enc": 0.8136152220512507, "beta_rec": 0.9931800882132062, "epsilon_d": 2.9970410141796116, "gamma_cf": 0.06982466684205174, "gamma_fc": 0.03527102237184959, "k": 4.293866617440493, "phi_d": 1.0294875817998939, "phi_s": 4.887280291911704, "s_cf": 0.8210751873429218}, "datetime": {"datetime": "2022-08-22 08:48:37", "elapsed": 2338.245453, "delta": 14.323398}}
{"target": -0.3908120085266635, "params": {"beta_enc": 0.7946078891650474, "beta_rec": 0.9212932492269249, "epsilon_d": 1.9751143349658362, "gamma_cf": 0.1733474406792891, "gamma_fc": 0.17682389353350253, "k": 5.015355529388749, "phi_d": 2.8220359473972527, "phi_s": 3.902570181979476, "s_cf": 0.7694443445882024}, "datetime": {"datetime": "2022-08-22 08:48:50", "elapsed": 2351.582718, "delta": 13.337265}}
{"target": -0.45530019303596375, "params": {"beta_enc": 0.66153243863649, "beta_rec": 0.8203253181342028, "epsilon_d": 1.057932372355797, "gamma_cf": 0.4423409471546472, "gamma_fc": 0.38550267897734114, "k": 5.318940316977043, "phi_d": 2.593117175073422, "phi_s": 2.2985532888119864, "s_cf": 0.980911832863235}, "datetime": {"datetime": "2022-08-22 08:49:02", "elapsed": 2363.410133, "delta": 11.827415}}
{"target": -0.5191069955164843, "params": {"beta_enc": 0.8248381774752542, "beta_rec": 0.9942290404864625, "epsilon_d": 2.0471106094337856, "gamma_cf": 0.4759675837839625, "gamma_fc": 0.4439982469632323, "k": 6.072130246377634, "phi_d": 1.7454976041949712, "phi_s": 3.8414183132784374, "s_cf": 1.0917325684815404}, "datetime": {"datetime": "2022-08-22 08:49:16", "elapsed": 2377.156533, "delta": 13.7464}}
{"target": -0.5482682472307694, "params": {"beta_enc": 0.7118245132931245, "beta_rec": 0.9976015492224867, "epsilon_d": 2.547832499912937, "gamma_cf": 0.16713820249691314, "gamma_fc": 0.04449911041118898, "k": 4.739622361113634, "phi_d": 2.0537037517836687, "phi_s": 2.668409672427432, "s_cf": 1.3504947435969297}, "datetime": {"datetime": "2022-08-22 08:49:30", "elapsed": 2391.418801, "delta": 14.262268}}
{"target": -0.5074138633893691, "params": {"beta_enc": 0.8266208183653385, "beta_rec": 0.7944661869878371, "epsilon_d": 2.7201335417524324, "gamma_cf": 0.4786974631633344, "gamma_fc": 0.47973530342489107, "k": 4.151450350881722, "phi_d": 1.1151670112163474, "phi_s": 1.023189571670756, "s_cf": 0.9845108671166073}, "datetime": {"datetime": "2022-08-22 08:49:45", "elapsed": 2406.750117, "delta": 15.331316}}
{"target": -0.4927650023358526, "params": {"beta_enc": 0.5194944444492366, "beta_rec": 0.823465621367636, "epsilon_d": 1.712032972062373, "gamma_cf": 0.4768385092369609, "gamma_fc": 0.23847546124338898, "k": 5.112953769685321, "phi_d": 2.0060103901019097, "phi_s": 3.573431698596542, "s_cf": 0.8334342544255763}, "datetime": {"datetime": "2022-08-22 08:49:59", "elapsed": 2420.490648, "delta": 13.740531}}
{"target": -0.5990310310852781, "params": {"beta_enc": 0.765321580346588, "beta_rec": 0.9629864428218239, "epsilon_d": 2.6884997191388567, "gamma_cf": 0.44525341620604475, "gamma_fc": 0.19092119837788057, "k": 5.775220793466074, "phi_d": 1.2031629518923324, "phi_s": 1.9032276897249405, "s_cf": 1.4784903519549082}, "datetime": {"datetime": "2022-08-22 08:50:14", "elapsed": 2435.830053, "delta": 15.339405}}
{"target": -0.6926742322125669, "params": {"beta_enc": 0.5996183891390574, "beta_rec": 0.9768490355602493, "epsilon_d": 2.781104572756622, "gamma_cf": 0.4612522486301967, "gamma_fc": 0.07807478222039738, "k": 7.518888574005524, "phi_d": 2.2639899009262745, "phi_s": 1.8425127136752097, "s_cf": 1.0088369360850609}, "datetime": {"datetime": "2022-08-22 08:50:30", "elapsed": 2451.106022, "delta": 15.275969}}
