{"target": -0.23539975293825152, "params": {"beta_enc": 0.85, "beta_rec": 0.75, "epsilon_d": 1.9686331309017593, "gamma_cf": 0.3238920387528831, "gamma_fc": 0.31075729315404654, "k": 6.247088345390768, "phi_d": 2.418352755851758, "phi_s": 4.171218302344507, "s_cf": 1.2953467673503254}, "datetime": {"datetime": "2022-08-22 10:12:12", "elapsed": 7353.025462, "delta": 17.49695}}
{"target": -0.2837106347524767, "params": {"beta_enc": 0.85, "beta_rec": 0.75, "epsilon_d": 1.6670945204386773, "gamma_cf": 0.4022997654802622, "gamma_fc": 0.39460197303606886, "k": 6.16662109045179, "phi_d": 2.4925052102079945, "phi_s": 4.591480571470845, "s_cf": 1.326536201480045}, "datetime": {"datetime": "2022-08-22 10:12:29", "elapsed": 7370.257668, "delta": 17.232206}}
{"target": -0.24930999801234038, "params": {"beta_enc": 0.85, "beta_rec": 0.8462341542670243, "epsilon_d": 1.9780568286926634, "gamma_cf": 0.3390975731218869, "gamma_fc": 0.31856940803363376, "k": 4.479468932064922, "phi_d": 1.21871640352154, "phi_s": 2.284831974660043, "s_cf": 0.75}, "datetime": {"datetime": "2022-08-22 10:12:47", "elapsed": 7388.722493, "delta": 18.464825}}
{"target": -0.30208545188549424, "params": {"beta_enc": 0.85, "beta_rec": 0.75, "epsilon_d": 1.5917629877824626, "gamma_cf": 0.31935117781403144, "gamma_fc": 0.41088153671026945, "k": 6.1337591684686865, "phi_d": 2.515434447647287, "phi_s": 4.823089736282842, "s_cf": 1.1701377072259975}, "datetime": {"datetime": "2022-08-22 10:13:04", "elapsed": 7405.557105, "delta": 16.834612}}
{"target": -0.24642111513040885, "params": {"beta_enc": 0.85, "beta_rec": 0.75, "epsilon_d": 1.9204281390659943, "gamma_cf": 0.3643334279291311, "gamma_fc": 0.2840794667045179, "k": 6.087950193768409, "phi_d": 2.1960724195272525, "phi_s": 4.2959669903266695, "s_cf": 1.3355694427417606}, "datetime": {"datetime": "2022-08-22 10:13:22", "elapsed": 7422.980263, "delta": 17.423158}}
{"target": -0.2941694457351375, "params": {"beta_enc": 0.85, "beta_rec": 0.843462530841658, "epsilon_d": 2.02784260177454, "gamma_cf": 0.4265700675965265, "gamma_fc": 0.3332048986123594, "k": 4.544584158474271, "phi_d": 1.2030634123487864, "phi_s": 2.259209446359641, "s_cf": 0.75}, "datetime": {"datetime": "2022-08-22 10:13:39", "elapsed": 7440.880434, "delta": 17.900171}}
{"target": -0.22910925586058153, "params": {"beta_enc": 0.85, "beta_rec": 0.75, "epsilon_d": 1.7616553138701512, "gamma_cf": 0.3740902171755437, "gamma_fc": 0.37444092632593823, "k": 6.039807984637859, "phi_d": 2.6486843099138273, "phi_s": 4.617143394067576, "s_cf": 1.3509941350521504}, "datetime": {"datetime": "2022-08-22 10:13:57", "elapsed": 7458.888926, "delta": 18.008492}}
{"target": -0.23317278960430987, "params": {"beta_enc": 0.85, "beta_rec": 0.75, "epsilon_d": 1.9998342298960776, "gamma_cf": 0.33919229231174647, "gamma_fc": 0.3072261137258223, "k": 6.3005130822990285, "phi_d": 2.3778771373391603, "phi_s": 4.1814760985562955, "s_cf": 1.3450813852213674}, "datetime": {"datetime": "2022-08-22 10:14:15", "elapsed": 7476.877606, "delta": 17.98868}}
{"target": -0.36656577214769526, "params": {"beta_enc": 0.85, "beta_rec": 0.9441588999572887, "epsilon_d": 2.0188629940002123, "gamma_cf": 0.2656535194401634, "gamma_fc": 0.07132209916352841, "k": 5.016744827763725, "phi_d": 1.3660607790965658, "phi_s": 2.1498149876393846, "s_cf": 0.75}, "datetime": {"datetime": "2022-08-22 10:14:32", "elapsed": 7493.683873, "delta": 16.806267}}
{"target": -0.2787678784975376, "params": {"beta_enc": 0.85, "beta_rec": 0.75, "epsilon_d": 1.9630437343803862, "gamma_cf": 0.39308668306951206, "gamma_fc": 0.26530955378743654, "k": 5.951081196381154, "phi_d": 2.209967504262615, "phi_s": 4.251531103277302, "s_cf": 1.291666345200787}, "datetime": {"datetime": "2022-08-22 10:14:50", "elapsed": 7511.10101, "delta": 17.417137}}
{"target": -0.26020293038054365, "params": {"beta_enc": 0.85, "beta_rec": 0.8226466429228935, "epsilon_d": 1.8856368092301017, "gamma_cf": 0.3101356772507713, "gamma_fc": 0.32724803512976436, "k": 4.507751242785166, "phi_d": 1.278831597846489, "phi_s": 2.248129203058857, "s_cf": 0.75}, "datetime": {"datetime": "2022-08-22 10:15:07", "elapsed": 7528.473137, "delta": 17.372127}}
{"target": -0.25225013880554276, "params": {"beta_enc": 0.85, "beta_rec": 0.75, "epsilon_d": 1.8174648093083936, "gamma_cf": 0.38764234283260895, "gamma_fc": 0.35029045446352425, "k": 5.928142960528633, "phi_d": 2.5937256258172563, "phi_s": 4.65680460782102, "s_cf": 1.1718948119085209}, "datetime": {"datetime": "2022-08-22 10:15:24", "elapsed": 7545.872328, "delta": 17.399191}}
{"target": -0.3144959161943078, "params": {"beta_enc": 0.85, "beta_rec": 0.7645927385791031, "epsilon_d": 1.7044087134283035, "gamma_cf": 0.287000511325779, "gamma_fc": 0.3329093808949976, "k": 6.730459019698728, "phi_d": 2.8776915517898947, "phi_s": 3.6381409040050356, "s_cf": 1.064942840174869}, "datetime": {"datetime": "2022-08-22 10:15:41", "elapsed": 7562.686096, "delta": 16.813768}}
{"target": -0.2925254285911699, "params": {"beta_enc": 0.85, "beta_rec": 0.8175079889709267, "epsilon_d": 2.0167861171610677, "gamma_cf": 0.2740031365829501, "gamma_fc": 0.33313263201427545, "k": 4.472278562161073, "phi_d": 1.2972735722434607, "phi_s": 2.227489533658754, "s_cf": 0.75}, "datetime": {"datetime": "2022-08-22 10:15:59", "elapsed": 7580.382629, "delta": 17.696533}}
{"target": -0.26098066251520935, "params": {"beta_enc": 0.85, "beta_rec": 0.768620506572605, "epsilon_d": 1.8933709896243358, "gamma_cf": 0.36275679152375917, "gamma_fc": 0.3792658982694215, "k": 4.424635919497534, "phi_d": 1.149225592647402, "phi_s": 2.2307085169004863, "s_cf": 0.75}, "datetime": {"datetime": "2022-08-22 10:16:16", "elapsed": 7597.661868, "delta": 17.279239}}
{"target": -0.36080898444241544, "params": {"beta_enc": 0.8420895175372501, "beta_rec": 0.789254992042909, "epsilon_d": 1.8621076775519239, "gamma_cf": 0.19035197578088126, "gamma_fc": 0.2377919128743879, "k": 5.910823685263005, "phi_d": 2.1047903182385768, "phi_s": 4.370051414216176, "s_cf": 1.4716289499539057}, "datetime": {"datetime": "2022-08-22 10:16:33", "elapsed": 7614.379797, "delta": 16.717929}}
{"target": -0.38078409394120544, "params": {"beta_enc": 0.85, "beta_rec": 0.75, "epsilon_d": 1.9524612697817278, "gamma_cf": 0.4955915519545946, "gamma_fc": 0.3630585052065693, "k": 5.844258851490868, "phi_d": 2.1140038427680965, "phi_s": 3.029549657935645, "s_cf": 1.1502136757345178}, "datetime": {"datetime": "2022-08-22 10:16:50", "elapsed": 7631.921661, "delta": 17.541864}}
{"target": -0.408806360671622, "params": {"beta_enc": 0.838283271473211, "beta_rec": 0.75, "epsilon_d": 2.0895797973736974, "gamma_cf": 0.2733856503759692, "gamma_fc": 0.14216441897370227, "k": 7.7789468582601975, "phi_d": 1.9566315344818566, "phi_s": 4.6871824051147915, "s_cf": 0.9417576651003526}, "datetime": {"datetime": "2022-08-22 10:17:07", "elapsed": 7648.891817, "delta": 16.970156}}
{"target": -0.27632074583117217, "params": {"beta_enc": 0.85, "beta_rec": 0.858492236229561, "epsilon_d": 1.8477988620694215, "gamma_cf": 0.340235896391468, "gamma_fc": 0.26098601281485917, "k": 5.865670314250013, "phi_d": 2.627187781899192, "phi_s": 4.72541137370005, "s_cf": 0.9803042049695473}, "datetime": {"datetime": "2022-08-22 10:17:24", "elapsed": 7665.868882, "delta": 16.977065}}
{"target": -0.2711796854697354, "params": {"beta_enc": 0.85, "beta_rec": 0.75, "epsilon_d": 1.8795495652703424, "gamma_cf": 0.4342073854768976, "gamma_fc": 0.37308402291973103, "k": 6.110382100631, "phi_d": 2.246419557705072, "phi_s": 4.367072332016893, "s_cf": 1.3510697925365442}, "datetime": {"datetime": "2022-08-22 10:17:42", "elapsed": 7683.632941, "delta": 17.764059}}
{"target": -0.43136770323753454, "params": {"beta_enc": 0.8311046111578317, "beta_rec": 0.75, "epsilon_d": 2.0527561346488703, "gamma_cf": 0.15090645858299304, "gamma_fc": 0.31098527559023514, "k": 7.647890253943449, "phi_d": 1.7368927952189388, "phi_s": 4.278204659594291, "s_cf": 0.8870454094977284}, "datetime": {"datetime": "2022-08-22 10:18:02", "elapsed": 7702.967111, "delta": 19.33417}}
{"target": -0.2795533841164365, "params": {"beta_enc": 0.85, "beta_rec": 0.75, "epsilon_d": 1.9650984986778786, "gamma_cf": 0.41838255092922233, "gamma_fc": 0.2910296229985389, "k": 6.098348502879181, "phi_d": 2.1233927060291977, "phi_s": 4.226134691538945, "s_cf": 1.4179527721576115}, "datetime": {"datetime": "2022-08-22 10:18:23", "elapsed": 7724.287032, "delta": 21.319921}}
{"target": -0.40971570985350947, "params": {"beta_enc": 0.6988651478953227, "beta_rec": 0.860978910412229, "epsilon_d": 2.03304574394316, "gamma_cf": 0.40953318149818585, "gamma_fc": 0.22002825196912332, "k": 7.6906091435708115, "phi_d": 1.9302773660017756, "phi_s": 4.4014613042193025, "s_cf": 1.0657575728227253}, "datetime": {"datetime": "2022-08-22 10:18:44", "elapsed": 7745.717028, "delta": 21.429996}}
{"target": -0.24646844608435928, "params": {"beta_enc": 0.85, "beta_rec": 0.75, "epsilon_d": 1.996794737498081, "gamma_cf": 0.30253211867990293, "gamma_fc": 0.3505816421572683, "k": 6.130531728632013, "phi_d": 2.2068328107318993, "phi_s": 4.2510021798513735, "s_cf": 1.300744019537141}, "datetime": {"datetime": "2022-08-22 10:19:05", "elapsed": 7766.488966, "delta": 20.771938}}
{"target": -0.2889677886143255, "params": {"beta_enc": 0.85, "beta_rec": 0.75, "epsilon_d": 1.7035367392031082, "gamma_cf": 0.383093695143467, "gamma_fc": 0.46422515943329296, "k": 6.06356595435, "phi_d": 2.6338069826100727, "phi_s": 4.64269083617922, "s_cf": 1.5}, "datetime": {"datetime": "2022-08-22 10:19:22", "elapsed": 7783.454395, "delta": 16.965429}}
{"target": -0.25883488134345334, "params": {"beta_enc": 0.85, "beta_rec": 0.75, "epsilon_d": 1.9116877501022875, "gamma_cf": 0.38007155552070493, "gamma_fc": 0.3397919270219106, "k": 4.452754337936031, "phi_d": 1.2236827459702235, "phi_s": 2.361853929558633, "s_cf": 0.75}, "datetime": {"datetime": "2022-08-22 10:19:40", "elapsed": 7801.034768, "delta": 17.580373}}
{"target": -0.24686501422750845, "params": {"beta_enc": 0.85, "beta_rec": 0.8617802878381873, "epsilon_d": 1.9440777086342547, "gamma_cf": 0.33401335071972776, "gamma_fc": 0.30661417150111236, "k": 6.145762790199294, "phi_d": 2.2323612906953714, "phi_s": 4.27908023037398, "s_cf": 1.3421180900601835}, "datetime": {"datetime": "2022-08-22 10:19:58", "elapsed": 7819.170044, "delta": 18.135276}}
{"target": -0.5029666542468788, "params": {"beta_enc": 0.85, "beta_rec": 0.8908910243747751, "epsilon_d": 1.935319559548259, "gamma_cf": 0.5, "gamma_fc": 0.19117942411136218, "k": 5.379873139987775, "phi_d": 1.8767002467157121, "phi_s": 2.224468437014181, "s_cf": 1.0327787760371385}, "datetime": {"datetime": "2022-08-22 10:20:15", "elapsed": 7836.836885, "delta": 17.666841}}
{"target": -0.24817206918804402, "params": {"beta_enc": 0.85, "beta_rec": 0.75, "epsilon_d": 1.9082405830153273, "gamma_cf": 0.302274404298346, "gamma_fc": 0.3162271054767161, "k": 6.221997363535408, "phi_d": 2.2326948782559453, "phi_s": 4.310836793410097, "s_cf": 1.3699660894686776}, "datetime": {"datetime": "2022-08-22 10:20:33", "elapsed": 7854.402048, "delta": 17.565163}}
{"target": -0.286508067279022, "params": {"beta_enc": 0.85, "beta_rec": 0.7965100342277265, "epsilon_d": 1.8784226198493368, "gamma_cf": 0.2893755007828297, "gamma_fc": 0.25338360554358913, "k": 4.485692030829581, "phi_d": 1.0560096232602907, "phi_s": 2.3186587823746456, "s_cf": 0.75}, "datetime": {"datetime": "2022-08-22 10:20:50", "elapsed": 7871.663438, "delta": 17.26139}}
{"target": -0.2816272016448535, "params": {"beta_enc": 0.85, "beta_rec": 0.7602190522778097, "epsilon_d": 1.6895579356979702, "gamma_cf": 0.3193239712020838, "gamma_fc": 0.32747838380689165, "k": 5.980951808225253, "phi_d": 2.6716683332705746, "phi_s": 4.910075994264198, "s_cf": 0.9273848807689042}, "datetime": {"datetime": "2022-08-22 10:21:07", "elapsed": 7888.144182, "delta": 16.480744}}
{"target": -0.39216255868142974, "params": {"beta_enc": 0.6601967666153005, "beta_rec": 0.8699015078471458, "epsilon_d": 2.0464636521163624, "gamma_cf": 0.18736820967642323, "gamma_fc": 0.2108262027563, "k": 7.508797311926306, "phi_d": 1.4219905252766631, "phi_s": 4.652258601331628, "s_cf": 1.117835441292894}, "datetime": {"datetime": "2022-08-22 10:21:24", "elapsed": 7905.25164, "delta": 17.107458}}
{"target": -0.3268184559172739, "params": {"beta_enc": 0.7421669020555824, "beta_rec": 0.9583255550387549, "epsilon_d": 1.7026352633436967, "gamma_cf": 0.33450029243506957, "gamma_fc": 0.34077042856342504, "k": 5.87750114275458, "phi_d": 2.6174859600974734, "phi_s": 4.9093104913112615, "s_cf": 0.8959362441182983}, "datetime": {"datetime": "2022-08-22 10:21:41", "elapsed": 7922.564013, "delta": 17.312373}}
{"target": -0.2976858053101252, "params": {"beta_enc": 0.85, "beta_rec": 0.7610652763948748, "epsilon_d": 1.8233279664635875, "gamma_cf": 0.32204125391209365, "gamma_fc": 0.392920445393467, "k": 5.827221056008155, "phi_d": 2.698608289192839, "phi_s": 4.895251682284893, "s_cf": 1.0379398731022882}, "datetime": {"datetime": "2022-08-22 10:21:59", "elapsed": 7939.963758, "delta": 17.399745}}
{"target": -0.27950748778053425, "params": {"beta_enc": 0.85, "beta_rec": 0.8578124465915472, "epsilon_d": 1.8900088205758732, "gamma_cf": 0.37318788457752533, "gamma_fc": 0.34794031237753886, "k": 4.292280894094831, "phi_d": 1.156492204199218, "phi_s": 2.360751955856616, "s_cf": 0.75}, "datetime": {"datetime": "2022-08-22 10:22:16", "elapsed": 7957.729512, "delta": 17.765754}}
{"target": -0.3474302149586164, "params": {"beta_enc": 0.85, "beta_rec": 0.75, "epsilon_d": 1.4350480268408286, "gamma_cf": 0.5, "gamma_fc": 0.35710053748699805, "k": 5.093503522231797, "phi_d": 2.1623109495569452, "phi_s": 3.4695409387744296, "s_cf": 1.3028831753308039}, "datetime": {"datetime": "2022-08-22 10:22:33", "elapsed": 7974.446187, "delta": 16.716675}}
{"target": -0.4798661380195732, "params": {"beta_enc": 0.85, "beta_rec": 0.9920561112646797, "epsilon_d": 1.6625300864621508, "gamma_cf": 0.5, "gamma_fc": 0.34957342070314507, "k": 5.004821976282509, "phi_d": 2.741837935561298, "phi_s": 2.560668397906892, "s_cf": 1.1687003017905908}, "datetime": {"datetime": "2022-08-22 10:22:51", "elapsed": 7992.296322, "delta": 17.850135}}
{"target": -0.37979510558623825, "params": {"beta_enc": 0.85, "beta_rec": 0.7653277359367043, "epsilon_d": 1.832775577582226, "gamma_cf": 0.5, "gamma_fc": 0.5, "k": 6.185659476402382, "phi_d": 2.634354690340595, "phi_s": 2.620097021299322, "s_cf": 1.5}, "datetime": {"datetime": "2022-08-22 10:23:09", "elapsed": 8010.148129, "delta": 17.851807}}
{"target": -0.3143031128454218, "params": {"beta_enc": 0.85, "beta_rec": 0.75, "epsilon_d": 1.8056064193408192, "gamma_cf": 0.4420845769374053, "gamma_fc": 0.24776842232246024, "k": 4.9106470601718275, "phi_d": 2.476672537226406, "phi_s": 2.6237488860473746, "s_cf": 0.9249406152408747}, "datetime": {"datetime": "2022-08-22 10:23:26", "elapsed": 8027.541306, "delta": 17.393177}}
{"target": -0.3499278256440873, "params": {"beta_enc": 0.85, "beta_rec": 0.75, "epsilon_d": 1.5037996962487734, "gamma_cf": 0.37367302673770847, "gamma_fc": 0.5, "k": 4.9365059564141465, "phi_d": 2.1060877785077228, "phi_s": 3.3588667117106934, "s_cf": 1.1389435958311438}, "datetime": {"datetime": "2022-08-22 10:23:42", "elapsed": 8043.921186, "delta": 16.37988}}
{"target": -0.2177467360979644, "params": {"beta_enc": 0.85, "beta_rec": 0.8147785630978418, "epsilon_d": 1.9197573158629766, "gamma_cf": 0.34265206092449874, "gamma_fc": 0.3084557280399216, "k": 6.1107006936430235, "phi_d": 2.0713840715438425, "phi_s": 4.347180721632482, "s_cf": 1.2696104024140222}, "datetime": {"datetime": "2022-08-22 10:24:00", "elapsed": 8061.436625, "delta": 17.515439}}
{"target": -0.3708397502151528, "params": {"beta_enc": 0.7161402433038533, "beta_rec": 0.7934841935983319, "epsilon_d": 1.8639409745739488, "gamma_cf": 0.49980313507026053, "gamma_fc": 0.2820060300422612, "k": 6.095688059205621, "phi_d": 2.0671260242986813, "phi_s": 4.381152153051049, "s_cf": 1.1372719058226046}, "datetime": {"datetime": "2022-08-22 10:24:18", "elapsed": 8079.530357, "delta": 18.093732}}
{"target": -0.22567219697746332, "params": {"beta_enc": 0.85, "beta_rec": 0.8278274337040131, "epsilon_d": 1.907066391529266, "gamma_cf": 0.31018118412431483, "gamma_fc": 0.3396851417072436, "k": 6.12281064560136, "phi_d": 2.0513282021711308, "phi_s": 4.3563716328529845, "s_cf": 1.3160316444146483}, "datetime": {"datetime": "2022-08-22 10:24:36", "elapsed": 8097.228745, "delta": 17.698388}}
{"target": -0.24263901795320933, "params": {"beta_enc": 0.85, "beta_rec": 0.821130869844182, "epsilon_d": 1.9708713639417075, "gamma_cf": 0.32335043461972807, "gamma_fc": 0.2796988905032562, "k": 6.101361281885147, "phi_d": 2.0682378720713412, "phi_s": 4.362765217019227, "s_cf": 1.288865335761959}, "datetime": {"datetime": "2022-08-22 10:24:54", "elapsed": 8115.537437, "delta": 18.308692}}
{"target": -0.46879498218323024, "params": {"beta_enc": 0.85, "beta_rec": 0.8452176403077556, "epsilon_d": 2.2988053918947338, "gamma_cf": 0.039448065922018015, "gamma_fc": 0.15669988047291905, "k": 7.306000309501727, "phi_d": 1.8345592169726104, "phi_s": 3.1428827296058763, "s_cf": 1.0429025243181305}, "datetime": {"datetime": "2022-08-22 10:25:11", "elapsed": 8132.848841, "delta": 17.311404}}
{"target": -0.2464906252801562, "params": {"beta_enc": 0.85, "beta_rec": 0.8121921007787948, "epsilon_d": 1.8810153728712684, "gamma_cf": 0.32979196388894505, "gamma_fc": 0.3297973744291167, "k": 6.107947390593751, "phi_d": 2.079997598491347, "phi_s": 4.304516558851534, "s_cf": 1.2651238724004799}, "datetime": {"datetime": "2022-08-22 10:25:29", "elapsed": 8150.489794, "delta": 17.640953}}
{"target": -0.435102786494889, "params": {"beta_enc": 0.85, "beta_rec": 0.75, "epsilon_d": 1.621284170129305, "gamma_cf": 0.18080697238883475, "gamma_fc": 0.22454730213248952, "k": 5.813203257012118, "phi_d": 2.7685781585971427, "phi_s": 5.0, "s_cf": 0.8643421926275244}, "datetime": {"datetime": "2022-08-22 10:25:46", "elapsed": 8166.976138, "delta": 16.486344}}
{"target": -0.3682493661940399, "params": {"beta_enc": 0.85, "beta_rec": 0.75, "epsilon_d": 1.836573767212488, "gamma_cf": 0.5, "gamma_fc": 0.27162152280438145, "k": 5.129779576893397, "phi_d": 2.4033429906443553, "phi_s": 2.842774692770534, "s_cf": 0.9573050251869657}, "datetime": {"datetime": "2022-08-22 10:26:03", "elapsed": 8184.264163, "delta": 17.288025}}
{"target": -0.26040734236499957, "params": {"beta_enc": 0.85, "beta_rec": 0.8127558553646658, "epsilon_d": 1.911747267664369, "gamma_cf": 0.3669851899885348, "gamma_fc": 0.33109611783014053, "k": 6.134439754229644, "phi_d": 2.072588419696239, "phi_s": 4.385843227346953, "s_cf": 1.2854000689875547}, "datetime": {"datetime": "2022-08-22 10:26:21", "elapsed": 8202.607631, "delta": 18.343468}}
{"target": -0.2638891603328228, "params": {"beta_enc": 0.85, "beta_rec": 0.8267549085751617, "epsilon_d": 1.9199359872023458, "gamma_cf": 0.3189432864757389, "gamma_fc": 0.29486218760458244, "k": 6.085234459914184, "phi_d": 2.042625579399789, "phi_s": 4.334327689013823, "s_cf": 1.2691853786644403}, "datetime": {"datetime": "2022-08-22 10:26:39", "elapsed": 8220.657688, "delta": 18.050057}}
{"target": -0.3404395823625581, "params": {"beta_enc": 0.85, "beta_rec": 0.75, "epsilon_d": 1.9688429977486697, "gamma_cf": 0.2745562041308041, "gamma_fc": 0.42060772533930707, "k": 4.337252489062456, "phi_d": 1.0866173124018754, "phi_s": 2.3781471250789084, "s_cf": 0.75}, "datetime": {"datetime": "2022-08-22 10:26:57", "elapsed": 8238.496394, "delta": 17.838706}}
{"target": -0.34039767450509034, "params": {"beta_enc": 0.85, "beta_rec": 0.7856902159824953, "epsilon_d": 1.7795947281208724, "gamma_cf": 0.41925653256932566, "gamma_fc": 0.40385787357028247, "k": 5.997662618478985, "phi_d": 2.611664781298955, "phi_s": 4.788588204180227, "s_cf": 0.9812253196525291}, "datetime": {"datetime": "2022-08-22 10:27:14", "elapsed": 8255.876277, "delta": 17.379883}}
{"target": -0.24606410879660637, "params": {"beta_enc": 0.85, "beta_rec": 0.807367793281691, "epsilon_d": 1.9344007602334352, "gamma_cf": 0.3336658257204548, "gamma_fc": 0.31255531035901274, "k": 6.123492513068883, "phi_d": 2.100729730966498, "phi_s": 4.335722651621356, "s_cf": 1.2796523333221481}, "datetime": {"datetime": "2022-08-22 10:27:32", "elapsed": 8273.650125, "delta": 17.773848}}
{"target": -0.26086746114615583, "params": {"beta_enc": 0.85, "beta_rec": 0.8125518527259538, "epsilon_d": 1.9067956903471182, "gamma_cf": 0.37225889537089507, "gamma_fc": 0.2914786438286242, "k": 6.092185328778356, "phi_d": 2.072684451244237, "phi_s": 4.356143183209039, "s_cf": 1.263270454190161}, "datetime": {"datetime": "2022-08-22 10:27:51", "elapsed": 8292.676569, "delta": 19.026444}}
{"target": -0.22411785704848394, "params": {"beta_enc": 0.8484518550503457, "beta_rec": 0.75, "epsilon_d": 1.911503777348787, "gamma_cf": 0.3486245971913295, "gamma_fc": 0.3207757754250103, "k": 6.096762610352507, "phi_d": 2.2792070384877254, "phi_s": 4.277829330224993, "s_cf": 1.3841870115846204}, "datetime": {"datetime": "2022-08-22 10:28:09", "elapsed": 8310.303972, "delta": 17.627403}}
{"target": -0.2692397551383688, "params": {"beta_enc": 0.85, "beta_rec": 0.8155683649256257, "epsilon_d": 1.9105575900817149, "gamma_cf": 0.3761403220418728, "gamma_fc": 0.32164986758452235, "k": 4.4726815438636285, "phi_d": 1.2174111868893247, "phi_s": 2.277060714931812, "s_cf": 0.8484127415728223}, "datetime": {"datetime": "2022-08-22 10:28:26", "elapsed": 8327.845191, "delta": 17.541219}}
{"target": -0.2983600612195349, "params": {"beta_enc": 0.85, "beta_rec": 0.7651690341582581, "epsilon_d": 1.912208806843991, "gamma_cf": 0.3865335746227906, "gamma_fc": 0.26510490125733854, "k": 4.383132348556361, "phi_d": 1.2061825342357895, "phi_s": 2.2772350101593726, "s_cf": 0.75}, "datetime": {"datetime": "2022-08-22 10:28:44", "elapsed": 8345.738662, "delta": 17.893471}}
