{"target": -0.6652593286472884, "params": {"beta_enc": 0.5378375849559787, "beta_rec": 0.7677812448807095, "epsilon_d": 2.5231846237580102, "gamma_cf": 0.14241668605915336, "gamma_fc": 0.13590152624831064, "k": 4.008001202433727, "phi_d": 1.197078021281106, "phi_s": 1.5423881895694125, "s_cf": 0.8695201546718974}, "datetime": {"datetime": "2022-08-22 09:41:18", "elapsed": 5499.264036, "delta": 14.7795}}
{"target": -0.6486588215038118, "params": {"beta_enc": 0.6558597609153778, "beta_rec": 0.9535339536809551, "epsilon_d": 2.624596230736895, "gamma_cf": 0.45499481084122406, "gamma_fc": 0.22179601931016685, "k": 6.834842031780053, "phi_d": 1.9766682362408974, "phi_s": 1.199370232538084, "s_cf": 0.8103235754771603}, "datetime": {"datetime": "2022-08-22 09:41:33", "elapsed": 5514.727769, "delta": 15.463733}}
{"target": -0.64532672894868, "params": {"beta_enc": 0.5860798173256486, "beta_rec": 0.9954054321557542, "epsilon_d": 2.3838344585535696, "gamma_cf": 0.13400379092866022, "gamma_fc": 0.3531316222756581, "k": 6.645384537526279, "phi_d": 1.086580321747815, "phi_s": 2.4459503385669517, "s_cf": 1.3302959875517204}, "datetime": {"datetime": "2022-08-22 09:41:48", "elapsed": 5529.758739, "delta": 15.03097}}
{"target": -0.6531087514190487, "params": {"beta_enc": 0.5274830201919363, "beta_rec": 0.9710960291939679, "epsilon_d": 2.8617365925091165, "gamma_cf": 0.4265427561949449, "gamma_fc": 0.058688802050474, "k": 6.260693926807647, "phi_d": 2.4151198956644464, "phi_s": 4.551920359760704, "s_cf": 0.8218320219748596}, "datetime": {"datetime": "2022-08-22 09:42:04", "elapsed": 5545.224045, "delta": 15.465306}}
{"target": -0.4041035087670176, "params": {"beta_enc": 0.7855197045922648, "beta_rec": 0.8195040829171956, "epsilon_d": 2.1845747715318273, "gamma_cf": 0.35989785468695984, "gamma_fc": 0.3885095746802088, "k": 5.178659395995478, "phi_d": 2.2147530778977496, "phi_s": 2.149891496809322, "s_cf": 1.4987375627133521}, "datetime": {"datetime": "2022-08-22 09:42:18", "elapsed": 5559.900938, "delta": 14.676893}}
{"target": -0.5596954981118678, "params": {"beta_enc": 0.7850769627798228, "beta_rec": 0.8534944790673419, "epsilon_d": 2.7582843713284717, "gamma_cf": 0.36625055755422686, "gamma_fc": 0.464373465363878, "k": 4.686442776987697, "phi_d": 1.5896700098417482, "phi_s": 1.3749467042985688, "s_cf": 0.9884857737590346}, "datetime": {"datetime": "2022-08-22 09:42:34", "elapsed": 5575.27007, "delta": 15.369132}}
{"target": -0.4789661690497805, "params": {"beta_enc": 0.6334160148112883, "beta_rec": 0.9081781349046884, "epsilon_d": 1.9430398766971655, "gamma_cf": 0.3588344903885235, "gamma_fc": 0.13461176675085723, "k": 4.692226876728737, "phi_d": 1.7582452055507305, "phi_s": 2.752325749711418, "s_cf": 1.0665949258618752}, "datetime": {"datetime": "2022-08-22 09:42:48", "elapsed": 5589.083094, "delta": 13.813024}}
{"target": -0.43452058133895377, "params": {"beta_enc": 0.8197493903315338, "beta_rec": 0.8173917545867386, "epsilon_d": 1.7040868053903138, "gamma_cf": 0.1076048300816635, "gamma_fc": 0.18596150570213643, "k": 5.559421563324436, "phi_d": 2.150854114223749, "phi_s": 2.113459914489772, "s_cf": 0.9446192313808861}, "datetime": {"datetime": "2022-08-22 09:43:00", "elapsed": 5601.533045, "delta": 12.449951}}
{"target": -0.6879761464571579, "params": {"beta_enc": 0.7516714882697834, "beta_rec": 0.9775446768931362, "epsilon_d": 1.244193639126883, "gamma_cf": 0.09114448537499242, "gamma_fc": 0.06655482243795158, "k": 6.734430731217989, "phi_d": 1.4280195454153206, "phi_s": 3.418286413225495, "s_cf": 0.9012590511022373}, "datetime": {"datetime": "2022-08-22 09:43:11", "elapsed": 5612.239601, "delta": 10.706556}}
{"target": -0.4881190184600916, "params": {"beta_enc": 0.7862150177925935, "beta_rec": 0.8290267830645495, "epsilon_d": 2.3392335293717523, "gamma_cf": 0.07436678140128045, "gamma_fc": 0.15297272354308022, "k": 5.188965781206706, "phi_d": 2.270159865090098, "phi_s": 3.7235221084933467, "s_cf": 1.383936484877868}, "datetime": {"datetime": "2022-08-22 09:43:25", "elapsed": 5625.972019, "delta": 13.732418}}
{"target": -0.647258723080967, "params": {"beta_enc": 0.5641714173691231, "beta_rec": 0.9401074410766096, "epsilon_d": 2.4238788045587194, "gamma_cf": 0.27877195703873625, "gamma_fc": 0.32508149315784224, "k": 4.359980412130788, "phi_d": 1.2937516314451427, "phi_s": 2.6622868828665434, "s_cf": 1.2835280162257687}, "datetime": {"datetime": "2022-08-22 09:43:40", "elapsed": 5640.963038, "delta": 14.991019}}
{"target": -0.5595474689490725, "params": {"beta_enc": 0.558737407268258, "beta_rec": 0.8472447848060771, "epsilon_d": 1.9958919077748523, "gamma_cf": 0.4675228634566043, "gamma_fc": 0.027598124327252782, "k": 7.316029963794386, "phi_d": 2.968319691797569, "phi_s": 2.0690904540795554, "s_cf": 1.4175429778305686}, "datetime": {"datetime": "2022-08-22 09:43:53", "elapsed": 5654.543203, "delta": 13.580165}}
{"target": -0.4290093776409695, "params": {"beta_enc": 0.6016050485713932, "beta_rec": 0.949751874549158, "epsilon_d": 1.9197147359984725, "gamma_cf": 0.298804324438435, "gamma_fc": 0.1183336883825512, "k": 6.75045984864326, "phi_d": 1.2973697322264608, "phi_s": 3.2387459960070917, "s_cf": 1.1207466979080098}, "datetime": {"datetime": "2022-08-22 09:44:07", "elapsed": 5668.010333, "delta": 13.46713}}
{"target": -0.357592086434568, "params": {"beta_enc": 0.7930220985822969, "beta_rec": 0.8703671288434333, "epsilon_d": 2.5694619199734587, "gamma_cf": 0.20014715336788785, "gamma_fc": 0.1539529667154526, "k": 7.148908545510428, "phi_d": 1.8369285278228498, "phi_s": 2.98706424485334, "s_cf": 1.1829918984932468}, "datetime": {"datetime": "2022-08-22 09:44:21", "elapsed": 5682.155222, "delta": 14.144889}}
{"target": -0.42846548879860996, "params": {"beta_enc": 0.786883008261265, "beta_rec": 0.8953299936566799, "epsilon_d": 1.8122858053616198, "gamma_cf": 0.08029341425462139, "gamma_fc": 0.35105565245705445, "k": 7.532931286607338, "phi_d": 1.2167577758083044, "phi_s": 2.864855903252326, "s_cf": 1.4509016288842762}, "datetime": {"datetime": "2022-08-22 09:44:34", "elapsed": 5695.573235, "delta": 13.418013}}
{"target": -0.5641188978381797, "params": {"beta_enc": 0.6972282086163097, "beta_rec": 0.8863133785267576, "epsilon_d": 1.1269510997562857, "gamma_cf": 0.26765008981441873, "gamma_fc": 0.327270651909969, "k": 4.586367382532578, "phi_d": 2.912729455293693, "phi_s": 1.784603167773371, "s_cf": 1.2554444951684565}, "datetime": {"datetime": "2022-08-22 09:44:46", "elapsed": 5707.484356, "delta": 11.911121}}
{"target": -0.6084115154770843, "params": {"beta_enc": 0.5960194036928699, "beta_rec": 0.7771077084579686, "epsilon_d": 1.5218016073897649, "gamma_cf": 0.16707591675903738, "gamma_fc": 0.23236593861551136, "k": 4.937425773605949, "phi_d": 2.4550077733172158, "phi_s": 4.228764408096036, "s_cf": 1.343231697035212}, "datetime": {"datetime": "2022-08-22 09:44:59", "elapsed": 5720.156212, "delta": 12.671856}}
{"target": -0.6038257163356159, "params": {"beta_enc": 0.7505119919369317, "beta_rec": 0.8174108115402556, "epsilon_d": 1.4209155820813515, "gamma_cf": 0.05456416412070747, "gamma_fc": 0.19834055070137646, "k": 4.349066560704131, "phi_d": 2.3107793129649505, "phi_s": 4.799315657449673, "s_cf": 1.316724960434364}, "datetime": {"datetime": "2022-08-22 09:45:11", "elapsed": 5732.424224, "delta": 12.268012}}
{"target": -0.5222926575995217, "params": {"beta_enc": 0.5409121044844374, "beta_rec": 0.7551203121796005, "epsilon_d": 1.6697776595726936, "gamma_cf": 0.49643807837951826, "gamma_fc": 0.15641587398850065, "k": 6.950031195176513, "phi_d": 2.433058753182786, "phi_s": 3.290230390781125, "s_cf": 1.0257345432522278}, "datetime": {"datetime": "2022-08-22 09:45:24", "elapsed": 5745.585141, "delta": 13.160917}}
{"target": -0.730290477320671, "params": {"beta_enc": 0.5728929929105309, "beta_rec": 0.9949998041109089, "epsilon_d": 1.131787540010251, "gamma_cf": 0.11811387596855, "gamma_fc": 0.15444973525505834, "k": 7.638013413929221, "phi_d": 2.4267385260381964, "phi_s": 2.0614874009520507, "s_cf": 0.8733759772039973}, "datetime": {"datetime": "2022-08-22 09:45:35", "elapsed": 5756.484935, "delta": 10.899794}}
{"target": -0.5662489251030427, "params": {"beta_enc": 0.8081740947342859, "beta_rec": 0.9484457831079599, "epsilon_d": 1.0767748639528087, "gamma_cf": 0.43965042179829233, "gamma_fc": 0.29396987260523055, "k": 5.830148787945488, "phi_d": 2.3477037537665124, "phi_s": 1.1577711941415503, "s_cf": 0.9977409026022461}, "datetime": {"datetime": "2022-08-22 09:45:46", "elapsed": 5767.826448, "delta": 11.341513}}
{"target": -0.5295822948946511, "params": {"beta_enc": 0.5308169462332732, "beta_rec": 0.9209093661952625, "epsilon_d": 1.7960234304325946, "gamma_cf": 0.23947704588697044, "gamma_fc": 0.14490166959618606, "k": 7.153178080449301, "phi_d": 1.0930253645355033, "phi_s": 2.124502585455433, "s_cf": 1.1929468963191585}, "datetime": {"datetime": "2022-08-22 09:45:59", "elapsed": 5780.940969, "delta": 13.114521}}
{"target": -0.4956148284803808, "params": {"beta_enc": 0.7765467258520886, "beta_rec": 0.9003998339779886, "epsilon_d": 2.4609773373072708, "gamma_cf": 0.011763957438914063, "gamma_fc": 0.1274617946542715, "k": 4.168367039369491, "phi_d": 2.0000247969375784, "phi_s": 4.956561184563094, "s_cf": 0.7601478810789142}, "datetime": {"datetime": "2022-08-22 09:46:13", "elapsed": 5794.707785, "delta": 13.766816}}
{"target": -0.5956842466643746, "params": {"beta_enc": 0.6543076634180394, "beta_rec": 0.7511966045264711, "epsilon_d": 2.2257772386586936, "gamma_cf": 0.09167936306403485, "gamma_fc": 0.3563708918952641, "k": 4.638594047891791, "phi_d": 2.65715131046072, "phi_s": 1.8247126549369264, "s_cf": 1.014162205373963}, "datetime": {"datetime": "2022-08-22 09:46:28", "elapsed": 5809.087936, "delta": 14.380151}}
{"target": -0.5243900922179581, "params": {"beta_enc": 0.5807024651731442, "beta_rec": 0.9519211231129115, "epsilon_d": 1.9805399111794129, "gamma_cf": 0.43691675294331206, "gamma_fc": 0.0650429863490522, "k": 5.995832441460152, "phi_d": 2.553227267964168, "phi_s": 4.924840675164546, "s_cf": 1.2550332976459058}, "datetime": {"datetime": "2022-08-22 09:46:41", "elapsed": 5822.919387, "delta": 13.831451}}
{"target": -0.5677085976839219, "params": {"beta_enc": 0.5640504129254338, "beta_rec": 0.9399432388870006, "epsilon_d": 1.1492704302457222, "gamma_cf": 0.38138623186039, "gamma_fc": 0.4139076154609861, "k": 6.236838864447308, "phi_d": 1.9854416596164557, "phi_s": 4.746109690707775, "s_cf": 0.7500727130157561}, "datetime": {"datetime": "2022-08-22 09:46:53", "elapsed": 5834.614648, "delta": 11.695261}}
{"target": -0.3167636050236718, "params": {"beta_enc": 0.85, "beta_rec": 0.75, "epsilon_d": 1.6189536287636555, "gamma_cf": 0.5, "gamma_fc": 0.4081551277760677, "k": 5.051227036376812, "phi_d": 2.089329992900032, "phi_s": 3.3095522977718748, "s_cf": 1.2523253914757664}, "datetime": {"datetime": "2022-08-22 09:47:09", "elapsed": 5850.247809, "delta": 15.633161}}
{"target": -0.4429333524797121, "params": {"beta_enc": 0.8319712491305492, "beta_rec": 0.75, "epsilon_d": 1.4644434336236054, "gamma_cf": 0.41014036432962214, "gamma_fc": 0.20105672770758315, "k": 7.4554622015854575, "phi_d": 1.3237589792089115, "phi_s": 4.27785962313996, "s_cf": 1.4269363931990928}, "datetime": {"datetime": "2022-08-22 09:47:24", "elapsed": 5865.57831, "delta": 15.330501}}
{"target": -0.2734967024141701, "params": {"beta_enc": 0.85, "beta_rec": 0.8552320555281028, "epsilon_d": 1.7169299187812384, "gamma_cf": 0.3442096090649841, "gamma_fc": 0.30583192792151465, "k": 5.79583272847496, "phi_d": 2.4547692312096148, "phi_s": 4.739539700765253, "s_cf": 1.0815083775163097}, "datetime": {"datetime": "2022-08-22 09:47:40", "elapsed": 5881.115277, "delta": 15.536967}}
{"target": -0.2725712488882599, "params": {"beta_enc": 0.85, "beta_rec": 0.9210106496389673, "epsilon_d": 1.769497354281159, "gamma_cf": 0.3060782966052074, "gamma_fc": 0.21491837937117858, "k": 5.813298583913393, "phi_d": 2.405033774232073, "phi_s": 4.646494174832987, "s_cf": 1.119621306746209}, "datetime": {"datetime": "2022-08-22 09:47:56", "elapsed": 5897.357212, "delta": 16.241935}}
{"target": -0.35899767627416307, "params": {"beta_enc": 0.85, "beta_rec": 0.7746224885113348, "epsilon_d": 1.7308567128732766, "gamma_cf": 0.5, "gamma_fc": 0.3737817443725028, "k": 5.096966399416055, "phi_d": 2.441576270224504, "phi_s": 2.5151689024833512, "s_cf": 1.1876377380246765}, "datetime": {"datetime": "2022-08-22 09:48:12", "elapsed": 5913.947972, "delta": 16.59076}}
{"target": -0.27422215789753496, "params": {"beta_enc": 0.85, "beta_rec": 0.9237694732761679, "epsilon_d": 1.6858160437050436, "gamma_cf": 0.27477758482571873, "gamma_fc": 0.24233489999298458, "k": 5.80274513426297, "phi_d": 2.5278833766056175, "phi_s": 4.742886122642737, "s_cf": 1.115134722743587}, "datetime": {"datetime": "2022-08-22 09:48:28", "elapsed": 5929.503099, "delta": 15.555127}}
{"target": -0.2491520614354775, "params": {"beta_enc": 0.85, "beta_rec": 0.7509975615979679, "epsilon_d": 1.951147060416594, "gamma_cf": 0.2986935667957834, "gamma_fc": 0.3106242091043654, "k": 6.588641205170314, "phi_d": 2.674713550239122, "phi_s": 3.8277959376246127, "s_cf": 1.1478007017461938}, "datetime": {"datetime": "2022-08-22 09:48:44", "elapsed": 5945.769181, "delta": 16.266082}}
{"target": -0.26245712599356535, "params": {"beta_enc": 0.85, "beta_rec": 0.75, "epsilon_d": 2.0202268489955713, "gamma_cf": 0.3367023802464913, "gamma_fc": 0.27875435037137664, "k": 6.510726785291586, "phi_d": 2.624124991890331, "phi_s": 3.910563659461947, "s_cf": 1.177588291503069}, "datetime": {"datetime": "2022-08-22 09:49:01", "elapsed": 5962.548155, "delta": 16.778974}}
{"target": -0.2984122805514772, "params": {"beta_enc": 0.85, "beta_rec": 0.75, "epsilon_d": 1.869641078800509, "gamma_cf": 0.33397951192133063, "gamma_fc": 0.3863506670504137, "k": 6.59473931567114, "phi_d": 2.689631886209967, "phi_s": 3.758344675747183, "s_cf": 1.1633768624647327}, "datetime": {"datetime": "2022-08-22 09:49:17", "elapsed": 5978.833656, "delta": 16.285501}}
{"target": -0.3016401246768713, "params": {"beta_enc": 0.85, "beta_rec": 0.7544538669861962, "epsilon_d": 1.9882128495908982, "gamma_cf": 0.2560772389234589, "gamma_fc": 0.2583743060893774, "k": 6.612904131148114, "phi_d": 2.6812454801797694, "phi_s": 3.8522301219256856, "s_cf": 1.1242465042968492}, "datetime": {"datetime": "2022-08-22 09:49:34", "elapsed": 5995.547516, "delta": 16.71386}}
{"target": -0.261043020723949, "params": {"beta_enc": 0.85, "beta_rec": 0.8232836535604535, "epsilon_d": 1.7256768719657734, "gamma_cf": 0.335606822174879, "gamma_fc": 0.2544815097413127, "k": 5.864396243798736, "phi_d": 2.495581819570832, "phi_s": 4.648701923805032, "s_cf": 1.1442185964936598}, "datetime": {"datetime": "2022-08-22 09:49:50", "elapsed": 6011.950028, "delta": 16.402512}}
{"target": -0.3250585844691584, "params": {"beta_enc": 0.85, "beta_rec": 0.75, "epsilon_d": 1.4547745738269928, "gamma_cf": 0.5, "gamma_fc": 0.38768560289009535, "k": 4.8480241025627775, "phi_d": 2.198532349394548, "phi_s": 3.3413538774011635, "s_cf": 1.3119481185025155}, "datetime": {"datetime": "2022-08-22 09:50:06", "elapsed": 6027.144899, "delta": 15.194871}}
{"target": -0.2596499400860628, "params": {"beta_enc": 0.8470318194501858, "beta_rec": 0.751369915254997, "epsilon_d": 1.959473772364707, "gamma_cf": 0.33654493352142373, "gamma_fc": 0.3252526141981186, "k": 6.549417070360613, "phi_d": 2.6514342063399265, "phi_s": 3.845643209887367, "s_cf": 1.169781188010559}, "datetime": {"datetime": "2022-08-22 09:50:22", "elapsed": 6043.545078, "delta": 16.400179}}
{"target": -0.2788778863934606, "params": {"beta_enc": 0.85, "beta_rec": 0.75, "epsilon_d": 2.113557144072339, "gamma_cf": 0.3668552029143952, "gamma_fc": 0.24785071372981676, "k": 6.367593167573984, "phi_d": 2.5325380428367397, "phi_s": 4.028813746279455, "s_cf": 1.2400610932819531}, "datetime": {"datetime": "2022-08-22 09:50:40", "elapsed": 6061.663837, "delta": 18.118759}}
{"target": -0.30219046426403556, "params": {"beta_enc": 0.85, "beta_rec": 0.9966096105281407, "epsilon_d": 1.9647283536922662, "gamma_cf": 0.34202864781189657, "gamma_fc": 0.24167372006911453, "k": 4.849859263375692, "phi_d": 1.3182694621714273, "phi_s": 2.207454495900168, "s_cf": 0.7781281489486492}, "datetime": {"datetime": "2022-08-22 09:50:58", "elapsed": 6079.183172, "delta": 17.519335}}
{"target": -0.2989680092159118, "params": {"beta_enc": 0.8154829659718115, "beta_rec": 0.8040514227611636, "epsilon_d": 1.6961715948966238, "gamma_cf": 0.29133026907134246, "gamma_fc": 0.20200403566926478, "k": 5.812408487782737, "phi_d": 2.4389281685202513, "phi_s": 4.7068617538722135, "s_cf": 1.1220482564780319}, "datetime": {"datetime": "2022-08-22 09:51:15", "elapsed": 6096.53331, "delta": 17.350138}}
{"target": -0.2652597028881014, "params": {"beta_enc": 0.8402953946729236, "beta_rec": 0.9216885139598393, "epsilon_d": 1.7236687586373833, "gamma_cf": 0.34993600601141545, "gamma_fc": 0.2997026039263929, "k": 5.846872321636943, "phi_d": 2.5022904903416325, "phi_s": 4.641738289138804, "s_cf": 1.111211860174178}, "datetime": {"datetime": "2022-08-22 09:51:33", "elapsed": 6114.31306, "delta": 17.77975}}
{"target": -0.26913256884270453, "params": {"beta_enc": 0.85, "beta_rec": 0.75, "epsilon_d": 1.9184118659172913, "gamma_cf": 0.26405192047259957, "gamma_fc": 0.30928488130427745, "k": 6.549990602926303, "phi_d": 2.6911288824654553, "phi_s": 3.8119866411020893, "s_cf": 1.1696650642038173}, "datetime": {"datetime": "2022-08-22 09:51:50", "elapsed": 6131.860863, "delta": 17.547803}}
{"target": -0.2698473536722273, "params": {"beta_enc": 0.85, "beta_rec": 0.75, "epsilon_d": 1.9291691623479963, "gamma_cf": 0.33473626313456634, "gamma_fc": 0.32870045376427126, "k": 6.619273248164116, "phi_d": 2.680780356365747, "phi_s": 3.8378891643474327, "s_cf": 1.102762458889231}, "datetime": {"datetime": "2022-08-22 09:52:09", "elapsed": 6150.039424, "delta": 18.178561}}
{"target": -0.286748160083379, "params": {"beta_enc": 0.85, "beta_rec": 0.75, "epsilon_d": 1.9766989881980357, "gamma_cf": 0.30409542119171623, "gamma_fc": 0.32386749286745076, "k": 6.612143496192155, "phi_d": 2.65619058650589, "phi_s": 3.7966454154306097, "s_cf": 1.1808063470050356}, "datetime": {"datetime": "2022-08-22 09:52:27", "elapsed": 6168.363634, "delta": 18.32421}}
{"target": -0.25419008546291555, "params": {"beta_enc": 0.85, "beta_rec": 0.7645853122054482, "epsilon_d": 1.9501446014749115, "gamma_cf": 0.3163855918175698, "gamma_fc": 0.304314975788853, "k": 6.5509605736526, "phi_d": 2.6921764377960655, "phi_s": 3.840217725845607, "s_cf": 1.128599827715248}, "datetime": {"datetime": "2022-08-22 09:52:45", "elapsed": 6186.42555, "delta": 18.061916}}
{"target": -0.36493561813827413, "params": {"beta_enc": 0.85, "beta_rec": 0.75, "epsilon_d": 1.8708470563622053, "gamma_cf": 0.5, "gamma_fc": 0.3178577025689718, "k": 5.5978528437390365, "phi_d": 1.9811522853657084, "phi_s": 3.3546932177578626, "s_cf": 1.115442182583823}, "datetime": {"datetime": "2022-08-22 09:53:05", "elapsed": 6206.476492, "delta": 20.050942}}
{"target": -0.2605780317041448, "params": {"beta_enc": 0.85, "beta_rec": 0.75, "epsilon_d": 1.9222445844600424, "gamma_cf": 0.2983754516480149, "gamma_fc": 0.3119817881102872, "k": 6.577342744413735, "phi_d": 2.6585926246358946, "phi_s": 3.8661895286293464, "s_cf": 1.1474646651965823}, "datetime": {"datetime": "2022-08-22 09:53:23", "elapsed": 6223.98586, "delta": 17.509368}}
{"target": -0.27233555448011637, "params": {"beta_enc": 0.8240268113895657, "beta_rec": 0.75, "epsilon_d": 1.9582942213994912, "gamma_cf": 0.3007391058469924, "gamma_fc": 0.32182036722549484, "k": 6.55937103818359, "phi_d": 2.6745485179723056, "phi_s": 3.817563053252171, "s_cf": 1.120064976760926}, "datetime": {"datetime": "2022-08-22 09:53:41", "elapsed": 6242.01431, "delta": 18.02845}}
{"target": -0.2429039161712621, "params": {"beta_enc": 0.85, "beta_rec": 0.8854562514643421, "epsilon_d": 1.7581679757363784, "gamma_cf": 0.3184958378648686, "gamma_fc": 0.28646449106032956, "k": 5.819684495878876, "phi_d": 2.4834012862909276, "phi_s": 4.689193676505721, "s_cf": 1.1812169664758994}, "datetime": {"datetime": "2022-08-22 09:53:58", "elapsed": 6259.316686, "delta": 17.302376}}
{"target": -0.2561396620248438, "params": {"beta_enc": 0.85, "beta_rec": 0.75, "epsilon_d": 1.9397531442681821, "gamma_cf": 0.3364973775579574, "gamma_fc": 0.2861093990540065, "k": 6.582207717075258, "phi_d": 2.717258194026996, "phi_s": 3.8384514958099594, "s_cf": 1.1709813148293464}, "datetime": {"datetime": "2022-08-22 09:54:14", "elapsed": 6275.750526, "delta": 16.43384}}
{"target": -0.2955023418221745, "params": {"beta_enc": 0.85, "beta_rec": 0.8907459783177012, "epsilon_d": 1.7437704256392246, "gamma_cf": 0.37470188202453536, "gamma_fc": 0.25531092656805293, "k": 5.7877642485745575, "phi_d": 2.4934633610242627, "phi_s": 4.687711522523858, "s_cf": 1.188497195903947}, "datetime": {"datetime": "2022-08-22 09:54:31", "elapsed": 6292.378728, "delta": 16.628202}}
{"target": -0.2713852475290321, "params": {"beta_enc": 0.8414171802340323, "beta_rec": 0.8484547728030482, "epsilon_d": 1.8213739010615324, "gamma_cf": 0.3405466737414048, "gamma_fc": 0.3649755249515283, "k": 5.987251437211484, "phi_d": 2.69253155394901, "phi_s": 4.675497489458647, "s_cf": 1.182178538822643}, "datetime": {"datetime": "2022-08-22 09:54:48", "elapsed": 6309.576985, "delta": 17.198257}}
{"target": -0.29379892235415794, "params": {"beta_enc": 0.7488875707763036, "beta_rec": 0.8120236351206207, "epsilon_d": 2.045664040027297, "gamma_cf": 0.2644158147109297, "gamma_fc": 0.2157714035981535, "k": 7.698725893710134, "phi_d": 1.7864491122279793, "phi_s": 4.449745468595437, "s_cf": 0.975670478231179}, "datetime": {"datetime": "2022-08-22 09:55:06", "elapsed": 6327.138483, "delta": 17.561498}}
