{"target": -0.4802668340435443, "params": {"beta_enc": 0.8438673414757154, "beta_rec": 0.7930193329572239, "epsilon_d": 2.8125207919233635, "gamma_cf": 0.40355495083305304, "gamma_fc": 0.40006984219349384, "k": 5.075744231140259, "phi_d": 1.4383076115145161, "phi_s": 2.715202771656355, "s_cf": 1.3870283255479912}, "datetime": {"datetime": "2022-08-22 09:03:28", "elapsed": 3229.404961, "delta": 15.520375}}
{"target": -0.549724826919051, "params": {"beta_enc": 0.6576328748651021, "beta_rec": 0.9838550285017654, "epsilon_d": 1.705358654503476, "gamma_cf": 0.30969608284837985, "gamma_fc": 0.4903495181778901, "k": 6.573850088963219, "phi_d": 1.0909964320812076, "phi_s": 2.8542283638068473, "s_cf": 1.0010635077852479}, "datetime": {"datetime": "2022-08-22 09:03:42", "elapsed": 3243.082996, "delta": 13.678035}}
{"target": -0.3800479288861121, "params": {"beta_enc": 0.6862635419825861, "beta_rec": 0.8211865521532828, "epsilon_d": 1.2445224604600056, "gamma_cf": 0.3341444943754009, "gamma_fc": 0.34067987744565315, "k": 7.468557199996354, "phi_d": 1.2647629871254749, "phi_s": 4.194481233112124, "s_cf": 1.3700765538038469}, "datetime": {"datetime": "2022-08-22 09:03:54", "elapsed": 3255.267482, "delta": 12.184486}}
{"target": -0.4415811649436325, "params": {"beta_enc": 0.7262924775129032, "beta_rec": 0.8012305364451584, "epsilon_d": 1.5228414288116758, "gamma_cf": 0.20924840876958783, "gamma_fc": 0.27089953639136566, "k": 5.909751822368868, "phi_d": 1.9349197840907388, "phi_s": 4.35936284079067, "s_cf": 1.4025767739806758}, "datetime": {"datetime": "2022-08-22 09:04:07", "elapsed": 3268.165917, "delta": 12.898435}}
{"target": -0.590476165493467, "params": {"beta_enc": 0.7858638875318683, "beta_rec": 0.9694503546586749, "epsilon_d": 2.142017523874146, "gamma_cf": 0.4820180666695409, "gamma_fc": 0.30327217412523383, "k": 6.415790964318726, "phi_d": 1.6385954741492377, "phi_s": 3.724816736468076, "s_cf": 0.7889742663790207}, "datetime": {"datetime": "2022-08-22 09:04:21", "elapsed": 3282.362836, "delta": 14.196919}}
{"target": -0.6474808204581883, "params": {"beta_enc": 0.5470912473541798, "beta_rec": 0.7825605418931912, "epsilon_d": 2.3104025744494714, "gamma_cf": 0.08766629588566915, "gamma_fc": 0.1705734116257736, "k": 4.177246623332419, "phi_d": 1.4674687202330212, "phi_s": 4.856897299397176, "s_cf": 1.1318545518872758}, "datetime": {"datetime": "2022-08-22 09:04:35", "elapsed": 3296.688637, "delta": 14.325801}}
{"target": -0.6781971122548023, "params": {"beta_enc": 0.5528760814650012, "beta_rec": 0.8807521329336161, "epsilon_d": 2.8870187678221617, "gamma_cf": 0.432843007003167, "gamma_fc": 0.19603293446519343, "k": 5.13547006389361, "phi_d": 2.5234597253854836, "phi_s": 1.9619372992123512, "s_cf": 0.9406742659930143}, "datetime": {"datetime": "2022-08-22 09:04:51", "elapsed": 3312.563958, "delta": 15.875321}}
{"target": -0.5363153458145616, "params": {"beta_enc": 0.5294302239629753, "beta_rec": 0.9660360236910067, "epsilon_d": 1.8957978312405597, "gamma_cf": 0.2808931303049868, "gamma_fc": 0.36835547884675995, "k": 7.185955468524782, "phi_d": 1.8950162779806277, "phi_s": 1.7365102247031934, "s_cf": 1.3715496386462265}, "datetime": {"datetime": "2022-08-22 09:05:05", "elapsed": 3326.791306, "delta": 14.227348}}
{"target": -0.5712899698599534, "params": {"beta_enc": 0.5108492859398895, "beta_rec": 0.986682067401988, "epsilon_d": 2.1539556929550034, "gamma_cf": 0.4376943692253435, "gamma_fc": 0.30428271848677935, "k": 5.006638336609295, "phi_d": 1.5922598469918088, "phi_s": 3.131690236126613, "s_cf": 1.47155865963532}, "datetime": {"datetime": "2022-08-22 09:05:20", "elapsed": 3341.755153, "delta": 14.963847}}
{"target": -0.4548903696829921, "params": {"beta_enc": 0.5645734615715622, "beta_rec": 0.8774745945357773, "epsilon_d": 1.6875762068736888, "gamma_cf": 0.38486267247859285, "gamma_fc": 0.401433243216212, "k": 5.6982396412088665, "phi_d": 1.4082449999886717, "phi_s": 1.2683578413154213, "s_cf": 0.8989861983154211}, "datetime": {"datetime": "2022-08-22 09:05:34", "elapsed": 3355.560091, "delta": 13.804938}}
{"target": -0.8234992358191882, "params": {"beta_enc": 0.5953402975452837, "beta_rec": 0.8996972294773026, "epsilon_d": 2.7461669945488714, "gamma_cf": 0.06411546942274315, "gamma_fc": 0.479094370857448, "k": 6.7326833754165865, "phi_d": 2.4839284713567604, "phi_s": 4.931523143683963, "s_cf": 1.0620755794636065}, "datetime": {"datetime": "2022-08-22 09:05:49", "elapsed": 3370.91484, "delta": 15.354749}}
{"target": -0.5373865225030406, "params": {"beta_enc": 0.6860542130635656, "beta_rec": 0.9198032375489297, "epsilon_d": 2.0257502851799827, "gamma_cf": 0.1495561723304178, "gamma_fc": 0.05269233636501963, "k": 5.139728582888579, "phi_d": 2.537705696575516, "phi_s": 3.5631308178073846, "s_cf": 1.3509980274023943}, "datetime": {"datetime": "2022-08-22 09:06:03", "elapsed": 3384.149517, "delta": 13.234677}}
{"target": -0.47076923559409706, "params": {"beta_enc": 0.6809921861896493, "beta_rec": 0.8080250054615837, "epsilon_d": 2.2559238539638056, "gamma_cf": 0.15200274501115157, "gamma_fc": 0.014764372471010478, "k": 7.613324707267502, "phi_d": 1.8407391376055702, "phi_s": 2.704523121698849, "s_cf": 1.3059388014988942}, "datetime": {"datetime": "2022-08-22 09:06:16", "elapsed": 3397.010712, "delta": 12.861195}}
{"target": -0.5703264095627182, "params": {"beta_enc": 0.8319604415070277, "beta_rec": 0.7681288820113659, "epsilon_d": 1.3454021762645498, "gamma_cf": 0.16117874456635534, "gamma_fc": 0.1242121231650995, "k": 5.981979925444772, "phi_d": 2.648919221595367, "phi_s": 4.415889659768704, "s_cf": 1.196872456544026}, "datetime": {"datetime": "2022-08-22 09:06:28", "elapsed": 3409.937735, "delta": 12.927023}}
{"target": -0.5681715095585312, "params": {"beta_enc": 0.5840608068408734, "beta_rec": 0.7966231720681713, "epsilon_d": 2.486781024804078, "gamma_cf": 0.11860702882177382, "gamma_fc": 0.26974544546327484, "k": 6.997123148508767, "phi_d": 1.456498209230772, "phi_s": 1.698004750290976, "s_cf": 0.7798017649318885}, "datetime": {"datetime": "2022-08-22 09:06:43", "elapsed": 3424.501263, "delta": 14.563528}}
{"target": -0.8347880676633694, "params": {"beta_enc": 0.5516490931949817, "beta_rec": 0.9628597267367477, "epsilon_d": 1.2092718234899171, "gamma_cf": 0.1118225227636589, "gamma_fc": 0.016378599872988564, "k": 6.705426541805114, "phi_d": 1.4634062829294392, "phi_s": 2.654366871207057, "s_cf": 0.854475878492795}, "datetime": {"datetime": "2022-08-22 09:06:53", "elapsed": 3434.956027, "delta": 10.454764}}
{"target": -0.47360034099626586, "params": {"beta_enc": 0.6320260506640273, "beta_rec": 0.8561093665599038, "epsilon_d": 1.9459299037200262, "gamma_cf": 0.21142090651930656, "gamma_fc": 0.05137828193708216, "k": 7.090321066526176, "phi_d": 1.2744120069798228, "phi_s": 2.697169497303248, "s_cf": 0.9539670843395847}, "datetime": {"datetime": "2022-08-22 09:07:06", "elapsed": 3447.601079, "delta": 12.645052}}
{"target": -0.6094898948418083, "params": {"beta_enc": 0.6053527800779672, "beta_rec": 0.9181051931466081, "epsilon_d": 2.0355734476268292, "gamma_cf": 0.09504352523997028, "gamma_fc": 0.23456721991668855, "k": 5.358163475185214, "phi_d": 2.408994396496252, "phi_s": 1.904380809730196, "s_cf": 1.383741103018759}, "datetime": {"datetime": "2022-08-22 09:07:20", "elapsed": 3461.263209, "delta": 13.66213}}
{"target": -0.5407796517528463, "params": {"beta_enc": 0.6841803827120706, "beta_rec": 0.8751548932307722, "epsilon_d": 1.5073716137753603, "gamma_cf": 0.09307783486833199, "gamma_fc": 0.2359095313687984, "k": 7.927297671301029, "phi_d": 1.2658124753236542, "phi_s": 2.1338497297122285, "s_cf": 1.350480880712592}, "datetime": {"datetime": "2022-08-22 09:07:32", "elapsed": 3473.506485, "delta": 12.243276}}
{"target": -0.3581569306723379, "params": {"beta_enc": 0.7326719144787642, "beta_rec": 0.8196896021733593, "epsilon_d": 1.6292952135502237, "gamma_cf": 0.20997412720096453, "gamma_fc": 0.30139338112114805, "k": 6.877355068884302, "phi_d": 2.714600666902461, "phi_s": 3.724445881833639, "s_cf": 0.9277365483537737}, "datetime": {"datetime": "2022-08-22 09:07:45", "elapsed": 3486.469176, "delta": 12.962691}}
{"target": -0.5075420234475368, "params": {"beta_enc": 0.824002187367691, "beta_rec": 0.9452988501689416, "epsilon_d": 1.6147629608556886, "gamma_cf": 0.1524828208210316, "gamma_fc": 0.4405841592144523, "k": 4.504313921588794, "phi_d": 2.2669216684714515, "phi_s": 2.110850929893697, "s_cf": 1.3704002438544798}, "datetime": {"datetime": "2022-08-22 09:07:58", "elapsed": 3499.82611, "delta": 13.356934}}
{"target": -0.5335751152826671, "params": {"beta_enc": 0.6275832066445609, "beta_rec": 0.9333415236172085, "epsilon_d": 1.3848357808274776, "gamma_cf": 0.2407229487703697, "gamma_fc": 0.4017973132155136, "k": 5.587952846689496, "phi_d": 1.3231480797121797, "phi_s": 3.5959288905945894, "s_cf": 1.3149943544207943}, "datetime": {"datetime": "2022-08-22 09:08:11", "elapsed": 3512.602079, "delta": 12.775969}}
{"target": -0.5612829900577383, "params": {"beta_enc": 0.5980674223805827, "beta_rec": 0.8628404653081004, "epsilon_d": 2.8008978247721306, "gamma_cf": 0.4359928155954592, "gamma_fc": 0.35359380489209113, "k": 6.3636023979616265, "phi_d": 2.6347645407942513, "phi_s": 4.630578584399355, "s_cf": 0.7518806697509424}, "datetime": {"datetime": "2022-08-22 09:08:26", "elapsed": 3527.863133, "delta": 15.261054}}
{"target": -0.6182069286704073, "params": {"beta_enc": 0.6390297181818166, "beta_rec": 0.8903524209296204, "epsilon_d": 2.467846272569753, "gamma_cf": 0.04373638109252176, "gamma_fc": 0.19987749384043224, "k": 5.1184847177993955, "phi_d": 1.847020106210366, "phi_s": 2.9919145306931534, "s_cf": 1.2450114176445384}, "datetime": {"datetime": "2022-08-22 09:08:41", "elapsed": 3542.083969, "delta": 14.220836}}
{"target": -0.5127009840581673, "params": {"beta_enc": 0.6736826486395977, "beta_rec": 0.9051170501512976, "epsilon_d": 2.164879723778445, "gamma_cf": 0.21416619901942818, "gamma_fc": 0.0024881823556326954, "k": 4.778065655438407, "phi_d": 1.6404133085725776, "phi_s": 1.5879125034197252, "s_cf": 1.1989979112048268}, "datetime": {"datetime": "2022-08-22 09:08:54", "elapsed": 3555.313992, "delta": 13.230023}}
{"target": -0.5235405962799574, "params": {"beta_enc": 0.7140248168308608, "beta_rec": 0.8750233148992324, "epsilon_d": 1.641697803201729, "gamma_cf": 0.3266290260122272, "gamma_fc": 0.09514174133952186, "k": 4.0235239257785125, "phi_d": 2.469884037367923, "phi_s": 2.7740153676157404, "s_cf": 1.2733812420373862}, "datetime": {"datetime": "2022-08-22 09:09:07", "elapsed": 3568.096091, "delta": 12.782099}}
{"target": -0.547944867208878, "params": {"beta_enc": 0.5647651723729415, "beta_rec": 0.7656549504959789, "epsilon_d": 1.7562171735660426, "gamma_cf": 0.347998255222747, "gamma_fc": 0.051409183727157914, "k": 4.783336934699969, "phi_d": 1.9079053008130398, "phi_s": 3.4845967587745843, "s_cf": 1.3125931860517388}, "datetime": {"datetime": "2022-08-22 09:09:20", "elapsed": 3581.21933, "delta": 13.123239}}
{"target": -0.5540014587396372, "params": {"beta_enc": 0.5384072574499799, "beta_rec": 0.9061559017889103, "epsilon_d": 1.7747210442889616, "gamma_cf": 0.3350451843739035, "gamma_fc": 0.1017801888309508, "k": 6.1116751901229245, "phi_d": 1.3443251099118654, "phi_s": 1.0747240239855014, "s_cf": 1.1152126848179678}, "datetime": {"datetime": "2022-08-22 09:09:33", "elapsed": 3594.354227, "delta": 13.134897}}
{"target": -0.4578548689168705, "params": {"beta_enc": 0.5644622217963126, "beta_rec": 0.9095858325008469, "epsilon_d": 2.073149638680866, "gamma_cf": 0.38747268999887285, "gamma_fc": 0.1964799513171016, "k": 7.957808523345012, "phi_d": 2.030429392324147, "phi_s": 2.915293604741887, "s_cf": 1.3120818530641272}, "datetime": {"datetime": "2022-08-22 09:09:47", "elapsed": 3608.450688, "delta": 14.096461}}
{"target": -0.5634219928842473, "params": {"beta_enc": 0.7004409026523454, "beta_rec": 0.8406163293250064, "epsilon_d": 1.9784895709202843, "gamma_cf": 0.09456918746942489, "gamma_fc": 0.19679170714843097, "k": 4.119847010096194, "phi_d": 1.9250581206844057, "phi_s": 2.0978964512142833, "s_cf": 1.1450368952689618}, "datetime": {"datetime": "2022-08-22 09:10:00", "elapsed": 3621.912259, "delta": 13.461571}}
{"target": -0.5924369861050907, "params": {"beta_enc": 0.5102452424910894, "beta_rec": 0.8887716916305436, "epsilon_d": 1.5859957672567144, "gamma_cf": 0.2887453405067737, "gamma_fc": 0.36638492663068334, "k": 5.761351307185751, "phi_d": 2.326313645763931, "phi_s": 1.9556398194808482, "s_cf": 1.49894931643986}, "datetime": {"datetime": "2022-08-22 09:10:14", "elapsed": 3635.418026, "delta": 13.505767}}
{"target": -0.541812795491025, "params": {"beta_enc": 0.5850074825669186, "beta_rec": 0.9852071035953812, "epsilon_d": 1.4344395007820359, "gamma_cf": 0.24878219230253373, "gamma_fc": 0.4105884824463679, "k": 6.866352187178936, "phi_d": 2.411160824241338, "phi_s": 2.761762239902872, "s_cf": 1.3156312690913694}, "datetime": {"datetime": "2022-08-22 09:10:27", "elapsed": 3648.367203, "delta": 12.949177}}
{"target": -0.42793209198094984, "params": {"beta_enc": 0.8219837519552006, "beta_rec": 0.8603379363289595, "epsilon_d": 2.0559309683094016, "gamma_cf": 0.03301779200831867, "gamma_fc": 0.19538653683534635, "k": 5.868954265332984, "phi_d": 2.790275421607147, "phi_s": 1.442229761021765, "s_cf": 1.298353202399225}, "datetime": {"datetime": "2022-08-22 09:10:40", "elapsed": 3661.683512, "delta": 13.316309}}
{"target": -0.7734956699062822, "params": {"beta_enc": 0.6909149089920518, "beta_rec": 0.9016338576291358, "epsilon_d": 1.0595658882591206, "gamma_cf": 0.07337368988038978, "gamma_fc": 0.14199161273309258, "k": 4.019488191814425, "phi_d": 2.3383155955942736, "phi_s": 4.481031795690393, "s_cf": 1.1602262319534307}, "datetime": {"datetime": "2022-08-22 09:10:51", "elapsed": 3672.793428, "delta": 11.109916}}
{"target": -0.412360792471694, "params": {"beta_enc": 0.6901074166317214, "beta_rec": 0.9039314821532594, "epsilon_d": 1.6043630008316083, "gamma_cf": 0.18336599083047084, "gamma_fc": 0.28746986363888327, "k": 7.236866334869378, "phi_d": 1.4031932688163422, "phi_s": 2.3100962233931566, "s_cf": 1.3071909377922728}, "datetime": {"datetime": "2022-08-22 09:11:04", "elapsed": 3685.786108, "delta": 12.99268}}
{"target": -0.616933532332957, "params": {"beta_enc": 0.6193220871963198, "beta_rec": 0.7619027321766387, "epsilon_d": 1.3127138573525032, "gamma_cf": 0.0969324298297734, "gamma_fc": 0.2475561812805891, "k": 6.540499844365353, "phi_d": 2.760439954437166, "phi_s": 4.610146225688981, "s_cf": 0.9803705763638213}, "datetime": {"datetime": "2022-08-22 09:11:16", "elapsed": 3697.616504, "delta": 11.830396}}
{"target": -0.4926161590502119, "params": {"beta_enc": 0.7636830255939551, "beta_rec": 0.8206070076397431, "epsilon_d": 1.7371537395305519, "gamma_cf": 0.1463632810465651, "gamma_fc": 0.20684536809955067, "k": 4.858862782673523, "phi_d": 1.637972012940378, "phi_s": 1.4876792555603506, "s_cf": 1.4722636796966508}, "datetime": {"datetime": "2022-08-22 09:11:29", "elapsed": 3710.574839, "delta": 12.958335}}
{"target": -0.55822719234423, "params": {"beta_enc": 0.676394053289574, "beta_rec": 0.9807751706471659, "epsilon_d": 2.492320281546842, "gamma_cf": 0.2288526438402096, "gamma_fc": 0.37731111265406586, "k": 6.512092314427703, "phi_d": 1.6075168683037373, "phi_s": 3.0866372536530875, "s_cf": 1.2842341467355718}, "datetime": {"datetime": "2022-08-22 09:11:44", "elapsed": 3725.517921, "delta": 14.943082}}
{"target": -0.44521266445881225, "params": {"beta_enc": 0.6068597360069073, "beta_rec": 0.7531307092216183, "epsilon_d": 1.5365256582718727, "gamma_cf": 0.39837273779504206, "gamma_fc": 0.46499654448175065, "k": 6.501324619613021, "phi_d": 1.265614969160822, "phi_s": 4.030281436989685, "s_cf": 1.145179009535508}, "datetime": {"datetime": "2022-08-22 09:11:57", "elapsed": 3738.64387, "delta": 13.125949}}
{"target": -0.5843476056781465, "params": {"beta_enc": 0.7638541750674246, "beta_rec": 0.9646529257675032, "epsilon_d": 2.8950831022036487, "gamma_cf": 0.32726876731141574, "gamma_fc": 0.4271291049213233, "k": 6.970352230786187, "phi_d": 2.4542023768073538, "phi_s": 4.435163025067859, "s_cf": 1.4422522805652491}, "datetime": {"datetime": "2022-08-22 09:12:13", "elapsed": 3754.07881, "delta": 15.43494}}
{"target": -0.4541696187814427, "params": {"beta_enc": 0.8157266005336956, "beta_rec": 0.8489375653912952, "epsilon_d": 1.1680425595974504, "gamma_cf": 0.41478685922907454, "gamma_fc": 0.26946577665381716, "k": 6.168304618956492, "phi_d": 2.650350661132839, "phi_s": 1.1279367375030955, "s_cf": 1.4084703140438677}, "datetime": {"datetime": "2022-08-22 09:12:24", "elapsed": 3765.873443, "delta": 11.794633}}
{"target": -0.5869630971803315, "params": {"beta_enc": 0.5121219004682022, "beta_rec": 0.923298639594597, "epsilon_d": 2.174968958700818, "gamma_cf": 0.32087459041679833, "gamma_fc": 0.18704009386912807, "k": 5.101848106600416, "phi_d": 2.0188171628775247, "phi_s": 4.543292468598886, "s_cf": 1.1739672527741762}, "datetime": {"datetime": "2022-08-22 09:12:39", "elapsed": 3780.277718, "delta": 14.404275}}
{"target": -0.5115672129666653, "params": {"beta_enc": 0.7321021120125109, "beta_rec": 0.8603448077383752, "epsilon_d": 2.9442781742429043, "gamma_cf": 0.3712612261758549, "gamma_fc": 0.1774512554253867, "k": 6.614124130654638, "phi_d": 2.085232823743441, "phi_s": 4.536224849514744, "s_cf": 0.9562905382990587}, "datetime": {"datetime": "2022-08-22 09:12:54", "elapsed": 3795.506036, "delta": 15.228318}}
{"target": -0.5053682301478074, "params": {"beta_enc": 0.5378236198103181, "beta_rec": 0.7978180129352925, "epsilon_d": 1.7740924652101717, "gamma_cf": 0.42702989746715725, "gamma_fc": 0.1354224569179583, "k": 6.505435212834735, "phi_d": 2.2471036020911166, "phi_s": 2.6321885413917148, "s_cf": 0.7877513472445888}, "datetime": {"datetime": "2022-08-22 09:13:07", "elapsed": 3808.82378, "delta": 13.317744}}
{"target": -0.5232206033578736, "params": {"beta_enc": 0.7606918555613724, "beta_rec": 0.8239313836059703, "epsilon_d": 1.7969163930980803, "gamma_cf": 0.18861978376525473, "gamma_fc": 0.3318013158355468, "k": 4.345333147260656, "phi_d": 2.0997798409439623, "phi_s": 1.0616872893730234, "s_cf": 1.4872792376545627}, "datetime": {"datetime": "2022-08-22 09:13:21", "elapsed": 3822.395343, "delta": 13.571563}}
{"target": -0.4553925220341008, "params": {"beta_enc": 0.7094495278358052, "beta_rec": 0.8460285569990567, "epsilon_d": 1.2934958614549654, "gamma_cf": 0.34843916321840257, "gamma_fc": 0.45290420835327616, "k": 5.2724350093784675, "phi_d": 2.5329842893124592, "phi_s": 2.1499924081647506, "s_cf": 1.467919006780795}, "datetime": {"datetime": "2022-08-22 09:13:34", "elapsed": 3834.971305, "delta": 12.575962}}
{"target": -0.6779550884463985, "params": {"beta_enc": 0.7458105141781826, "beta_rec": 0.9062538982983303, "epsilon_d": 2.8614694663002957, "gamma_cf": 0.13452119362595927, "gamma_fc": 0.46180787317038036, "k": 6.71233173649593, "phi_d": 2.542725014402924, "phi_s": 3.2865413457398054, "s_cf": 1.375428508124425}, "datetime": {"datetime": "2022-08-22 09:13:49", "elapsed": 3850.324722, "delta": 15.353417}}
{"target": -0.5642822206657571, "params": {"beta_enc": 0.7443986297521519, "beta_rec": 0.7866521754442273, "epsilon_d": 2.22492225725615, "gamma_cf": 0.13966016780816592, "gamma_fc": 0.45793936153365006, "k": 4.792929160840615, "phi_d": 1.5714329907426057, "phi_s": 1.1906188198787158, "s_cf": 1.0856843580379785}, "datetime": {"datetime": "2022-08-22 09:14:04", "elapsed": 3864.967002, "delta": 14.64228}}
{"target": -0.47572008559021944, "params": {"beta_enc": 0.6951557353098892, "beta_rec": 0.8933902706442738, "epsilon_d": 2.8107547599193463, "gamma_cf": 0.17370696640030253, "gamma_fc": 0.22376418979562762, "k": 7.40495065000599, "phi_d": 2.1536586064640497, "phi_s": 3.6159717395109348, "s_cf": 0.9587694977957371}, "datetime": {"datetime": "2022-08-22 09:14:18", "elapsed": 3879.865142, "delta": 14.89814}}
{"target": -0.771427327532087, "params": {"beta_enc": 0.6706149555690472, "beta_rec": 0.905238096895118, "epsilon_d": 1.26678806029048, "gamma_cf": 0.016454358296267235, "gamma_fc": 0.05670550056541307, "k": 5.909844305358613, "phi_d": 1.048053469261617, "phi_s": 3.504835716548887, "s_cf": 0.8231869634820633}, "datetime": {"datetime": "2022-08-22 09:14:29", "elapsed": 3890.441752, "delta": 10.57661}}
{"target": -0.7771201094008113, "params": {"beta_enc": 0.587836538200686, "beta_rec": 0.8566232364640546, "epsilon_d": 1.231653493412498, "gamma_cf": 0.1352759968987332, "gamma_fc": 0.010539836417755633, "k": 7.940182214441878, "phi_d": 2.223147216242821, "phi_s": 2.5134153553409964, "s_cf": 0.7698962633328369}, "datetime": {"datetime": "2022-08-22 09:14:39", "elapsed": 3900.887507, "delta": 10.445755}}
{"target": -0.6337521042015014, "params": {"beta_enc": 0.6364435619312445, "beta_rec": 0.8631396565966085, "epsilon_d": 2.8620063875290054, "gamma_cf": 0.13925208591902832, "gamma_fc": 0.30739094554164953, "k": 6.6606734183287735, "phi_d": 1.3719219395926778, "phi_s": 3.0230533959457273, "s_cf": 1.3398755721449511}, "datetime": {"datetime": "2022-08-22 09:14:55", "elapsed": 3916.067056, "delta": 15.179549}}
{"target": -0.9699042130524308, "params": {"beta_enc": 0.5338026620499448, "beta_rec": 0.9015088245422406, "epsilon_d": 1.0521198653767865, "gamma_cf": 0.003523361905037825, "gamma_fc": 0.029764303570035677, "k": 5.925601836596146, "phi_d": 2.851408217380462, "phi_s": 2.622229536556097, "s_cf": 0.8062744795024056}, "datetime": {"datetime": "2022-08-22 09:15:04", "elapsed": 3925.90804, "delta": 9.840984}}
