{"target": -0.4817200085970095, "params": {"beta_enc": 0.6015338980905991, "beta_rec": 0.7523371444916289, "epsilon_d": 2.1535118699741815, "gamma_cf": 0.1557221070662314, "gamma_fc": 0.2586337992505649, "k": 7.6656234122155915, "phi_d": 1.852949577002792, "phi_s": 1.9895841464095416, "s_cf": 1.0284703209592907}, "datetime": {"datetime": "2022-08-22 08:24:26", "elapsed": 887.543194, "delta": 13.967445}}
{"target": -0.5469612597356301, "params": {"beta_enc": 0.8261513908227892, "beta_rec": 0.9842170953272734, "epsilon_d": 2.6886598971314264, "gamma_cf": 0.46010325715283024, "gamma_fc": 0.11395014497565847, "k": 4.349928838214364, "phi_d": 1.4546194725693775, "phi_s": 2.2575064644562017, "s_cf": 0.8810744072672336}, "datetime": {"datetime": "2022-08-22 08:24:41", "elapsed": 902.417168, "delta": 14.873974}}
{"target": -0.6086161855905319, "params": {"beta_enc": 0.7124829566903612, "beta_rec": 0.8533966037502904, "epsilon_d": 2.632703023654428, "gamma_cf": 0.09256519913451533, "gamma_fc": 0.3509382648781552, "k": 4.961422499396555, "phi_d": 2.1484381776817196, "phi_s": 2.3959503888831555, "s_cf": 0.7927232996121245}, "datetime": {"datetime": "2022-08-22 08:24:56", "elapsed": 917.417753, "delta": 15.000585}}
{"target": -0.5120175996262425, "params": {"beta_enc": 0.5800847848361316, "beta_rec": 0.9160256388386984, "epsilon_d": 1.9945001867210626, "gamma_cf": 0.2595079920368394, "gamma_fc": 0.08736007505446125, "k": 6.282863406185026, "phi_d": 2.99350685041642, "phi_s": 4.267340435166488, "s_cf": 1.1957794678732334}, "datetime": {"datetime": "2022-08-22 08:25:09", "elapsed": 930.718706, "delta": 13.300953}}
{"target": -0.5671382703163473, "params": {"beta_enc": 0.8415961739158166, "beta_rec": 0.9753906461673303, "epsilon_d": 2.1912158672052913, "gamma_cf": 0.016213162657228553, "gamma_fc": 0.046788547908740374, "k": 4.2614868601689055, "phi_d": 1.9034662973829506, "phi_s": 2.501739332671431, "s_cf": 1.4815125257027149}, "datetime": {"datetime": "2022-08-22 08:25:23", "elapsed": 944.049995, "delta": 13.331289}}
{"target": -0.5829902036357268, "params": {"beta_enc": 0.5587941526198652, "beta_rec": 0.9931968979831638, "epsilon_d": 2.534949737726026, "gamma_cf": 0.4121189198122489, "gamma_fc": 0.31630790838899864, "k": 6.674931080826928, "phi_d": 1.9537646670423867, "phi_s": 1.052545427692289, "s_cf": 1.0147545641563687}, "datetime": {"datetime": "2022-08-22 08:25:38", "elapsed": 959.359234, "delta": 15.309239}}
{"target": -0.5733202871575254, "params": {"beta_enc": 0.6722251305227455, "beta_rec": 0.9325228027725261, "epsilon_d": 1.9372566854922184, "gamma_cf": 0.22870245804471584, "gamma_fc": 0.06883137047280158, "k": 4.0435549352139155, "phi_d": 2.5165565209539924, "phi_s": 2.2798113523107135, "s_cf": 1.4882875876451331}, "datetime": {"datetime": "2022-08-22 08:25:51", "elapsed": 972.613499, "delta": 13.254265}}
{"target": -0.5456598241249596, "params": {"beta_enc": 0.5770819791557046, "beta_rec": 0.8346770063704199, "epsilon_d": 2.0477922713322636, "gamma_cf": 0.37744572853026637, "gamma_fc": 0.23192889195014782, "k": 4.499290172446705, "phi_d": 1.625002756984099, "phi_s": 3.0180766788039786, "s_cf": 1.2553867560126508}, "datetime": {"datetime": "2022-08-22 08:26:05", "elapsed": 986.93154, "delta": 14.318041}}
{"target": -0.5590812283979244, "params": {"beta_enc": 0.7695524847092322, "beta_rec": 0.7825839452385885, "epsilon_d": 1.0458302626447635, "gamma_cf": 0.25954116110599473, "gamma_fc": 0.40499435533120814, "k": 4.050415068119506, "phi_d": 2.344939689307468, "phi_s": 3.7472329066279673, "s_cf": 1.0869350651899783}, "datetime": {"datetime": "2022-08-22 08:26:17", "elapsed": 998.606248, "delta": 11.674708}}
{"target": -0.589302028451133, "params": {"beta_enc": 0.820176040359677, "beta_rec": 0.9110902711892482, "epsilon_d": 1.0104796753029317, "gamma_cf": 0.2422142227571878, "gamma_fc": 0.4296589030488, "k": 7.321598280149358, "phi_d": 2.298308394224956, "phi_s": 3.6947936955945266, "s_cf": 1.1838746848419004}, "datetime": {"datetime": "2022-08-22 08:26:29", "elapsed": 1010.010243, "delta": 11.403995}}
{"target": -0.6940484161214833, "params": {"beta_enc": 0.5959419213083983, "beta_rec": 0.8901324976340147, "epsilon_d": 2.343459569634841, "gamma_cf": 0.17621481510820441, "gamma_fc": 0.4279141836269639, "k": 4.780149944034829, "phi_d": 2.494641620663846, "phi_s": 2.1584109847475097, "s_cf": 1.3303494654331365}, "datetime": {"datetime": "2022-08-22 08:26:43", "elapsed": 1024.855534, "delta": 14.845291}}
{"target": -0.5749177150030742, "params": {"beta_enc": 0.6497080652676267, "beta_rec": 0.9519246022780523, "epsilon_d": 1.7070697253359808, "gamma_cf": 0.10684661881479057, "gamma_fc": 0.38364225421088327, "k": 5.234567790522604, "phi_d": 2.466490135452855, "phi_s": 3.9778926123109284, "s_cf": 0.9160475256811508}, "datetime": {"datetime": "2022-08-22 08:26:57", "elapsed": 1038.126009, "delta": 13.270475}}
{"target": -0.7470010821894777, "params": {"beta_enc": 0.574939247887227, "beta_rec": 0.7997369808567667, "epsilon_d": 1.2850366755316893, "gamma_cf": 0.18854129960366706, "gamma_fc": 0.013313942345810736, "k": 4.4436814761369625, "phi_d": 2.349128047526821, "phi_s": 4.199106147589545, "s_cf": 0.8103971453462895}, "datetime": {"datetime": "2022-08-22 08:27:08", "elapsed": 1049.318052, "delta": 11.192043}}
{"target": -0.6484758202234814, "params": {"beta_enc": 0.5810958086700272, "beta_rec": 0.8019064154509536, "epsilon_d": 2.834667126163261, "gamma_cf": 0.35565725906824336, "gamma_fc": 0.27694230552570714, "k": 5.2180719516824805, "phi_d": 2.669708095263597, "phi_s": 2.74122383051808, "s_cf": 1.4425921613390815}, "datetime": {"datetime": "2022-08-22 08:27:23", "elapsed": 1064.715515, "delta": 15.397463}}
{"target": -0.566293257357102, "params": {"beta_enc": 0.7471181315175766, "beta_rec": 0.8695078269913208, "epsilon_d": 1.2524202074987174, "gamma_cf": 0.4880217752338738, "gamma_fc": 0.07991682517204668, "k": 4.81040850087865, "phi_d": 1.8623635103207419, "phi_s": 2.616807623100589, "s_cf": 0.8600636105732206}, "datetime": {"datetime": "2022-08-22 08:27:35", "elapsed": 1076.384583, "delta": 11.669068}}
{"target": -0.37838439117737854, "params": {"beta_enc": 0.7552616217763932, "beta_rec": 0.7971862667192965, "epsilon_d": 2.2877912886233256, "gamma_cf": 0.37715297528814934, "gamma_fc": 0.10536619604166036, "k": 6.40381699243056, "phi_d": 2.497856750491673, "phi_s": 3.5528748424813337, "s_cf": 1.1978454772099867}, "datetime": {"datetime": "2022-08-22 08:27:49", "elapsed": 1090.379758, "delta": 13.995175}}
{"target": -0.7573148909245828, "params": {"beta_enc": 0.6034187999794239, "beta_rec": 0.9329016178103772, "epsilon_d": 2.8906168799998992, "gamma_cf": 0.21278069513077347, "gamma_fc": 0.39109090841570265, "k": 4.224564158647661, "phi_d": 2.670543204979932, "phi_s": 1.7690000672885908, "s_cf": 1.04632265166748}, "datetime": {"datetime": "2022-08-22 08:28:05", "elapsed": 1106.190748, "delta": 15.81099}}
{"target": -0.5971686134124444, "params": {"beta_enc": 0.6050283660738748, "beta_rec": 0.7700259109515123, "epsilon_d": 2.809262005872486, "gamma_cf": 0.18507708877686913, "gamma_fc": 0.26534871923806974, "k": 5.9764650635853, "phi_d": 1.2643222838858763, "phi_s": 1.825816235557732, "s_cf": 0.8071416067742408}, "datetime": {"datetime": "2022-08-22 08:28:20", "elapsed": 1121.373784, "delta": 15.183036}}
{"target": -0.6008461383329256, "params": {"beta_enc": 0.6777725949808506, "beta_rec": 0.8153873879582467, "epsilon_d": 1.7141232177655839, "gamma_cf": 0.05403266434861842, "gamma_fc": 0.3937759198262536, "k": 4.426335507155205, "phi_d": 2.9714176474263754, "phi_s": 1.7086446577536694, "s_cf": 1.179303834325987}, "datetime": {"datetime": "2022-08-22 08:28:33", "elapsed": 1134.736685, "delta": 13.362901}}
{"target": -0.6324328849920307, "params": {"beta_enc": 0.5156958671061809, "beta_rec": 0.9467790724139585, "epsilon_d": 1.379211895636593, "gamma_cf": 0.2639519892040633, "gamma_fc": 0.3700387715795358, "k": 4.599725939669024, "phi_d": 2.1021743483739437, "phi_s": 1.8664688333151176, "s_cf": 1.3193970369878585}, "datetime": {"datetime": "2022-08-22 08:28:46", "elapsed": 1147.593436, "delta": 12.856751}}
{"target": -0.6552824587965814, "params": {"beta_enc": 0.7530203177446748, "beta_rec": 0.7941372585692708, "epsilon_d": 2.723933115334147, "gamma_cf": 0.009887549758172132, "gamma_fc": 0.4301184987115576, "k": 6.235615244643753, "phi_d": 1.8064409442116984, "phi_s": 4.034987724089346, "s_cf": 1.2876967512693525}, "datetime": {"datetime": "2022-08-22 08:29:01", "elapsed": 1162.725951, "delta": 15.132515}}
{"target": -0.6553721655127437, "params": {"beta_enc": 0.8455641611829492, "beta_rec": 0.8195212621532457, "epsilon_d": 1.0075873448186852, "gamma_cf": 0.4669513041574439, "gamma_fc": 0.4289485522689469, "k": 6.915403510077024, "phi_d": 2.033377565843077, "phi_s": 3.827824980995044, "s_cf": 1.3353971676575571}, "datetime": {"datetime": "2022-08-22 08:29:12", "elapsed": 1173.756791, "delta": 11.03084}}
{"target": -0.47583961696421395, "params": {"beta_enc": 0.6312065802379008, "beta_rec": 0.9425806313324894, "epsilon_d": 2.5012486383503507, "gamma_cf": 0.30660560577212986, "gamma_fc": 0.2009329619839187, "k": 6.789232077057363, "phi_d": 1.0062257156503842, "phi_s": 4.099586586898392, "s_cf": 1.422312451842635}, "datetime": {"datetime": "2022-08-22 08:29:31", "elapsed": 1192.216365, "delta": 18.459574}}
{"target": -0.6031205816337049, "params": {"beta_enc": 0.5837604976031266, "beta_rec": 0.7801917960773075, "epsilon_d": 1.4405679755874552, "gamma_cf": 0.15104836564504914, "gamma_fc": 0.4415142542819171, "k": 6.172665720952378, "phi_d": 1.5734232992128612, "phi_s": 1.553418759171786, "s_cf": 0.9676083473284063}, "datetime": {"datetime": "2022-08-22 08:29:47", "elapsed": 1208.379053, "delta": 16.162688}}
{"target": -0.43863545717056684, "params": {"beta_enc": 0.7148548814094384, "beta_rec": 0.8310346324743616, "epsilon_d": 1.914720363381997, "gamma_cf": 0.22205855350830722, "gamma_fc": 0.41406768036575603, "k": 5.7053926169449225, "phi_d": 1.6913976423510046, "phi_s": 3.699886419236421, "s_cf": 0.9161115418001465}, "datetime": {"datetime": "2022-08-22 08:30:04", "elapsed": 1225.75928, "delta": 17.380227}}
{"target": -0.48217703399277756, "params": {"beta_enc": 0.6635360383742939, "beta_rec": 0.8286914218310041, "epsilon_d": 2.2537112043256693, "gamma_cf": 0.4386802373474063, "gamma_fc": 0.22384450007281426, "k": 7.137829675167692, "phi_d": 1.9139314011231008, "phi_s": 3.6249173268685255, "s_cf": 0.8488807312706266}, "datetime": {"datetime": "2022-08-22 08:30:22", "elapsed": 1243.779078, "delta": 18.019798}}
{"target": -0.4494325325994848, "params": {"beta_enc": 0.6515435274386768, "beta_rec": 0.9773279971637342, "epsilon_d": 2.2109580020618695, "gamma_cf": 0.38338729361855106, "gamma_fc": 0.25235030404794717, "k": 5.99222249931203, "phi_d": 2.6857996803857, "phi_s": 1.271227737363815, "s_cf": 1.1799542036622634}, "datetime": {"datetime": "2022-08-22 08:30:40", "elapsed": 1261.843226, "delta": 18.064148}}
{"target": -0.5570168922498772, "params": {"beta_enc": 0.8299669014015323, "beta_rec": 0.8794650120430805, "epsilon_d": 1.388931619055769, "gamma_cf": 0.4239696962217381, "gamma_fc": 0.12581957117792641, "k": 6.802904145930151, "phi_d": 2.0805218807937997, "phi_s": 4.795345153120879, "s_cf": 1.218252526802007}, "datetime": {"datetime": "2022-08-22 08:30:55", "elapsed": 1276.745196, "delta": 14.90197}}
{"target": -0.4855295282761343, "params": {"beta_enc": 0.7932922867167053, "beta_rec": 0.7519832190486307, "epsilon_d": 2.978680112333276, "gamma_cf": 0.038857285166193245, "gamma_fc": 0.1610647568073848, "k": 7.784609581827061, "phi_d": 1.0178782047424901, "phi_s": 4.290920021687742, "s_cf": 1.3959087287750958}, "datetime": {"datetime": "2022-08-22 08:31:13", "elapsed": 1294.733745, "delta": 17.988549}}
{"target": -0.4542610111679789, "params": {"beta_enc": 0.6539407849730003, "beta_rec": 0.8139362984514829, "epsilon_d": 2.605379039266597, "gamma_cf": 0.23893100221611058, "gamma_fc": 0.06716930432784807, "k": 7.711395971300043, "phi_d": 2.791939934013297, "phi_s": 2.9661806000677413, "s_cf": 1.3925268723883442}, "datetime": {"datetime": "2022-08-22 08:31:31", "elapsed": 1312.079286, "delta": 17.345541}}
{"target": -0.43907574102289126, "params": {"beta_enc": 0.6465023090174346, "beta_rec": 0.9208662250415753, "epsilon_d": 1.795981278815845, "gamma_cf": 0.2528710087254052, "gamma_fc": 0.09477585141696365, "k": 7.859955696443656, "phi_d": 1.5884313764885094, "phi_s": 1.4138382244656054, "s_cf": 0.8582365501717861}, "datetime": {"datetime": "2022-08-22 08:31:46", "elapsed": 1327.793317, "delta": 15.714031}}
{"target": -0.5155740923643017, "params": {"beta_enc": 0.504932302967355, "beta_rec": 0.9289864248655986, "epsilon_d": 2.1289966404817484, "gamma_cf": 0.3972891755923761, "gamma_fc": 0.2535399616420682, "k": 7.167284158016615, "phi_d": 2.391528428543679, "phi_s": 4.111393907436701, "s_cf": 1.0548621517328147}, "datetime": {"datetime": "2022-08-22 08:32:04", "elapsed": 1345.684885, "delta": 17.891568}}
{"target": -0.492273886506611, "params": {"beta_enc": 0.7267197216156184, "beta_rec": 0.7949485744232436, "epsilon_d": 1.643639926775808, "gamma_cf": 0.08630231005989625, "gamma_fc": 0.2043186125066312, "k": 4.965674991862395, "phi_d": 1.8138439882587158, "phi_s": 4.900889369749248, "s_cf": 0.9902394943665235}, "datetime": {"datetime": "2022-08-22 08:32:20", "elapsed": 1361.537038, "delta": 15.852153}}
{"target": -0.32488452705114995, "params": {"beta_enc": 0.8438718307412134, "beta_rec": 0.9090765314639959, "epsilon_d": 1.750182036787822, "gamma_cf": 0.4287422495417983, "gamma_fc": 0.3097933696842869, "k": 5.008132320523357, "phi_d": 2.585711355953775, "phi_s": 2.7317540349366523, "s_cf": 1.018133375497831}, "datetime": {"datetime": "2022-08-22 08:32:37", "elapsed": 1378.168246, "delta": 16.631208}}
{"target": -0.43926416825310144, "params": {"beta_enc": 0.6155969277837783, "beta_rec": 0.9243422189032848, "epsilon_d": 1.5373002478124531, "gamma_cf": 0.40413900685269005, "gamma_fc": 0.1476443971999239, "k": 6.176485534341429, "phi_d": 1.9758429836104048, "phi_s": 4.4214256503814795, "s_cf": 1.4162898257965395}, "datetime": {"datetime": "2022-08-22 08:32:53", "elapsed": 1394.169684, "delta": 16.001438}}
{"target": -0.7779767245662023, "params": {"beta_enc": 0.5645345548287184, "beta_rec": 0.8963371147345628, "epsilon_d": 2.7964100920342743, "gamma_cf": 0.22305860951721485, "gamma_fc": 0.4609341527419077, "k": 5.115963561827884, "phi_d": 2.2176623483875915, "phi_s": 3.7298148390672616, "s_cf": 0.921154300012863}, "datetime": {"datetime": "2022-08-22 08:33:12", "elapsed": 1413.511564, "delta": 19.34188}}
{"target": -0.8097605424557184, "params": {"beta_enc": 0.5048186293952008, "beta_rec": 0.854180990592674, "epsilon_d": 2.8769637837134683, "gamma_cf": 0.17151405491520327, "gamma_fc": 0.38987214774129997, "k": 4.698945251309629, "phi_d": 1.6839056726049049, "phi_s": 1.578390883352387, "s_cf": 1.2875781106097821}, "datetime": {"datetime": "2022-08-22 08:33:31", "elapsed": 1432.872916, "delta": 19.361352}}
{"target": -0.44560243280862777, "params": {"beta_enc": 0.744757668293885, "beta_rec": 0.9221243294872297, "epsilon_d": 1.5067920689725993, "gamma_cf": 0.34618006081170444, "gamma_fc": 0.11364877045797478, "k": 5.698596463725359, "phi_d": 1.7438442433353745, "phi_s": 2.421231646480489, "s_cf": 0.7932411054309423}, "datetime": {"datetime": "2022-08-22 08:33:47", "elapsed": 1448.03519, "delta": 15.162274}}
{"target": -0.4427955860624163, "params": {"beta_enc": 0.7210763194030789, "beta_rec": 0.9268291506704249, "epsilon_d": 2.2271773890056714, "gamma_cf": 0.3241563780815623, "gamma_fc": 0.08497035710862888, "k": 4.5977871957554495, "phi_d": 2.0283500870517654, "phi_s": 4.501330905418156, "s_cf": 0.8879650811604165}, "datetime": {"datetime": "2022-08-22 08:34:04", "elapsed": 1465.596945, "delta": 17.561755}}
{"target": -0.5175600780366892, "params": {"beta_enc": 0.661993691547891, "beta_rec": 0.8572330835074757, "epsilon_d": 1.9945783718390326, "gamma_cf": 0.08075538524300596, "gamma_fc": 0.17122032056740527, "k": 5.04752161641408, "phi_d": 2.689053886458958, "phi_s": 4.201328983105607, "s_cf": 1.0699793687011077}, "datetime": {"datetime": "2022-08-22 08:34:20", "elapsed": 1481.071671, "delta": 15.474726}}
{"target": -0.4901316340489929, "params": {"beta_enc": 0.7124554112761636, "beta_rec": 0.786366402566555, "epsilon_d": 2.0192265884351173, "gamma_cf": 0.14847354289345227, "gamma_fc": 0.42982547678460054, "k": 6.68639352362556, "phi_d": 2.266948025244842, "phi_s": 1.499005200276717, "s_cf": 1.1029409096241642}, "datetime": {"datetime": "2022-08-22 08:34:34", "elapsed": 1495.404028, "delta": 14.332357}}
{"target": -0.46308143572626975, "params": {"beta_enc": 0.8453004728554085, "beta_rec": 0.9870747935181663, "epsilon_d": 2.2901712805208874, "gamma_cf": 0.07586243551598681, "gamma_fc": 0.3195634243599525, "k": 6.2626484501757105, "phi_d": 1.937331675322504, "phi_s": 2.7121498778730806, "s_cf": 1.1994523167435225}, "datetime": {"datetime": "2022-08-22 08:34:48", "elapsed": 1509.723478, "delta": 14.31945}}
{"target": -0.7703411498743251, "params": {"beta_enc": 0.7974894609805878, "beta_rec": 0.9377802600929843, "epsilon_d": 2.158721080594466, "gamma_cf": 0.46235209076801403, "gamma_fc": 0.03236999172077443, "k": 7.965386034927237, "phi_d": 1.105989085335979, "phi_s": 1.7979821845542454, "s_cf": 1.0670644962334208}, "datetime": {"datetime": "2022-08-22 08:35:02", "elapsed": 1523.559251, "delta": 13.835773}}
{"target": -0.8327873747628022, "params": {"beta_enc": 0.5376281066648086, "beta_rec": 0.9059176027494255, "epsilon_d": 1.0959851280977346, "gamma_cf": 0.14231194050347107, "gamma_fc": 0.030518340559835544, "k": 6.8140773244203245, "phi_d": 2.336912335178964, "phi_s": 2.514322373002409, "s_cf": 0.891145695022366}, "datetime": {"datetime": "2022-08-22 08:35:12", "elapsed": 1533.907053, "delta": 10.347802}}
{"target": -0.5434510456826063, "params": {"beta_enc": 0.7614516901604809, "beta_rec": 0.8350948226913668, "epsilon_d": 2.590602334811286, "gamma_cf": 0.24395046958981015, "gamma_fc": 0.2628347221754897, "k": 4.113963397966269, "phi_d": 2.288464039758064, "phi_s": 2.4026260097286696, "s_cf": 0.9219037704690493}, "datetime": {"datetime": "2022-08-22 08:35:27", "elapsed": 1548.762998, "delta": 14.855945}}
{"target": -0.48664965928590326, "params": {"beta_enc": 0.6518591816740952, "beta_rec": 0.8456168643177294, "epsilon_d": 1.9395780801727205, "gamma_cf": 0.4897416770899032, "gamma_fc": 0.18218903518411522, "k": 7.097640533344158, "phi_d": 2.1055351930997848, "phi_s": 4.556524356429931, "s_cf": 1.0162146383621788}, "datetime": {"datetime": "2022-08-22 08:35:41", "elapsed": 1562.641105, "delta": 13.878107}}
{"target": -0.5296777912676218, "params": {"beta_enc": 0.5859315380652776, "beta_rec": 0.9777548099142421, "epsilon_d": 1.0870685275155307, "gamma_cf": 0.47537671403050114, "gamma_fc": 0.27820345783546263, "k": 5.5054528667483495, "phi_d": 2.9901046446782225, "phi_s": 1.2334505845905266, "s_cf": 1.1375297698257092}, "datetime": {"datetime": "2022-08-22 08:35:53", "elapsed": 1574.716785, "delta": 12.07568}}
{"target": -0.6167702357902989, "params": {"beta_enc": 0.5108839764094417, "beta_rec": 0.8927939347965583, "epsilon_d": 1.3609370179902311, "gamma_cf": 0.31547960016976523, "gamma_fc": 0.49046183787529074, "k": 7.499610204849524, "phi_d": 1.9036724988417413, "phi_s": 3.833843480206869, "s_cf": 1.3331015625023919}, "datetime": {"datetime": "2022-08-22 08:36:06", "elapsed": 1587.239973, "delta": 12.523188}}
{"target": -0.6514624258150523, "params": {"beta_enc": 0.6731950794638972, "beta_rec": 0.8821333725443913, "epsilon_d": 1.3015687967443852, "gamma_cf": 0.18469996280595313, "gamma_fc": 0.07111062653639333, "k": 6.907575013378251, "phi_d": 1.9540259888045264, "phi_s": 2.795515346827062, "s_cf": 1.4144984783740133}, "datetime": {"datetime": "2022-08-22 08:36:17", "elapsed": 1598.528539, "delta": 11.288566}}
{"target": -0.6535356401815716, "params": {"beta_enc": 0.6846665703090464, "beta_rec": 0.852272707979215, "epsilon_d": 1.5377840444252917, "gamma_cf": 0.036006017584884975, "gamma_fc": 0.2090680668626579, "k": 4.103013929626334, "phi_d": 1.582307881104856, "phi_s": 3.014038039393586, "s_cf": 1.4744497987647918}, "datetime": {"datetime": "2022-08-22 08:36:30", "elapsed": 1611.067157, "delta": 12.538618}}
{"target": -0.5621974093726652, "params": {"beta_enc": 0.5382840199677545, "beta_rec": 0.9182602635541555, "epsilon_d": 1.9998647421984, "gamma_cf": 0.3885491146378915, "gamma_fc": 0.07180349893710464, "k": 4.332810545743502, "phi_d": 1.7984372107049076, "phi_s": 4.187849007919601, "s_cf": 0.8937568041824175}, "datetime": {"datetime": "2022-08-22 08:36:43", "elapsed": 1624.958736, "delta": 13.891579}}
{"target": -0.5671361834218244, "params": {"beta_enc": 0.7687220172515459, "beta_rec": 0.8225744992654671, "epsilon_d": 1.4337829752235907, "gamma_cf": 0.008357794538503216, "gamma_fc": 0.19932952996118936, "k": 5.5243259651738095, "phi_d": 2.3186898723907294, "phi_s": 1.2836736018815489, "s_cf": 0.8644529902817039}, "datetime": {"datetime": "2022-08-22 08:36:55", "elapsed": 1636.73357, "delta": 11.774834}}
{"target": -0.5858994868803468, "params": {"beta_enc": 0.505801559015327, "beta_rec": 0.7784490891118517, "epsilon_d": 2.3035785520201806, "gamma_cf": 0.2013284260874596, "gamma_fc": 0.16051315708365793, "k": 6.23164797697509, "phi_d": 2.9869209261996996, "phi_s": 4.337946056072118, "s_cf": 1.274717386799688}, "datetime": {"datetime": "2022-08-22 08:37:09", "elapsed": 1650.658698, "delta": 13.925128}}
