{"target": -0.2813368545082877, "params": {"beta_enc": 0.85, "beta_rec": 0.7608156489570175, "epsilon_d": 1.8881628447844996, "gamma_cf": 0.3229228269917883, "gamma_fc": 0.34342716668331874, "k": 4.937170885903864, "phi_d": 2.4721957248167286, "phi_s": 2.757410257299529, "s_cf": 1.0494892338227286}, "datetime": {"datetime": "2022-08-22 10:48:00", "elapsed": 9501.528436, "delta": 18.380689}}
