{"target": -0.7191658021620502, "params": {"beta_enc": 0.5308805528500335, "beta_rec": 0.8924133891710184, "epsilon_d": 1.4899017102296688, "gamma_cf": 0.019788955737684577, "gamma_fc": 0.39407010332184156, "k": 5.091072946659152, "phi_d": 2.554140985884768, "phi_s": 2.9528357723528194, "s_cf": 0.9884519183063365}, "datetime": {"datetime": "2022-08-22 09:27:24", "elapsed": 4665.879692, "delta": 12.805648}}
{"target": -0.5344974209397904, "params": {"beta_enc": 0.6099089075178139, "beta_rec": 0.7605061900215286, "epsilon_d": 2.0687996738091012, "gamma_cf": 0.41177577799838017, "gamma_fc": 0.04194767624968898, "k": 4.43423482243487, "phi_d": 2.0585118537354337, "phi_s": 3.6405672384943872, "s_cf": 1.2710594942524962}, "datetime": {"datetime": "2022-08-22 09:27:38", "elapsed": 4679.633667, "delta": 13.753975}}
{"target": -0.6151625033262443, "params": {"beta_enc": 0.6096275933014101, "beta_rec": 0.7594444439515367, "epsilon_d": 1.8291257593847898, "gamma_cf": 0.11302208543764708, "gamma_fc": 0.0005574151262033311, "k": 6.742866288902946, "phi_d": 2.9041250781090664, "phi_s": 2.564607042140113, "s_cf": 0.9752238220285974}, "datetime": {"datetime": "2022-08-22 09:27:50", "elapsed": 4691.526502, "delta": 11.892835}}
{"target": -0.47215542486250806, "params": {"beta_enc": 0.6938131344136034, "beta_rec": 0.9629940645162204, "epsilon_d": 2.5899348493858465, "gamma_cf": 0.3423783524892883, "gamma_fc": 0.21605354564985324, "k": 6.761736079417255, "phi_d": 1.432050702503214, "phi_s": 2.135773751384987, "s_cf": 1.3333654581752883}, "datetime": {"datetime": "2022-08-22 09:28:05", "elapsed": 4706.453591, "delta": 14.927089}}
{"target": -0.5122374052098962, "params": {"beta_enc": 0.8254930477212248, "beta_rec": 0.7975123759041725, "epsilon_d": 1.5921265788364651, "gamma_cf": 0.0031051335952580472, "gamma_fc": 0.21578112264020083, "k": 4.841180287010404, "phi_d": 2.282849565107243, "phi_s": 3.8383568627124336, "s_cf": 0.8390832857988638}, "datetime": {"datetime": "2022-08-22 09:28:17", "elapsed": 4718.724065, "delta": 12.270474}}
{"target": -0.6086428729046597, "params": {"beta_enc": 0.5287504007111761, "beta_rec": 0.9765837673950839, "epsilon_d": 1.7784775094819278, "gamma_cf": 0.26670174863300716, "gamma_fc": 0.48162078245683526, "k": 7.036216048865342, "phi_d": 1.651080595197979, "phi_s": 1.3433972044811742, "s_cf": 1.1520180125163084}, "datetime": {"datetime": "2022-08-22 09:28:31", "elapsed": 4732.660676, "delta": 13.936611}}
{"target": -0.5191795415857183, "params": {"beta_enc": 0.6176439050280659, "beta_rec": 0.7554213511315255, "epsilon_d": 2.5423046665075573, "gamma_cf": 0.19245456492699142, "gamma_fc": 0.28566057502936776, "k": 7.022971423184922, "phi_d": 2.8816948398020914, "phi_s": 3.4492893547384904, "s_cf": 0.9865471340851073}, "datetime": {"datetime": "2022-08-22 09:28:46", "elapsed": 4747.470989, "delta": 14.810313}}
{"target": -0.5383495842205884, "params": {"beta_enc": 0.5385267777464563, "beta_rec": 0.7684797219778181, "epsilon_d": 1.639381547745459, "gamma_cf": 0.3304195694780025, "gamma_fc": 0.34757603236384516, "k": 4.830872160251951, "phi_d": 1.1655918771766949, "phi_s": 2.2220426451441244, "s_cf": 1.1606809198909296}, "datetime": {"datetime": "2022-08-22 09:29:00", "elapsed": 4761.009085, "delta": 13.538096}}
{"target": -0.39188590268845125, "params": {"beta_enc": 0.7641343860662027, "beta_rec": 0.8824143301425107, "epsilon_d": 1.573967505494149, "gamma_cf": 0.31208986163195546, "gamma_fc": 0.1324183275880979, "k": 6.610771657338092, "phi_d": 2.683796015653476, "phi_s": 3.5557912814737267, "s_cf": 1.1742236017325505}, "datetime": {"datetime": "2022-08-22 09:29:12", "elapsed": 4773.385053, "delta": 12.375968}}
{"target": -0.6738421796660161, "params": {"beta_enc": 0.6074997382448014, "beta_rec": 0.9691942599844903, "epsilon_d": 2.977643769434599, "gamma_cf": 0.3887397156049705, "gamma_fc": 0.28682192878520957, "k": 4.565117330564007, "phi_d": 1.6298580447852071, "phi_s": 2.467437274364735, "s_cf": 0.9689214157705993}, "datetime": {"datetime": "2022-08-22 09:29:28", "elapsed": 4789.294534, "delta": 15.909481}}
{"target": -0.6924965975544349, "params": {"beta_enc": 0.6560834851621247, "beta_rec": 0.9026581292169115, "epsilon_d": 1.4258291810303272, "gamma_cf": 0.12487987714335191, "gamma_fc": 0.05607524161054839, "k": 5.23035435669921, "phi_d": 1.9948965571692865, "phi_s": 2.959231138840353, "s_cf": 1.496682908884797}, "datetime": {"datetime": "2022-08-22 09:29:40", "elapsed": 4800.96887, "delta": 11.674336}}
{"target": -0.5394247849252971, "params": {"beta_enc": 0.8433879970722694, "beta_rec": 0.8591406929202858, "epsilon_d": 2.9440412435806347, "gamma_cf": 0.10719895208790703, "gamma_fc": 0.2705604430544767, "k": 5.8137412578789265, "phi_d": 2.9352177950250926, "phi_s": 4.344704892541434, "s_cf": 0.910610193585556}, "datetime": {"datetime": "2022-08-22 09:29:54", "elapsed": 4815.943013, "delta": 14.974143}}
{"target": -0.5142146759426912, "params": {"beta_enc": 0.6538386857543869, "beta_rec": 0.7921192429116117, "epsilon_d": 2.058174420910501, "gamma_cf": 0.3967423370835167, "gamma_fc": 0.01793957448300837, "k": 4.76543551014288, "phi_d": 2.9549111287860326, "phi_s": 4.843189224082579, "s_cf": 1.1674437443265764}, "datetime": {"datetime": "2022-08-22 09:30:08", "elapsed": 4829.507168, "delta": 13.564155}}
{"target": -0.6080067462330246, "params": {"beta_enc": 0.7261317525235786, "beta_rec": 0.8180232535733186, "epsilon_d": 2.9041821714256795, "gamma_cf": 0.33488740316362, "gamma_fc": 0.33340399756938083, "k": 4.0444133334796915, "phi_d": 2.7059396996993854, "phi_s": 4.113304874720807, "s_cf": 1.263692997678605}, "datetime": {"datetime": "2022-08-22 09:30:27", "elapsed": 4848.770526, "delta": 19.263358}}
{"target": -0.5977954512531619, "params": {"beta_enc": 0.7592736345568547, "beta_rec": 0.7891431061495943, "epsilon_d": 2.4375501056972997, "gamma_cf": 0.04840920534660503, "gamma_fc": 0.35347472401931707, "k": 4.010527184502013, "phi_d": 2.552411574920762, "phi_s": 2.9662287391261577, "s_cf": 0.9032901497233986}, "datetime": {"datetime": "2022-08-22 09:30:46", "elapsed": 4866.97306, "delta": 18.202534}}
{"target": -0.638006886219331, "params": {"beta_enc": 0.7552363150558883, "beta_rec": 0.8289135329457902, "epsilon_d": 2.7676351799950236, "gamma_cf": 0.09011676261611101, "gamma_fc": 0.4692753271430126, "k": 7.883000592212646, "phi_d": 1.6089704881046616, "phi_s": 4.449945598817203, "s_cf": 1.3816343391502575}, "datetime": {"datetime": "2022-08-22 09:31:05", "elapsed": 4886.067295, "delta": 19.094235}}
{"target": -0.5045778800201155, "params": {"beta_enc": 0.6486144485331109, "beta_rec": 0.8409211019631961, "epsilon_d": 1.56487494647009, "gamma_cf": 0.4966183922327728, "gamma_fc": 0.12787551347594983, "k": 7.682702391036489, "phi_d": 1.856670427519445, "phi_s": 4.741708049365634, "s_cf": 1.379133625648637}, "datetime": {"datetime": "2022-08-22 09:31:21", "elapsed": 4902.101379, "delta": 16.034084}}
{"target": -0.5657024057502592, "params": {"beta_enc": 0.5545220639654295, "beta_rec": 0.8935708385877208, "epsilon_d": 2.3470060293713724, "gamma_cf": 0.20291020299952256, "gamma_fc": 0.0024385222411132945, "k": 5.301325319075842, "phi_d": 2.6778898959464974, "phi_s": 1.2512959208690777, "s_cf": 0.8290648098294879}, "datetime": {"datetime": "2022-08-22 09:31:37", "elapsed": 4918.581045, "delta": 16.479666}}
{"target": -0.3459084577836497, "params": {"beta_enc": 0.7456255712791705, "beta_rec": 0.8785395669390469, "epsilon_d": 1.9963336499890245, "gamma_cf": 0.18680485946320302, "gamma_fc": 0.3017568083356595, "k": 7.405875067508154, "phi_d": 1.5538461129379855, "phi_s": 4.37904545137454, "s_cf": 1.0624643614290887}, "datetime": {"datetime": "2022-08-22 09:31:54", "elapsed": 4935.55174, "delta": 16.970695}}
{"target": -0.42398684771605916, "params": {"beta_enc": 0.6753444043378791, "beta_rec": 0.9324058446420451, "epsilon_d": 1.5174434150132146, "gamma_cf": 0.46081845932807003, "gamma_fc": 0.35103473211442415, "k": 6.475721692389956, "phi_d": 1.5460176746238354, "phi_s": 3.7833938254377837, "s_cf": 0.9429110613400915}, "datetime": {"datetime": "2022-08-22 09:32:10", "elapsed": 4951.51132, "delta": 15.95958}}
{"target": -0.355015308166442, "params": {"beta_enc": 0.7857584346146171, "beta_rec": 0.7528681137557265, "epsilon_d": 1.3330752872230802, "gamma_cf": 0.2789144943810295, "gamma_fc": 0.35614049980125106, "k": 5.969922615652441, "phi_d": 2.7556190029599, "phi_s": 4.9034797502516545, "s_cf": 1.0982078006581824}, "datetime": {"datetime": "2022-08-22 09:32:25", "elapsed": 4966.8681, "delta": 15.35678}}
{"target": -0.42076764950050094, "params": {"beta_enc": 0.768795442818982, "beta_rec": 0.8736930334583818, "epsilon_d": 2.3301975566716413, "gamma_cf": 0.11243748998368286, "gamma_fc": 0.05477085860813424, "k": 7.916035750296761, "phi_d": 2.62998931941197, "phi_s": 2.141534129798124, "s_cf": 1.1893712883209409}, "datetime": {"datetime": "2022-08-22 09:32:42", "elapsed": 4983.179241, "delta": 16.311141}}
{"target": -0.5816886378477608, "params": {"beta_enc": 0.633024921847577, "beta_rec": 0.7940845101924664, "epsilon_d": 1.8376702861049856, "gamma_cf": 0.1485938970983638, "gamma_fc": 0.008312053266452957, "k": 5.549473227995238, "phi_d": 2.8418260076095043, "phi_s": 4.3128010348297945, "s_cf": 1.180556066397413}, "datetime": {"datetime": "2022-08-22 09:32:57", "elapsed": 4998.64072, "delta": 15.461479}}
{"target": -0.6310317062414497, "params": {"beta_enc": 0.6115264026731339, "beta_rec": 0.8078160737213593, "epsilon_d": 2.9120391672618675, "gamma_cf": 0.28230504953435587, "gamma_fc": 0.10880265177956155, "k": 4.9979282043944915, "phi_d": 2.919192405061838, "phi_s": 1.955256533185568, "s_cf": 0.8300355662666534}, "datetime": {"datetime": "2022-08-22 09:33:16", "elapsed": 5017.610118, "delta": 18.969398}}
{"target": -0.6529786096590372, "params": {"beta_enc": 0.5643866789134342, "beta_rec": 0.9415562017294797, "epsilon_d": 2.417528511862523, "gamma_cf": 0.2189709623885619, "gamma_fc": 0.39690225355821257, "k": 6.070050768570478, "phi_d": 1.827196322258214, "phi_s": 1.4697677449103583, "s_cf": 1.4129332994522619}, "datetime": {"datetime": "2022-08-22 09:33:35", "elapsed": 5036.221017, "delta": 18.610899}}
{"target": -0.8481391237588316, "params": {"beta_enc": 0.5964576250436109, "beta_rec": 0.9040651808324651, "epsilon_d": 2.969159557921412, "gamma_cf": 0.0947090110218769, "gamma_fc": 0.4825939958965214, "k": 6.610861473702782, "phi_d": 1.2574632091930953, "phi_s": 4.087708584292193, "s_cf": 1.4638318336928202}, "datetime": {"datetime": "2022-08-22 09:33:54", "elapsed": 5055.5784, "delta": 19.357383}}
{"target": -0.5703443576729275, "params": {"beta_enc": 0.6969731923912987, "beta_rec": 0.922138799939537, "epsilon_d": 1.0526957577399656, "gamma_cf": 0.49453784275397344, "gamma_fc": 0.15922855990684126, "k": 4.095615117464877, "phi_d": 2.617128300948777, "phi_s": 4.893010207068272, "s_cf": 1.303191382437511}, "datetime": {"datetime": "2022-08-22 09:34:09", "elapsed": 5070.338687, "delta": 14.760287}}
{"target": -0.6968005214422833, "params": {"beta_enc": 0.5009575321158901, "beta_rec": 0.7658401278435089, "epsilon_d": 2.1685388104551615, "gamma_cf": 0.16785755387780155, "gamma_fc": 0.44091674037589834, "k": 7.494677477427754, "phi_d": 2.975037817408883, "phi_s": 3.863327876290375, "s_cf": 1.4076627748564887}, "datetime": {"datetime": "2022-08-22 09:34:27", "elapsed": 5088.160285, "delta": 17.821598}}
{"target": -0.5742867068055701, "params": {"beta_enc": 0.6118775391517184, "beta_rec": 0.7777942379799515, "epsilon_d": 2.7307282115647595, "gamma_cf": 0.15173629898076252, "gamma_fc": 0.2096661490834431, "k": 6.58412102828629, "phi_d": 2.210198268311025, "phi_s": 2.6836923380595197, "s_cf": 1.039612883902945}, "datetime": {"datetime": "2022-08-22 09:34:45", "elapsed": 5106.647377, "delta": 18.487092}}
{"target": -0.5451454928675309, "params": {"beta_enc": 0.5429383646506523, "beta_rec": 0.8834654710758542, "epsilon_d": 1.465708194487992, "gamma_cf": 0.37740392555023067, "gamma_fc": 0.33743529208225004, "k": 4.287707859236858, "phi_d": 2.978529369471601, "phi_s": 4.121827742297365, "s_cf": 0.9208694151679482}, "datetime": {"datetime": "2022-08-22 09:35:01", "elapsed": 5122.863985, "delta": 16.216608}}
{"target": -0.5230766740745549, "params": {"beta_enc": 0.510759986422394, "beta_rec": 0.8695929577679247, "epsilon_d": 1.705484875002148, "gamma_cf": 0.27325574968211397, "gamma_fc": 0.32983197771246053, "k": 7.188879229434953, "phi_d": 1.0270886936782553, "phi_s": 3.857182055515514, "s_cf": 0.9714854745764244}, "datetime": {"datetime": "2022-08-22 09:35:18", "elapsed": 5139.686205, "delta": 16.82222}}
{"target": -0.34215611036580384, "params": {"beta_enc": 0.8452409014730959, "beta_rec": 0.9615604326469455, "epsilon_d": 2.120802362169564, "gamma_cf": 0.29888284268841964, "gamma_fc": 0.09603783650227865, "k": 4.905006354348262, "phi_d": 1.3080263566759023, "phi_s": 2.511254189857767, "s_cf": 0.8339665832561858}, "datetime": {"datetime": "2022-08-22 09:35:35", "elapsed": 5156.638348, "delta": 16.952143}}
{"target": -0.7063716701120115, "params": {"beta_enc": 0.6789455127719917, "beta_rec": 0.9096194888503868, "epsilon_d": 1.2444247564739666, "gamma_cf": 0.17209817946513406, "gamma_fc": 0.03517393984260392, "k": 6.103044749088276, "phi_d": 2.300579538406011, "phi_s": 3.461888565500411, "s_cf": 1.3604021721071138}, "datetime": {"datetime": "2022-08-22 09:35:49", "elapsed": 5170.475562, "delta": 13.837214}}
{"target": -0.671175364648288, "params": {"beta_enc": 0.5824481827758471, "beta_rec": 0.9045454604601114, "epsilon_d": 1.6056570384652813, "gamma_cf": 0.04438385303957115, "gamma_fc": 0.1526307357829066, "k": 4.285425899778465, "phi_d": 2.9171484220393413, "phi_s": 3.9086617397077172, "s_cf": 0.826095643368003}, "datetime": {"datetime": "2022-08-22 09:36:04", "elapsed": 5185.87329, "delta": 15.397728}}
{"target": -0.5925691081224139, "params": {"beta_enc": 0.7751942628220078, "beta_rec": 0.838038840024133, "epsilon_d": 2.8228702806475847, "gamma_cf": 0.2477487173735567, "gamma_fc": 0.43634636149243605, "k": 4.882119178974895, "phi_d": 1.7343846518065311, "phi_s": 2.467347768633531, "s_cf": 0.822849511202464}, "datetime": {"datetime": "2022-08-22 09:36:24", "elapsed": 5205.316119, "delta": 19.442829}}
{"target": -0.4504879881835917, "params": {"beta_enc": 0.6158550519230281, "beta_rec": 0.9149274509596999, "epsilon_d": 1.9330869827474813, "gamma_cf": 0.4396157848722156, "gamma_fc": 0.13483513319517415, "k": 5.4192773948865955, "phi_d": 1.6407085803012245, "phi_s": 3.2069518824868304, "s_cf": 0.8911645617047159}, "datetime": {"datetime": "2022-08-22 09:36:41", "elapsed": 5222.530684, "delta": 17.214565}}
{"target": -0.5779003195345876, "params": {"beta_enc": 0.5606354950278605, "beta_rec": 0.9848704810521136, "epsilon_d": 1.75329542749266, "gamma_cf": 0.2935490674415249, "gamma_fc": 0.027576042509411924, "k": 4.563431987597467, "phi_d": 1.1927171037224866, "phi_s": 4.248462271832585, "s_cf": 0.8273600869375981}, "datetime": {"datetime": "2022-08-22 09:36:57", "elapsed": 5238.339472, "delta": 15.808788}}
{"target": -0.5057696662490909, "params": {"beta_enc": 0.6807106159878422, "beta_rec": 0.7888944744980185, "epsilon_d": 1.557633510857697, "gamma_cf": 0.44130100125153504, "gamma_fc": 0.3157968825654553, "k": 7.85465084085228, "phi_d": 2.1994287312319862, "phi_s": 1.038078864866232, "s_cf": 1.0617307541403163}, "datetime": {"datetime": "2022-08-22 09:37:13", "elapsed": 5254.600246, "delta": 16.260774}}
{"target": -0.5136341890143761, "params": {"beta_enc": 0.5078546140255379, "beta_rec": 0.8284960820117366, "epsilon_d": 1.9632498614414835, "gamma_cf": 0.287729670561904, "gamma_fc": 0.11932510146446496, "k": 6.233146313790607, "phi_d": 1.7898402682144678, "phi_s": 3.026328750027708, "s_cf": 0.8969752609068912}, "datetime": {"datetime": "2022-08-22 09:37:30", "elapsed": 5271.381344, "delta": 16.781098}}
{"target": -0.38876708283742417, "params": {"beta_enc": 0.554863063501201, "beta_rec": 0.9386292519005965, "epsilon_d": 1.6599464576110388, "gamma_cf": 0.3220978462691082, "gamma_fc": 0.28272779829527095, "k": 7.598123663544284, "phi_d": 2.76136723581403, "phi_s": 2.7724456013071337, "s_cf": 0.9035513148691927}, "datetime": {"datetime": "2022-08-22 09:37:47", "elapsed": 5288.108139, "delta": 16.726795}}
{"target": -0.5317279412876064, "params": {"beta_enc": 0.721267331352139, "beta_rec": 0.9092089938366376, "epsilon_d": 2.3848350067572053, "gamma_cf": 0.4537366013674, "gamma_fc": 0.39129048902229924, "k": 6.501163743423387, "phi_d": 2.20193119079618, "phi_s": 1.8510361442725682, "s_cf": 1.238524021498401}, "datetime": {"datetime": "2022-08-22 09:38:06", "elapsed": 5306.975216, "delta": 18.867077}}
{"target": -0.5025551868187081, "params": {"beta_enc": 0.7850750597718116, "beta_rec": 0.9805806202132241, "epsilon_d": 2.8333002241618654, "gamma_cf": 0.2805494029363183, "gamma_fc": 0.12991698787024386, "k": 5.335189827294867, "phi_d": 2.9955247311376407, "phi_s": 3.1023911528712773, "s_cf": 1.3619300046283667}, "datetime": {"datetime": "2022-08-22 09:38:24", "elapsed": 5325.848698, "delta": 18.873482}}
{"target": -0.5172192383569798, "params": {"beta_enc": 0.7089556657246002, "beta_rec": 0.8767325968320816, "epsilon_d": 1.6970792306113955, "gamma_cf": 0.2688852641156512, "gamma_fc": 0.003367353497101655, "k": 7.506743226386296, "phi_d": 2.122972963065359, "phi_s": 1.0971257012987143, "s_cf": 1.363631058998374}, "datetime": {"datetime": "2022-08-22 09:38:39", "elapsed": 5340.831055, "delta": 14.982357}}
{"target": -0.5933031388006735, "params": {"beta_enc": 0.5473740368017256, "beta_rec": 0.7576596745227174, "epsilon_d": 1.9246708082702315, "gamma_cf": 0.4803283476434982, "gamma_fc": 0.04680712423199512, "k": 4.262394064540173, "phi_d": 2.7598711524438473, "phi_s": 4.285488166173154, "s_cf": 1.3649770666838128}, "datetime": {"datetime": "2022-08-22 09:38:57", "elapsed": 5358.081616, "delta": 17.250561}}
{"target": -0.36221837023103287, "params": {"beta_enc": 0.66373631673538, "beta_rec": 0.8568730236401326, "epsilon_d": 1.8021366108689922, "gamma_cf": 0.29110752106965354, "gamma_fc": 0.3644853346880556, "k": 7.137168009398504, "phi_d": 2.309598375120836, "phi_s": 3.2498646587040527, "s_cf": 1.0592944561652229}, "datetime": {"datetime": "2022-08-22 09:39:14", "elapsed": 5375.217129, "delta": 17.135513}}
{"target": -0.40541802904478424, "params": {"beta_enc": 0.6119702717153491, "beta_rec": 0.8215619482065463, "epsilon_d": 1.5923534368061505, "gamma_cf": 0.3413764330822216, "gamma_fc": 0.3812205910797897, "k": 6.390479147959905, "phi_d": 1.4457277845071217, "phi_s": 1.7775800820188916, "s_cf": 1.3242645890780653}, "datetime": {"datetime": "2022-08-22 09:39:30", "elapsed": 5391.348262, "delta": 16.131133}}
{"target": -0.2855144949642404, "params": {"beta_enc": 0.8425428366412658, "beta_rec": 0.7539774903981407, "epsilon_d": 1.4977962839651595, "gamma_cf": 0.3961564358853739, "gamma_fc": 0.3595826488766774, "k": 4.983919830957739, "phi_d": 2.1097847621516905, "phi_s": 3.3423431763960827, "s_cf": 1.291038207485422}, "datetime": {"datetime": "2022-08-22 09:39:43", "elapsed": 5404.352317, "delta": 13.004055}}
{"target": -0.6003784743550503, "params": {"beta_enc": 0.6622857989244454, "beta_rec": 0.8512121178806806, "epsilon_d": 1.6160189416417792, "gamma_cf": 0.11915445420341136, "gamma_fc": 0.04625167907530198, "k": 6.58353354967057, "phi_d": 2.3391408970804726, "phi_s": 3.7493738956673885, "s_cf": 0.7523592903482793}, "datetime": {"datetime": "2022-08-22 09:39:55", "elapsed": 5416.112833, "delta": 11.760516}}
{"target": -0.4162761812397446, "params": {"beta_enc": 0.6533885613823451, "beta_rec": 0.7806383412278408, "epsilon_d": 2.0532186714126146, "gamma_cf": 0.48986981045093714, "gamma_fc": 0.24963850548166905, "k": 5.498599917094083, "phi_d": 2.627679984789191, "phi_s": 4.872805752978798, "s_cf": 0.9653425331465966}, "datetime": {"datetime": "2022-08-22 09:40:09", "elapsed": 5430.607299, "delta": 14.494466}}
{"target": -0.5218214362080361, "params": {"beta_enc": 0.7810500139112753, "beta_rec": 0.9990353593408174, "epsilon_d": 1.2236484795032156, "gamma_cf": 0.26552367729361104, "gamma_fc": 0.40676328974250014, "k": 5.505176734627593, "phi_d": 1.8915490525494505, "phi_s": 4.003610238658267, "s_cf": 0.8237597842113151}, "datetime": {"datetime": "2022-08-22 09:40:21", "elapsed": 5442.670736, "delta": 12.063437}}
{"target": -0.38681502237032017, "params": {"beta_enc": 0.6261842067487613, "beta_rec": 0.890926563821614, "epsilon_d": 1.4771711918851675, "gamma_cf": 0.41997688586101645, "gamma_fc": 0.3829254961449697, "k": 7.862170318369355, "phi_d": 2.0459761500274576, "phi_s": 1.4260986319623723, "s_cf": 1.4524627672961152}, "datetime": {"datetime": "2022-08-22 09:40:35", "elapsed": 5456.007468, "delta": 13.336732}}
{"target": -0.5225634986524866, "params": {"beta_enc": 0.7919825963237221, "beta_rec": 0.8861045402508094, "epsilon_d": 2.672604554770808, "gamma_cf": 0.4408454596769712, "gamma_fc": 0.3880405686834488, "k": 6.28501590816967, "phi_d": 2.2305974429321647, "phi_s": 4.377562730573435, "s_cf": 1.2166624772354502}, "datetime": {"datetime": "2022-08-22 09:40:50", "elapsed": 5471.320757, "delta": 15.313289}}
{"target": -0.6296160219068819, "params": {"beta_enc": 0.5722679857156711, "beta_rec": 0.9228721058884924, "epsilon_d": 2.064027500154763, "gamma_cf": 0.13162352945009476, "gamma_fc": 0.0003932707648182099, "k": 4.9419910451996545, "phi_d": 2.347133395952064, "phi_s": 4.513280798723779, "s_cf": 1.3730269269304258}, "datetime": {"datetime": "2022-08-22 09:41:03", "elapsed": 5484.484536, "delta": 13.163779}}
