{"target": -0.3249678114365978, "params": {"beta_enc": 0.8027514623865866, "beta_rec": 0.7813014644854956, "epsilon_d": 1.731956774222671, "gamma_cf": 0.21834196667511263, "gamma_fc": 0.3626802476230125, "k": 6.188389627402149, "phi_d": 2.513216260015365, "phi_s": 4.690359786681256, "s_cf": 1.3038666317512455}, "datetime": {"datetime": "2022-08-22 09:55:22", "elapsed": 6343.819309, "delta": 16.680826}}
{"target": -0.25879214736044254, "params": {"beta_enc": 0.85, "beta_rec": 0.8798434012775938, "epsilon_d": 1.7637560474675797, "gamma_cf": 0.28430598037609883, "gamma_fc": 0.3053394448406644, "k": 5.8483665241845, "phi_d": 2.4820474596311386, "phi_s": 4.687971302353101, "s_cf": 1.1663681192128474}, "datetime": {"datetime": "2022-08-22 09:55:39", "elapsed": 6360.591919, "delta": 16.77261}}
{"target": -0.25972758676802954, "params": {"beta_enc": 0.85, "beta_rec": 0.7988841210471691, "epsilon_d": 1.7149211090491545, "gamma_cf": 0.37306129574596447, "gamma_fc": 0.3628274858383544, "k": 6.01627901084922, "phi_d": 2.6191610264533165, "phi_s": 4.697389160225625, "s_cf": 1.2526364633387042}, "datetime": {"datetime": "2022-08-22 09:55:56", "elapsed": 6377.781177, "delta": 17.189258}}
{"target": -0.33824355065291234, "params": {"beta_enc": 0.7679586654102742, "beta_rec": 0.8666972628484004, "epsilon_d": 2.0226054786848984, "gamma_cf": 0.2131406349740706, "gamma_fc": 0.18101450847680428, "k": 7.698942626368428, "phi_d": 1.6335985794978212, "phi_s": 4.307719902078384, "s_cf": 1.0969264902051203}, "datetime": {"datetime": "2022-08-22 09:56:13", "elapsed": 6394.832486, "delta": 17.051309}}
{"target": -0.34362938478485455, "params": {"beta_enc": 0.85, "beta_rec": 0.9941054219556614, "epsilon_d": 1.957571522752748, "gamma_cf": 0.3518612371527867, "gamma_fc": 0.16821815955439154, "k": 4.9931049340169595, "phi_d": 1.4903331958518848, "phi_s": 2.2971823324300455, "s_cf": 0.9406193591242002}, "datetime": {"datetime": "2022-08-22 09:56:32", "elapsed": 6413.426688, "delta": 18.594202}}
{"target": -0.3405050596272769, "params": {"beta_enc": 0.85, "beta_rec": 0.9788745622002257, "epsilon_d": 1.9655032631875504, "gamma_cf": 0.2009991320438246, "gamma_fc": 0.16937777423023823, "k": 4.787945875231617, "phi_d": 1.1676261854703516, "phi_s": 2.2765776518120866, "s_cf": 0.7544369671626276}, "datetime": {"datetime": "2022-08-22 09:56:52", "elapsed": 6433.629226, "delta": 20.202538}}
{"target": -0.25840027247728636, "params": {"beta_enc": 0.85, "beta_rec": 0.7775459725062904, "epsilon_d": 1.8170473495364008, "gamma_cf": 0.38968507985372475, "gamma_fc": 0.33878598857083436, "k": 6.058412845880068, "phi_d": 2.588959767207987, "phi_s": 4.588941212590448, "s_cf": 1.2612839233844482}, "datetime": {"datetime": "2022-08-22 09:57:13", "elapsed": 6454.752876, "delta": 21.12365}}
{"target": -0.26307001779572387, "params": {"beta_enc": 0.85, "beta_rec": 0.75, "epsilon_d": 1.7788089033519554, "gamma_cf": 0.3991760590027916, "gamma_fc": 0.34185393431140193, "k": 6.111345482411407, "phi_d": 2.667804947161964, "phi_s": 4.665840026852497, "s_cf": 1.1850034936760532}, "datetime": {"datetime": "2022-08-22 09:57:34", "elapsed": 6475.267471, "delta": 20.514595}}
{"target": -0.2609161217999718, "params": {"beta_enc": 0.85, "beta_rec": 0.8940351948924211, "epsilon_d": 1.72149981431093, "gamma_cf": 0.2999537516471908, "gamma_fc": 0.30410882235587045, "k": 5.802020283087937, "phi_d": 2.444786448911358, "phi_s": 4.673298836149884, "s_cf": 1.1954979940804338}, "datetime": {"datetime": "2022-08-22 09:57:54", "elapsed": 6495.602536, "delta": 20.335065}}
{"target": -0.317852166342376, "params": {"beta_enc": 0.85, "beta_rec": 0.75, "epsilon_d": 1.4955844059261991, "gamma_cf": 0.45288235005517924, "gamma_fc": 0.46384130969149356, "k": 4.967450877818609, "phi_d": 1.9764037359531645, "phi_s": 3.3935566698565616, "s_cf": 1.3701298568616258}, "datetime": {"datetime": "2022-08-22 09:58:14", "elapsed": 6515.013432, "delta": 19.410896}}
{"target": -0.30049665822109867, "params": {"beta_enc": 0.6742543681364678, "beta_rec": 0.8246618583463836, "epsilon_d": 2.0839741550576134, "gamma_cf": 0.2814294371286836, "gamma_fc": 0.23379665202178812, "k": 7.615179279009969, "phi_d": 1.6768816662370887, "phi_s": 4.599501552766127, "s_cf": 1.0299010528808905}, "datetime": {"datetime": "2022-08-22 09:58:35", "elapsed": 6536.006964, "delta": 20.993532}}
{"target": -0.36372738213902905, "params": {"beta_enc": 0.6633281825330584, "beta_rec": 0.8705883645045993, "epsilon_d": 2.101581932533344, "gamma_cf": 0.3361846422608626, "gamma_fc": 0.29504163272386114, "k": 7.719421853153101, "phi_d": 1.8197514101717545, "phi_s": 4.556298001694522, "s_cf": 0.8263297446886294}, "datetime": {"datetime": "2022-08-22 09:58:56", "elapsed": 6557.638188, "delta": 21.631224}}
{"target": -0.33313138088806993, "params": {"beta_enc": 0.85, "beta_rec": 0.75, "epsilon_d": 2.1266670954125773, "gamma_cf": 0.4068112924820664, "gamma_fc": 0.3148932713259795, "k": 6.454849085199543, "phi_d": 2.6591236581292828, "phi_s": 4.04075342962144, "s_cf": 1.2114715820874078}, "datetime": {"datetime": "2022-08-22 09:59:18", "elapsed": 6579.084679, "delta": 21.446491}}
{"target": -0.2782640509399434, "params": {"beta_enc": 0.85, "beta_rec": 0.8319331889299783, "epsilon_d": 1.7919747132349977, "gamma_cf": 0.38279020347209597, "gamma_fc": 0.28328006881669093, "k": 6.025139843570807, "phi_d": 2.565242604848897, "phi_s": 4.681882475662714, "s_cf": 1.2099424430383885}, "datetime": {"datetime": "2022-08-22 09:59:35", "elapsed": 6596.108753, "delta": 17.024074}}
{"target": -0.38062624898664915, "params": {"beta_enc": 0.85, "beta_rec": 0.75, "epsilon_d": 2.0651068720774606, "gamma_cf": 0.40870738426134734, "gamma_fc": 0.15394464273122319, "k": 6.40241322035966, "phi_d": 2.527383184582315, "phi_s": 3.894450069992641, "s_cf": 1.198834493283437}, "datetime": {"datetime": "2022-08-22 09:59:52", "elapsed": 6613.552576, "delta": 17.443823}}
{"target": -0.3156442012780739, "params": {"beta_enc": 0.8081567986299045, "beta_rec": 0.75, "epsilon_d": 2.028655030763406, "gamma_cf": 0.23616097788147541, "gamma_fc": 0.2209304102491673, "k": 7.561350325745667, "phi_d": 1.804728551753651, "phi_s": 4.519073859109564, "s_cf": 1.1083641298739342}, "datetime": {"datetime": "2022-08-22 10:00:09", "elapsed": 6630.22881, "delta": 16.676234}}
{"target": -0.25502942759180786, "params": {"beta_enc": 0.85, "beta_rec": 0.75, "epsilon_d": 2.1030379560801427, "gamma_cf": 0.273939002979445, "gamma_fc": 0.2898759393029944, "k": 6.362638967125511, "phi_d": 2.4727504854639273, "phi_s": 4.140698044823586, "s_cf": 1.2706629168519668}, "datetime": {"datetime": "2022-08-22 10:00:26", "elapsed": 6647.743527, "delta": 17.514717}}
{"target": -0.2308017490448755, "params": {"beta_enc": 0.85, "beta_rec": 0.75, "epsilon_d": 1.7833399276458377, "gamma_cf": 0.34569927560496927, "gamma_fc": 0.3707374929471741, "k": 6.074506457379705, "phi_d": 2.6970865535758075, "phi_s": 4.653461188080489, "s_cf": 1.311193076339068}, "datetime": {"datetime": "2022-08-22 10:00:43", "elapsed": 6664.676799, "delta": 16.933272}}
{"target": -0.24981407420538826, "params": {"beta_enc": 0.85, "beta_rec": 0.75, "epsilon_d": 1.7879292627808363, "gamma_cf": 0.3696920589508293, "gamma_fc": 0.4251241382199861, "k": 6.126629368719811, "phi_d": 2.707084492617, "phi_s": 4.663418540841397, "s_cf": 1.3471012543144023}, "datetime": {"datetime": "2022-08-22 10:01:01", "elapsed": 6682.003445, "delta": 17.326646}}
{"target": -0.26356753449425807, "params": {"beta_enc": 0.85, "beta_rec": 0.75, "epsilon_d": 2.0432860945336615, "gamma_cf": 0.3309799074016314, "gamma_fc": 0.24652101968355572, "k": 6.200221017539979, "phi_d": 2.434514273205349, "phi_s": 4.25764933446456, "s_cf": 1.3338728464300473}, "datetime": {"datetime": "2022-08-22 10:01:18", "elapsed": 6699.234897, "delta": 17.231452}}
{"target": -0.2515282137500499, "params": {"beta_enc": 0.85, "beta_rec": 0.75, "epsilon_d": 1.7734167328012802, "gamma_cf": 0.3213833390118312, "gamma_fc": 0.30922792023381385, "k": 6.094152021475263, "phi_d": 2.712501916964376, "phi_s": 4.631985834390236, "s_cf": 1.3316921797457804}, "datetime": {"datetime": "2022-08-22 10:01:35", "elapsed": 6716.417974, "delta": 17.183077}}
{"target": -0.270413042739805, "params": {"beta_enc": 0.85, "beta_rec": 0.75, "epsilon_d": 2.1570623644557534, "gamma_cf": 0.284527094492725, "gamma_fc": 0.2863442562794603, "k": 6.195485990331547, "phi_d": 2.417954848025485, "phi_s": 4.121206593224593, "s_cf": 1.263065185307161}, "datetime": {"datetime": "2022-08-22 10:01:52", "elapsed": 6733.949319, "delta": 17.531345}}
{"target": -0.24577297104381873, "params": {"beta_enc": 0.85, "beta_rec": 0.75, "epsilon_d": 1.8118822720747252, "gamma_cf": 0.33943526016499914, "gamma_fc": 0.3778258818376693, "k": 6.007348199300806, "phi_d": 2.687989279172549, "phi_s": 4.685446833661816, "s_cf": 1.305657462524542}, "datetime": {"datetime": "2022-08-22 10:02:10", "elapsed": 6751.069533, "delta": 17.120214}}
{"target": -0.2702223961603191, "params": {"beta_enc": 0.85, "beta_rec": 0.75, "epsilon_d": 1.7571951395476513, "gamma_cf": 0.3321540816893984, "gamma_fc": 0.4056685243116005, "k": 6.062651670094263, "phi_d": 2.7129740890685365, "phi_s": 4.621885438546929, "s_cf": 1.2772591901027093}, "datetime": {"datetime": "2022-08-22 10:02:27", "elapsed": 6768.19807, "delta": 17.128537}}
{"target": -0.255629893896755, "params": {"beta_enc": 0.85, "beta_rec": 0.7510662719972554, "epsilon_d": 1.7996423073842174, "gamma_cf": 0.36536944226255974, "gamma_fc": 0.3525800716939708, "k": 6.0915471296501496, "phi_d": 2.673942255484307, "phi_s": 4.681751254748821, "s_cf": 1.3162470311405325}, "datetime": {"datetime": "2022-08-22 10:02:44", "elapsed": 6785.306277, "delta": 17.108207}}
{"target": -0.240921070029055, "params": {"beta_enc": 0.8422199471680717, "beta_rec": 0.7726046480274519, "epsilon_d": 1.7912184941676372, "gamma_cf": 0.3480926793641497, "gamma_fc": 0.3762531877398548, "k": 6.051022057929399, "phi_d": 2.708430621124425, "phi_s": 4.636404554364563, "s_cf": 1.3578250926001574}, "datetime": {"datetime": "2022-08-22 10:03:00", "elapsed": 6801.948015, "delta": 16.641738}}
{"target": -0.266861289155739, "params": {"beta_enc": 0.7941911618148081, "beta_rec": 0.75, "epsilon_d": 1.7825595825664946, "gamma_cf": 0.32972671134537884, "gamma_fc": 0.3704276786439186, "k": 6.069587599637899, "phi_d": 2.703578469760444, "phi_s": 4.662895523379091, "s_cf": 1.3169904506226446}, "datetime": {"datetime": "2022-08-22 10:03:18", "elapsed": 6819.699472, "delta": 17.751457}}
{"target": -0.49428052431158653, "params": {"beta_enc": 0.579724246313095, "beta_rec": 0.75, "epsilon_d": 2.026564754125947, "gamma_cf": 0.15816704917031305, "gamma_fc": 0.16060426783402046, "k": 7.65402068906399, "phi_d": 1.7968722474438055, "phi_s": 4.486824337534987, "s_cf": 1.0338301996458639}, "datetime": {"datetime": "2022-08-22 10:03:35", "elapsed": 6836.404247, "delta": 16.704775}}
{"target": -0.4157925578259613, "params": {"beta_enc": 0.85, "beta_rec": 0.8588032364491659, "epsilon_d": 2.0689929113162697, "gamma_cf": 0.33853216422886795, "gamma_fc": 0.258216689128842, "k": 7.639503561520003, "phi_d": 1.6863242467103627, "phi_s": 4.514787323192097, "s_cf": 1.0311610515433163}, "datetime": {"datetime": "2022-08-22 10:03:52", "elapsed": 6853.68022, "delta": 17.275973}}
{"target": -0.27317955359000534, "params": {"beta_enc": 0.85, "beta_rec": 0.75, "epsilon_d": 1.8230211143929589, "gamma_cf": 0.3104264840005143, "gamma_fc": 0.3823052429156462, "k": 6.084246473744282, "phi_d": 2.6828938229781865, "phi_s": 4.623721977518524, "s_cf": 1.3409347201789776}, "datetime": {"datetime": "2022-08-22 10:04:09", "elapsed": 6870.881378, "delta": 17.201158}}
{"target": -0.27711879521295996, "params": {"beta_enc": 0.85, "beta_rec": 0.770075385441227, "epsilon_d": 2.053457295577492, "gamma_cf": 0.36067762652167756, "gamma_fc": 0.27503353896358623, "k": 6.2671209080226165, "phi_d": 2.3933774901362597, "phi_s": 4.217263019763869, "s_cf": 1.2138067925793428}, "datetime": {"datetime": "2022-08-22 10:04:27", "elapsed": 6888.369259, "delta": 17.487881}}
{"target": -0.26789051534749736, "params": {"beta_enc": 0.85, "beta_rec": 0.8486320706763377, "epsilon_d": 2.099587665696347, "gamma_cf": 0.3112690175820058, "gamma_fc": 0.25629974514237186, "k": 6.298077156022206, "phi_d": 2.448218874460542, "phi_s": 4.137765904143506, "s_cf": 1.3428347683348665}, "datetime": {"datetime": "2022-08-22 10:04:45", "elapsed": 6906.021357, "delta": 17.652098}}
{"target": -0.24891323793892747, "params": {"beta_enc": 0.85, "beta_rec": 0.7549320460748751, "epsilon_d": 1.7626033648421275, "gamma_cf": 0.37160895040485503, "gamma_fc": 0.3629904963110362, "k": 6.05458771992561, "phi_d": 2.7234847278914187, "phi_s": 4.6619170476829845, "s_cf": 1.3197133837471775}, "datetime": {"datetime": "2022-08-22 10:05:01", "elapsed": 6922.806731, "delta": 16.785374}}
{"target": -0.3265237174377571, "params": {"beta_enc": 0.85, "beta_rec": 0.75, "epsilon_d": 2.126115315026618, "gamma_cf": 0.2905658284882164, "gamma_fc": 0.16856745263617867, "k": 6.286089632735582, "phi_d": 2.4429896066103365, "phi_s": 4.180954523806253, "s_cf": 1.2941517185319475}, "datetime": {"datetime": "2022-08-22 10:05:19", "elapsed": 6940.167663, "delta": 17.360932}}
{"target": -0.23665572441519095, "params": {"beta_enc": 0.85, "beta_rec": 0.7588069651547603, "epsilon_d": 2.0500482420501798, "gamma_cf": 0.3300138545965971, "gamma_fc": 0.3515252858919553, "k": 6.268080051301888, "phi_d": 2.448522130907436, "phi_s": 4.122320984121223, "s_cf": 1.3181346782588503}, "datetime": {"datetime": "2022-08-22 10:05:37", "elapsed": 6958.14026, "delta": 17.972597}}
{"target": -0.37677662316947835, "params": {"beta_enc": 0.85, "beta_rec": 0.9667321026383485, "epsilon_d": 1.8653609848301194, "gamma_cf": 0.40715611879072977, "gamma_fc": 0.27103267321321883, "k": 4.879262388904633, "phi_d": 1.1249183229820163, "phi_s": 2.0526008610765363, "s_cf": 0.7648511699415187}, "datetime": {"datetime": "2022-08-22 10:05:53", "elapsed": 6974.940667, "delta": 16.800407}}
{"target": -0.24522600412456316, "params": {"beta_enc": 0.85, "beta_rec": 0.789732286752202, "epsilon_d": 1.7587666887938136, "gamma_cf": 0.33373664549327753, "gamma_fc": 0.37102333225470524, "k": 6.069018414369795, "phi_d": 2.6754961188239403, "phi_s": 4.657908476919779, "s_cf": 1.3203755790333631}, "datetime": {"datetime": "2022-08-22 10:06:14", "elapsed": 6995.548516, "delta": 20.607849}}
{"target": -0.24535817648323274, "params": {"beta_enc": 0.85, "beta_rec": 0.772461564537444, "epsilon_d": 2.0136783044491113, "gamma_cf": 0.36733766484534514, "gamma_fc": 0.32842807271732793, "k": 6.155018649125375, "phi_d": 2.3658994078375044, "phi_s": 4.184895145236231, "s_cf": 1.3482227488637015}, "datetime": {"datetime": "2022-08-22 10:06:35", "elapsed": 7016.808148, "delta": 21.259632}}
{"target": -0.25142215075220714, "params": {"beta_enc": 0.85, "beta_rec": 0.7517890644158878, "epsilon_d": 2.1010978270432643, "gamma_cf": 0.36787894816319366, "gamma_fc": 0.35671113520061637, "k": 6.268026223109564, "phi_d": 2.4087658060375507, "phi_s": 4.170480142212316, "s_cf": 1.3464577879652833}, "datetime": {"datetime": "2022-08-22 10:06:57", "elapsed": 7038.132441, "delta": 21.324293}}
{"target": -0.25759835157507444, "params": {"beta_enc": 0.85, "beta_rec": 0.8024337303492499, "epsilon_d": 2.044433803643906, "gamma_cf": 0.3636085729424742, "gamma_fc": 0.3392460230580062, "k": 6.186888298139733, "phi_d": 2.470531181626542, "phi_s": 4.178178935213066, "s_cf": 1.3066931171293559}, "datetime": {"datetime": "2022-08-22 10:07:14", "elapsed": 7055.736889, "delta": 17.604448}}
{"target": -0.2841073177875776, "params": {"beta_enc": 0.85, "beta_rec": 0.7765956600370695, "epsilon_d": 2.0885290226091797, "gamma_cf": 0.2900285099721587, "gamma_fc": 0.35652914274677877, "k": 6.354503722302484, "phi_d": 2.466293792608285, "phi_s": 4.042571671831619, "s_cf": 1.2738169743168068}, "datetime": {"datetime": "2022-08-22 10:07:32", "elapsed": 7073.512535, "delta": 17.775646}}
{"target": -0.22526406812248911, "params": {"beta_enc": 0.85, "beta_rec": 0.75, "epsilon_d": 2.0014857189303483, "gamma_cf": 0.3268752519875693, "gamma_fc": 0.30944495998492355, "k": 6.261149231190266, "phi_d": 2.433224560909937, "phi_s": 4.167403993703133, "s_cf": 1.348833691024985}, "datetime": {"datetime": "2022-08-22 10:07:50", "elapsed": 7091.098483, "delta": 17.585948}}
{"target": -0.2728368716729494, "params": {"beta_enc": 0.85, "beta_rec": 0.9376727995907533, "epsilon_d": 1.9800101757210722, "gamma_cf": 0.35522951015606186, "gamma_fc": 0.33174860631485015, "k": 4.5994164456403475, "phi_d": 1.3057389888661743, "phi_s": 2.211113535598159, "s_cf": 0.75}, "datetime": {"datetime": "2022-08-22 10:08:07", "elapsed": 7108.255065, "delta": 17.156582}}
{"target": -0.2362193645251284, "params": {"beta_enc": 0.85, "beta_rec": 0.75, "epsilon_d": 1.9964663521086712, "gamma_cf": 0.35456586626595554, "gamma_fc": 0.3033960722977929, "k": 6.32935814443451, "phi_d": 2.4890244208892796, "phi_s": 4.162871948113343, "s_cf": 1.3465278438284467}, "datetime": {"datetime": "2022-08-22 10:08:24", "elapsed": 7125.601252, "delta": 17.346187}}
{"target": -0.3361315546397804, "params": {"beta_enc": 0.85, "beta_rec": 0.75, "epsilon_d": 2.023985366465294, "gamma_cf": 0.2820449381397493, "gamma_fc": 0.24637980332678983, "k": 7.753840906729909, "phi_d": 2.0001644099957874, "phi_s": 4.374520838654383, "s_cf": 0.9319319610565507}, "datetime": {"datetime": "2022-08-22 10:08:41", "elapsed": 7142.650147, "delta": 17.048895}}
{"target": -0.2340539734663639, "params": {"beta_enc": 0.85, "beta_rec": 0.75, "epsilon_d": 1.974656328096006, "gamma_cf": 0.3061427955942689, "gamma_fc": 0.34665266890926727, "k": 6.269005405732431, "phi_d": 2.4043809219444334, "phi_s": 4.220417594872601, "s_cf": 1.3498752380033012}, "datetime": {"datetime": "2022-08-22 10:09:00", "elapsed": 7161.037693, "delta": 18.387546}}
{"target": -0.36629116100844544, "params": {"beta_enc": 0.85, "beta_rec": 0.8308078427305574, "epsilon_d": 1.7294577435871634, "gamma_cf": 0.5, "gamma_fc": 0.31324012762363757, "k": 4.866208842792784, "phi_d": 2.463474487254653, "phi_s": 2.7952436124421083, "s_cf": 1.2051335868196769}, "datetime": {"datetime": "2022-08-22 10:09:17", "elapsed": 7178.133045, "delta": 17.095352}}
{"target": -0.25135085675048074, "params": {"beta_enc": 0.85, "beta_rec": 0.75, "epsilon_d": 1.9095975756699977, "gamma_cf": 0.3803688578043359, "gamma_fc": 0.30290587237305777, "k": 6.227829781304469, "phi_d": 2.40238416665284, "phi_s": 4.226322036288695, "s_cf": 1.3930343911340006}, "datetime": {"datetime": "2022-08-22 10:09:34", "elapsed": 7195.502854, "delta": 17.369809}}
{"target": -0.5632196130519805, "params": {"beta_enc": 0.85, "beta_rec": 0.9761773043577237, "epsilon_d": 1.688245527117172, "gamma_cf": 0.47970128113007937, "gamma_fc": 0.3854266126862252, "k": 6.312976308517043, "phi_d": 1.6412514522335342, "phi_s": 1.4546330534346648, "s_cf": 1.2474013044079897}, "datetime": {"datetime": "2022-08-22 10:09:51", "elapsed": 7212.385315, "delta": 16.882461}}
{"target": -0.3355959446365099, "params": {"beta_enc": 0.85, "beta_rec": 0.8789312405129537, "epsilon_d": 2.0066587703357164, "gamma_cf": 0.39149408835316446, "gamma_fc": 0.20270393721504731, "k": 4.699682623342214, "phi_d": 1.406559544053844, "phi_s": 2.3224313230956217, "s_cf": 0.75}, "datetime": {"datetime": "2022-08-22 10:10:08", "elapsed": 7229.572729, "delta": 17.187414}}
{"target": -0.4859380223167197, "params": {"beta_enc": 0.85, "beta_rec": 1.0, "epsilon_d": 1.9719706258386454, "gamma_cf": 0.2854872500222671, "gamma_fc": 0.4588555228605242, "k": 4.698107307810523, "phi_d": 1.2619515817057052, "phi_s": 2.24484532562059, "s_cf": 0.7643256659781638}, "datetime": {"datetime": "2022-08-22 10:10:26", "elapsed": 7247.713283, "delta": 18.140554}}
{"target": -0.33236159950125427, "params": {"beta_enc": 0.85, "beta_rec": 0.9373078269196076, "epsilon_d": 1.9611040945948324, "gamma_cf": 0.3776364458641384, "gamma_fc": 0.22586192727430973, "k": 4.567393659337512, "phi_d": 1.2762155667661863, "phi_s": 2.1287167154223194, "s_cf": 0.75}, "datetime": {"datetime": "2022-08-22 10:10:44", "elapsed": 7265.289919, "delta": 17.576636}}
{"target": -0.2652307035710605, "params": {"beta_enc": 0.85, "beta_rec": 0.8181173291046987, "epsilon_d": 1.9748086290048574, "gamma_cf": 0.410224664764367, "gamma_fc": 0.37824690908410896, "k": 4.483178729031379, "phi_d": 1.3247057798387232, "phi_s": 2.228398166766103, "s_cf": 0.75}, "datetime": {"datetime": "2022-08-22 10:11:02", "elapsed": 7283.124099, "delta": 17.83418}}
{"target": -0.3467736794563447, "params": {"beta_enc": 0.85, "beta_rec": 0.9403401775834599, "epsilon_d": 1.9836448344909554, "gamma_cf": 0.4600646893331692, "gamma_fc": 0.3694972649044308, "k": 4.488777785942674, "phi_d": 1.4125828814796404, "phi_s": 2.2305407030686126, "s_cf": 0.75}, "datetime": {"datetime": "2022-08-22 10:11:19", "elapsed": 7300.055847, "delta": 16.931748}}
{"target": -0.2589671998997475, "params": {"beta_enc": 0.85, "beta_rec": 0.7792281276075301, "epsilon_d": 1.9806429468410314, "gamma_cf": 0.33850272171024837, "gamma_fc": 0.3255130963060518, "k": 4.580923446915215, "phi_d": 1.2440341160928494, "phi_s": 2.2119577438720452, "s_cf": 0.75}, "datetime": {"datetime": "2022-08-22 10:11:36", "elapsed": 7317.616791, "delta": 17.560944}}
{"target": -0.25657065320471995, "params": {"beta_enc": 0.85, "beta_rec": 0.75, "epsilon_d": 2.017659287285765, "gamma_cf": 0.29246067797169617, "gamma_fc": 0.3268086098113376, "k": 6.23755319389975, "phi_d": 2.4449371083529194, "phi_s": 4.158840770111975, "s_cf": 1.406033987568801}, "datetime": {"datetime": "2022-08-22 10:11:54", "elapsed": 7335.528512, "delta": 17.911721}}
