{"target": -0.7948458812097087, "params": {"beta_enc": 0.5559715760062491, "beta_rec": 0.8610870393615317, "epsilon_d": 1.167549907690921, "gamma_cf": 0.08265924524011992, "gamma_fc": 0.09859817323333464, "k": 6.764109366226817, "phi_d": 2.147605738330706, "phi_s": 4.493292536146928, "s_cf": 0.933475549289406}, "datetime": {"datetime": "2022-08-22 08:50:41", "elapsed": 2461.971853, "delta": 10.865831}}
{"target": -0.4224530725052582, "params": {"beta_enc": 0.7203627848516196, "beta_rec": 0.7586078163267739, "epsilon_d": 2.0323969221541383, "gamma_cf": 0.43161324085692476, "gamma_fc": 0.4920632719424584, "k": 4.0394919014356745, "phi_d": 1.5056829641536302, "phi_s": 1.8953986813101014, "s_cf": 0.7856531956708204}, "datetime": {"datetime": "2022-08-22 08:50:55", "elapsed": 2476.138178, "delta": 14.166325}}
{"target": -0.7684798589282205, "params": {"beta_enc": 0.5035603596916215, "beta_rec": 0.8725488280610579, "epsilon_d": 1.0909642913405881, "gamma_cf": 0.139164065423451, "gamma_fc": 0.31998728455445613, "k": 5.178768166243617, "phi_d": 1.5393094023181029, "phi_s": 3.3621860889742683, "s_cf": 1.03540055790723}, "datetime": {"datetime": "2022-08-22 08:51:06", "elapsed": 2487.791505, "delta": 11.653327}}
{"target": -0.5264513519357793, "params": {"beta_enc": 0.7458830618864903, "beta_rec": 0.8740309878124652, "epsilon_d": 2.2664185316129553, "gamma_cf": 0.1766971735008147, "gamma_fc": 0.14352197307775433, "k": 4.532828455004408, "phi_d": 2.8741607695979283, "phi_s": 4.219343384063178, "s_cf": 1.4535214073672642}, "datetime": {"datetime": "2022-08-22 08:51:22", "elapsed": 2503.342132, "delta": 15.550627}}
{"target": -0.6135647561526116, "params": {"beta_enc": 0.5648831836267308, "beta_rec": 0.9832889407058064, "epsilon_d": 2.871506415384266, "gamma_cf": 0.14177225680182726, "gamma_fc": 0.13731712421193148, "k": 6.2057262946934895, "phi_d": 1.3705784787371047, "phi_s": 2.7684044425070633, "s_cf": 0.8889882344532634}, "datetime": {"datetime": "2022-08-22 08:51:40", "elapsed": 2521.738979, "delta": 18.396847}}
{"target": -0.5112742552407037, "params": {"beta_enc": 0.8315815712838857, "beta_rec": 0.8734561643727714, "epsilon_d": 2.9278355348479956, "gamma_cf": 0.3224708362561059, "gamma_fc": 0.2421578865161928, "k": 7.87078098384479, "phi_d": 1.2863795634175257, "phi_s": 3.5293194986659864, "s_cf": 1.246416275877598}, "datetime": {"datetime": "2022-08-22 08:51:59", "elapsed": 2540.592666, "delta": 18.853687}}
{"target": -0.544673707364436, "params": {"beta_enc": 0.6518439395034541, "beta_rec": 0.7648393063347394, "epsilon_d": 1.9854452023320666, "gamma_cf": 0.23256697175903873, "gamma_fc": 0.40337340538743177, "k": 5.026643959811905, "phi_d": 1.7828607259685372, "phi_s": 1.9606888288855089, "s_cf": 1.264832561379273}, "datetime": {"datetime": "2022-08-22 08:52:17", "elapsed": 2558.402816, "delta": 17.81015}}
{"target": -0.4503323240230957, "params": {"beta_enc": 0.8464592086679904, "beta_rec": 0.7943573842170655, "epsilon_d": 2.6428934804525945, "gamma_cf": 0.11549427964081665, "gamma_fc": 0.028987906686383513, "k": 4.555266072182695, "phi_d": 2.8703062310847773, "phi_s": 4.554168413424913, "s_cf": 0.9669453716121825}, "datetime": {"datetime": "2022-08-22 08:52:34", "elapsed": 2575.510208, "delta": 17.107392}}
{"target": -0.330782606272359, "params": {"beta_enc": 0.8317174231355624, "beta_rec": 0.9624826338078547, "epsilon_d": 1.869309588143347, "gamma_cf": 0.2340247774332364, "gamma_fc": 0.31492651079171136, "k": 4.63212733985525, "phi_d": 1.0295641734841858, "phi_s": 2.0620480698895434, "s_cf": 0.7615827239570707}, "datetime": {"datetime": "2022-08-22 08:52:51", "elapsed": 2592.216972, "delta": 16.706764}}
{"target": -0.440232619696992, "params": {"beta_enc": 0.7360745954567901, "beta_rec": 0.8878672089531942, "epsilon_d": 1.6432962912055553, "gamma_cf": 0.3901011685598793, "gamma_fc": 0.07289271560738853, "k": 4.979522555047534, "phi_d": 1.5846275240785674, "phi_s": 1.7837277859959686, "s_cf": 0.8159540128279525}, "datetime": {"datetime": "2022-08-22 08:53:06", "elapsed": 2607.952924, "delta": 15.735952}}
{"target": -0.4556847485752501, "params": {"beta_enc": 0.8044916630950626, "beta_rec": 0.7720471613928775, "epsilon_d": 2.3674206716432757, "gamma_cf": 0.06020043842886169, "gamma_fc": 0.005349501572087079, "k": 6.2290729202996555, "phi_d": 2.8142181104407413, "phi_s": 4.441826669347541, "s_cf": 1.0038385380886874}, "datetime": {"datetime": "2022-08-22 08:53:23", "elapsed": 2624.020987, "delta": 16.068063}}
{"target": -0.5995711268171746, "params": {"beta_enc": 0.5095055902640517, "beta_rec": 0.9502148387825082, "epsilon_d": 2.611969864579332, "gamma_cf": 0.43424405815138606, "gamma_fc": 0.33482329993776655, "k": 7.231115449260306, "phi_d": 2.7949965646056407, "phi_s": 2.815319801960049, "s_cf": 1.1683689777861828}, "datetime": {"datetime": "2022-08-22 08:53:42", "elapsed": 2643.21631, "delta": 19.195323}}
{"target": -0.5609873089273324, "params": {"beta_enc": 0.6771458950898821, "beta_rec": 0.9229959761310547, "epsilon_d": 2.3658137352597497, "gamma_cf": 0.26015681793165824, "gamma_fc": 0.41423407404273566, "k": 6.023117547159465, "phi_d": 2.649717124770464, "phi_s": 2.1273803525729718, "s_cf": 0.8838711247331161}, "datetime": {"datetime": "2022-08-22 08:54:00", "elapsed": 2661.679811, "delta": 18.463501}}
{"target": -0.4618049521906894, "params": {"beta_enc": 0.8394546996206499, "beta_rec": 0.9354848813640192, "epsilon_d": 1.519583386608829, "gamma_cf": 0.29061767114558584, "gamma_fc": 0.4776311267690934, "k": 4.323015631248316, "phi_d": 1.1670684141234822, "phi_s": 3.476539325679629, "s_cf": 0.9183701091269683}, "datetime": {"datetime": "2022-08-22 08:54:16", "elapsed": 2677.421002, "delta": 15.741191}}
{"target": -0.4564180481157842, "params": {"beta_enc": 0.7678143848567278, "beta_rec": 0.8920381357372763, "epsilon_d": 2.3323761804469907, "gamma_cf": 0.053906950397296205, "gamma_fc": 0.042141525718278394, "k": 6.500484273221959, "phi_d": 1.819462522268041, "phi_s": 1.3490100954879272, "s_cf": 1.028297958762142}, "datetime": {"datetime": "2022-08-22 08:54:32", "elapsed": 2693.223649, "delta": 15.802647}}
{"target": -0.6689001232326097, "params": {"beta_enc": 0.735250543379897, "beta_rec": 0.7973968500478964, "epsilon_d": 2.791458217057408, "gamma_cf": 0.47492319444004366, "gamma_fc": 0.4807862712172669, "k": 6.92033023096104, "phi_d": 1.8125768553766302, "phi_s": 3.9749967854048784, "s_cf": 0.9659901594560636}, "datetime": {"datetime": "2022-08-22 08:54:49", "elapsed": 2710.924084, "delta": 17.700435}}
{"target": -0.564390889154115, "params": {"beta_enc": 0.6100460278367612, "beta_rec": 0.9014740903044645, "epsilon_d": 2.1896942668158355, "gamma_cf": 0.43933048815790554, "gamma_fc": 0.12730037783028847, "k": 7.064753460811287, "phi_d": 2.8820265336378026, "phi_s": 1.0041317306309385, "s_cf": 1.1070668385015785}, "datetime": {"datetime": "2022-08-22 08:55:04", "elapsed": 2725.193432, "delta": 14.269348}}
{"target": -0.5222709371054078, "params": {"beta_enc": 0.7299641151586552, "beta_rec": 0.9608308034798806, "epsilon_d": 1.3674788237520035, "gamma_cf": 0.4280796189936859, "gamma_fc": 0.18218273992851397, "k": 7.569095717104689, "phi_d": 1.05542348024473, "phi_s": 1.3415605564926825, "s_cf": 1.4860578493155843}, "datetime": {"datetime": "2022-08-22 08:55:16", "elapsed": 2737.609098, "delta": 12.415666}}
{"target": -0.5736188443138194, "params": {"beta_enc": 0.7133256740207238, "beta_rec": 0.8544080867035458, "epsilon_d": 1.338428369387381, "gamma_cf": 0.324950576544845, "gamma_fc": 0.01848753417967891, "k": 5.246455653842819, "phi_d": 1.6469583939781507, "phi_s": 3.4297675740582143, "s_cf": 1.2381234425067729}, "datetime": {"datetime": "2022-08-22 08:55:28", "elapsed": 2749.214339, "delta": 11.605241}}
{"target": -0.41080506545387613, "params": {"beta_enc": 0.7961191097327642, "beta_rec": 0.9818952356493859, "epsilon_d": 2.3209154552221993, "gamma_cf": 0.2890869592042691, "gamma_fc": 0.1993577718145042, "k": 7.866449970568568, "phi_d": 1.3081583436647148, "phi_s": 4.580347234594594, "s_cf": 0.9832598009136311}, "datetime": {"datetime": "2022-08-22 08:55:42", "elapsed": 2763.440202, "delta": 14.225863}}
{"target": -0.5730573572018128, "params": {"beta_enc": 0.6919711813831364, "beta_rec": 0.9205165646082037, "epsilon_d": 1.4729393026523108, "gamma_cf": 0.08386834252513581, "gamma_fc": 0.254241006714808, "k": 7.167455502338687, "phi_d": 2.384828924334151, "phi_s": 1.4758933486920593, "s_cf": 1.4255566613037998}, "datetime": {"datetime": "2022-08-22 08:55:54", "elapsed": 2775.734723, "delta": 12.294521}}
{"target": -0.5101012074261442, "params": {"beta_enc": 0.6679081484672043, "beta_rec": 0.9866691698099119, "epsilon_d": 2.1068674124965314, "gamma_cf": 0.04240091083017644, "gamma_fc": 0.1012315178372678, "k": 7.416951891665531, "phi_d": 2.411854733529438, "phi_s": 4.579758080611697, "s_cf": 0.9968595013457249}, "datetime": {"datetime": "2022-08-22 08:56:07", "elapsed": 2788.648199, "delta": 12.913476}}
{"target": -0.4913165402995509, "params": {"beta_enc": 0.6848004888231691, "beta_rec": 0.9125995331210299, "epsilon_d": 2.188581707173329, "gamma_cf": 0.1157314677671239, "gamma_fc": 0.2134106747241178, "k": 4.9924458562407, "phi_d": 2.6912299244622906, "phi_s": 4.9467097798723305, "s_cf": 0.7999281023492845}, "datetime": {"datetime": "2022-08-22 08:56:21", "elapsed": 2802.506886, "delta": 13.858687}}
{"target": -0.5245526935687149, "params": {"beta_enc": 0.7498748112934365, "beta_rec": 0.8325288880497685, "epsilon_d": 2.2508707566228656, "gamma_cf": 0.1290648246409355, "gamma_fc": 0.32550380465424755, "k": 5.484588737850919, "phi_d": 1.5896417590739274, "phi_s": 4.647052694791196, "s_cf": 1.4568741556696556}, "datetime": {"datetime": "2022-08-22 08:56:35", "elapsed": 2816.858189, "delta": 14.351303}}
{"target": -0.5703637402719012, "params": {"beta_enc": 0.7147425092960474, "beta_rec": 0.8036169452076731, "epsilon_d": 2.878837741812319, "gamma_cf": 0.37522677336166205, "gamma_fc": 0.37554490366140303, "k": 4.846885339393944, "phi_d": 2.6603130523245984, "phi_s": 1.9603806166448403, "s_cf": 1.22371555893762}, "datetime": {"datetime": "2022-08-22 08:56:51", "elapsed": 2832.524773, "delta": 15.666584}}
{"target": -0.4374433235418268, "params": {"beta_enc": 0.7487588494648552, "beta_rec": 0.9355958574267754, "epsilon_d": 1.780529409199162, "gamma_cf": 0.3799126983580487, "gamma_fc": 0.45146795106085497, "k": 6.349680076950308, "phi_d": 1.1808194313895972, "phi_s": 1.5159039365691043, "s_cf": 0.8289468949970902}, "datetime": {"datetime": "2022-08-22 08:57:05", "elapsed": 2846.116792, "delta": 13.592019}}
{"target": -0.6369961390588973, "params": {"beta_enc": 0.560454612163008, "beta_rec": 0.7816077225724213, "epsilon_d": 2.556601780135255, "gamma_cf": 0.019705756092222138, "gamma_fc": 0.12077920867043201, "k": 7.516265605433862, "phi_d": 2.9470377216725874, "phi_s": 3.4216880309081925, "s_cf": 1.4821786984202914}, "datetime": {"datetime": "2022-08-22 08:57:18", "elapsed": 2859.762771, "delta": 13.645979}}
{"target": -0.5039324544871628, "params": {"beta_enc": 0.5152080396002419, "beta_rec": 0.9871431920940019, "epsilon_d": 1.6225921649123343, "gamma_cf": 0.3994864201807965, "gamma_fc": 0.40531455172345077, "k": 7.439994366321379, "phi_d": 1.917101621805002, "phi_s": 4.7225775686617935, "s_cf": 0.9434197383202799}, "datetime": {"datetime": "2022-08-22 08:57:31", "elapsed": 2872.862187, "delta": 13.099416}}
{"target": -0.6616767503362737, "params": {"beta_enc": 0.8270559223853546, "beta_rec": 0.9047799083129151, "epsilon_d": 2.970889829889661, "gamma_cf": 0.016321932981296194, "gamma_fc": 0.3625833294163542, "k": 6.262216941521524, "phi_d": 1.9848480947966392, "phi_s": 2.036872502602948, "s_cf": 0.9951230136497813}, "datetime": {"datetime": "2022-08-22 08:57:47", "elapsed": 2888.357895, "delta": 15.495708}}
{"target": -0.5009487900695628, "params": {"beta_enc": 0.5873117723454857, "beta_rec": 0.8048169775812652, "epsilon_d": 2.5993216750496777, "gamma_cf": 0.2511975029491292, "gamma_fc": 0.04159494434849886, "k": 7.107936768109521, "phi_d": 2.067298152167462, "phi_s": 3.957551149385528, "s_cf": 1.136545269857341}, "datetime": {"datetime": "2022-08-22 08:58:01", "elapsed": 2902.272442, "delta": 13.914547}}
{"target": -0.5785188429893398, "params": {"beta_enc": 0.6399810733947962, "beta_rec": 0.9965616956090737, "epsilon_d": 1.0564852403258254, "gamma_cf": 0.46638195398242915, "gamma_fc": 0.465427483879984, "k": 5.563674846005832, "phi_d": 1.4289297422666396, "phi_s": 3.476853191732956, "s_cf": 0.8834792516026271}, "datetime": {"datetime": "2022-08-22 08:58:12", "elapsed": 2913.669684, "delta": 11.397242}}
{"target": -0.34058313404921026, "params": {"beta_enc": 0.7811228680148029, "beta_rec": 0.8134834639694338, "epsilon_d": 1.5816123100653559, "gamma_cf": 0.4579578950049785, "gamma_fc": 0.4514584167372045, "k": 6.141523566922087, "phi_d": 2.7256779611572313, "phi_s": 2.410130275220247, "s_cf": 1.4984132086686768}, "datetime": {"datetime": "2022-08-22 08:58:25", "elapsed": 2926.780049, "delta": 13.110365}}
{"target": -0.6267961909279213, "params": {"beta_enc": 0.6517914087917419, "beta_rec": 0.8237030029496238, "epsilon_d": 1.0831484678983345, "gamma_cf": 0.4948534768933709, "gamma_fc": 0.2324438154559112, "k": 6.938340056201483, "phi_d": 2.2816152480917493, "phi_s": 3.892373598664039, "s_cf": 0.7883331778695872}, "datetime": {"datetime": "2022-08-22 08:58:37", "elapsed": 2938.075936, "delta": 11.295887}}
{"target": -0.6982925297900504, "params": {"beta_enc": 0.8220158918933997, "beta_rec": 0.9817103044755604, "epsilon_d": 2.1039900543083943, "gamma_cf": 0.4819579443422755, "gamma_fc": 0.14047776849518373, "k": 6.408586508546181, "phi_d": 1.7929253801052478, "phi_s": 3.512092927020913, "s_cf": 0.9754742163928111}, "datetime": {"datetime": "2022-08-22 08:58:51", "elapsed": 2952.104406, "delta": 14.02847}}
{"target": -0.7652599558367752, "params": {"beta_enc": 0.786775434629607, "beta_rec": 0.7674464946260522, "epsilon_d": 1.0837551405999926, "gamma_cf": 0.024698192316657153, "gamma_fc": 0.07522751418383172, "k": 5.581401895178761, "phi_d": 2.9107799785143493, "phi_s": 1.4431817587838247, "s_cf": 1.2356647393623204}, "datetime": {"datetime": "2022-08-22 08:59:01", "elapsed": 2962.661209, "delta": 10.556803}}
{"target": -0.6924345835476032, "params": {"beta_enc": 0.6846675279597222, "beta_rec": 0.8383106014957648, "epsilon_d": 1.3963984586403837, "gamma_cf": 0.11029704092366788, "gamma_fc": 0.021910754863573467, "k": 6.852655892639258, "phi_d": 2.3076803983925096, "phi_s": 2.7750791708988896, "s_cf": 1.2892046160673827}, "datetime": {"datetime": "2022-08-22 08:59:12", "elapsed": 2973.800553, "delta": 11.139344}}
{"target": -0.6387840010004071, "params": {"beta_enc": 0.5384915903558621, "beta_rec": 0.9846797933422328, "epsilon_d": 2.6952534184787753, "gamma_cf": 0.32951782983294164, "gamma_fc": 0.18941558433086592, "k": 5.66626691605899, "phi_d": 1.9643078443149349, "phi_s": 4.7411350800272025, "s_cf": 1.3976947161885769}, "datetime": {"datetime": "2022-08-22 08:59:28", "elapsed": 2989.020678, "delta": 15.220125}}
{"target": -0.6292261405847274, "params": {"beta_enc": 0.6672733472257958, "beta_rec": 0.8886296245695418, "epsilon_d": 2.7508077245586433, "gamma_cf": 0.47463221688614504, "gamma_fc": 0.319592377934123, "k": 6.994081280359015, "phi_d": 1.7032498127208853, "phi_s": 4.67211327634472, "s_cf": 1.3775640373903735}, "datetime": {"datetime": "2022-08-22 08:59:43", "elapsed": 3004.552475, "delta": 15.531797}}
{"target": -0.555433488390092, "params": {"beta_enc": 0.693219558428667, "beta_rec": 0.9669068024037935, "epsilon_d": 2.6997437628806646, "gamma_cf": 0.4042056783030709, "gamma_fc": 0.06534641219869403, "k": 6.144010299287249, "phi_d": 2.801566229413832, "phi_s": 4.083327322215322, "s_cf": 1.0655348992688938}, "datetime": {"datetime": "2022-08-22 08:59:58", "elapsed": 3019.378862, "delta": 14.826387}}
{"target": -0.7338038551986441, "params": {"beta_enc": 0.842258137675988, "beta_rec": 0.8126932891682506, "epsilon_d": 1.6672204576957954, "gamma_cf": 0.4771002537147945, "gamma_fc": 0.40435767409264484, "k": 7.601360018042648, "phi_d": 1.0231791788197904, "phi_s": 2.519057732135979, "s_cf": 0.926641467457402}, "datetime": {"datetime": "2022-08-22 09:00:11", "elapsed": 3032.058823, "delta": 12.679961}}
{"target": -0.5408607682828975, "params": {"beta_enc": 0.603577268160594, "beta_rec": 0.9344988741009602, "epsilon_d": 2.4481696897281484, "gamma_cf": 0.23089970509953073, "gamma_fc": 0.18263723060354686, "k": 6.338766452018103, "phi_d": 2.0674155092685527, "phi_s": 3.202318236031448, "s_cf": 1.2116078033359934}, "datetime": {"datetime": "2022-08-22 09:00:25", "elapsed": 3046.611851, "delta": 14.553028}}
{"target": -0.5511183950554874, "params": {"beta_enc": 0.638476895293642, "beta_rec": 0.9429296206038646, "epsilon_d": 1.5024063666987733, "gamma_cf": 0.327880383951683, "gamma_fc": 0.48019857411000905, "k": 4.014219041857704, "phi_d": 2.4467220887886123, "phi_s": 1.4359801357185749, "s_cf": 1.157840618747869}, "datetime": {"datetime": "2022-08-22 09:00:38", "elapsed": 3059.94865, "delta": 13.336799}}
{"target": -0.4593588260385114, "params": {"beta_enc": 0.7194206058381171, "beta_rec": 0.8107367814427002, "epsilon_d": 2.827687750493216, "gamma_cf": 0.3111562643458089, "gamma_fc": 0.11584734569742994, "k": 7.08052875039923, "phi_d": 1.2110141599946695, "phi_s": 3.220901274125378, "s_cf": 0.8212170523518686}, "datetime": {"datetime": "2022-08-22 09:00:53", "elapsed": 3074.603089, "delta": 14.654439}}
{"target": -0.37323358727172506, "params": {"beta_enc": 0.7033444254362569, "beta_rec": 0.8132450281800471, "epsilon_d": 2.2989336159094926, "gamma_cf": 0.35791347642909, "gamma_fc": 0.2620928072843306, "k": 6.63008563081244, "phi_d": 2.626587690650111, "phi_s": 4.230049086572128, "s_cf": 1.214761494040397}, "datetime": {"datetime": "2022-08-22 09:01:08", "elapsed": 3088.961764, "delta": 14.358675}}
{"target": -0.5437831938758159, "params": {"beta_enc": 0.6578858617422711, "beta_rec": 0.8519874972618419, "epsilon_d": 2.749495239808727, "gamma_cf": 0.35146586605718566, "gamma_fc": 0.09246751118670082, "k": 6.262928586517053, "phi_d": 2.817616064600114, "phi_s": 1.6027599689930847, "s_cf": 1.3841382566480298}, "datetime": {"datetime": "2022-08-22 09:01:22", "elapsed": 3103.723761, "delta": 14.761997}}
{"target": -0.6151391309799058, "params": {"beta_enc": 0.7870708632103725, "beta_rec": 0.8748352753244586, "epsilon_d": 1.0751677029714064, "gamma_cf": 0.07375125269846772, "gamma_fc": 0.4613193473443356, "k": 4.17661918412745, "phi_d": 1.744997532810719, "phi_s": 3.4761585389018834, "s_cf": 0.8977110291855125}, "datetime": {"datetime": "2022-08-22 09:01:34", "elapsed": 3115.626896, "delta": 11.903135}}
{"target": -0.3405191099366093, "params": {"beta_enc": 0.8433779150341041, "beta_rec": 0.7889938082608556, "epsilon_d": 2.0793583903225485, "gamma_cf": 0.3090056621733223, "gamma_fc": 0.11549497433485195, "k": 5.865235956837365, "phi_d": 1.9820170582658585, "phi_s": 4.067449505306168, "s_cf": 1.225710564580405}, "datetime": {"datetime": "2022-08-22 09:01:47", "elapsed": 3128.951057, "delta": 13.324161}}
{"target": -0.5230862154612523, "params": {"beta_enc": 0.6636425185728688, "beta_rec": 0.9167356357984938, "epsilon_d": 1.9067548530443967, "gamma_cf": 0.26285579567070483, "gamma_fc": 0.32928402077918095, "k": 4.724781527815447, "phi_d": 2.5760991023446143, "phi_s": 3.4114613501535893, "s_cf": 1.4852496638529957}, "datetime": {"datetime": "2022-08-22 09:02:01", "elapsed": 3142.907797, "delta": 13.95674}}
{"target": -0.6498975807468945, "params": {"beta_enc": 0.5778341177359115, "beta_rec": 0.8665666185416434, "epsilon_d": 2.791283605198893, "gamma_cf": 0.30071670484939406, "gamma_fc": 0.3629794229244075, "k": 5.654680656805441, "phi_d": 2.3686192436626397, "phi_s": 4.784220119390253, "s_cf": 0.9001395493044916}, "datetime": {"datetime": "2022-08-22 09:02:18", "elapsed": 3159.091558, "delta": 16.183761}}
{"target": -0.7524654276145715, "params": {"beta_enc": 0.7825778423570622, "beta_rec": 0.992384503024974, "epsilon_d": 1.0291374635266635, "gamma_cf": 0.10760479329721379, "gamma_fc": 0.05868846015656487, "k": 7.069694070965813, "phi_d": 1.1624331718854666, "phi_s": 4.99365423436363, "s_cf": 1.042209011909479}, "datetime": {"datetime": "2022-08-22 09:02:30", "elapsed": 3171.690074, "delta": 12.598516}}
{"target": -0.3188516642412143, "params": {"beta_enc": 0.8168209680765641, "beta_rec": 0.7971444008748669, "epsilon_d": 1.8817443996445817, "gamma_cf": 0.42240590950310175, "gamma_fc": 0.2976348903366281, "k": 5.848632386765429, "phi_d": 2.025299493514235, "phi_s": 3.2955421075693896, "s_cf": 1.0802394056891949}, "datetime": {"datetime": "2022-08-22 09:02:45", "elapsed": 3186.653846, "delta": 14.963772}}
{"target": -0.6832133631345944, "params": {"beta_enc": 0.5677456352033337, "beta_rec": 0.7784914403647966, "epsilon_d": 1.302455854740296, "gamma_cf": 0.02624548192656695, "gamma_fc": 0.27933820553181576, "k": 7.390884056144042, "phi_d": 1.7182386778482215, "phi_s": 1.3012434905432713, "s_cf": 1.0692933089888372}, "datetime": {"datetime": "2022-08-22 09:02:57", "elapsed": 3198.790375, "delta": 12.136529}}
{"target": -0.6126013661118412, "params": {"beta_enc": 0.7107027434652005, "beta_rec": 0.8563508663939094, "epsilon_d": 2.62144246721474, "gamma_cf": 0.4709431230933526, "gamma_fc": 0.4349553866341772, "k": 6.815997993119554, "phi_d": 1.9405978495643506, "phi_s": 3.7307921716130052, "s_cf": 0.7600637329173972}, "datetime": {"datetime": "2022-08-22 09:03:12", "elapsed": 3213.884586, "delta": 15.094211}}
