{"target": -0.7964116605181933, "params": {"beta_enc": 0.6459577016459008, "beta_rec": 0.9300811233605395, "epsilon_d": 1.0002287496346898, "gamma_cf": 0.15116628631591988, "gamma_fc": 0.07337794540855652, "k": 4.369354379075191, "phi_d": 1.3725204227553418, "phi_s": 2.382242908172191, "s_cf": 1.0475756056730026}, "datetime": {"datetime": "2022-08-22 08:09:39", "elapsed": 0.0, "delta": 0.0}}
{"target": -0.6804309843394526, "params": {"beta_enc": 0.6885858569011749, "beta_rec": 0.8547986286008237, "epsilon_d": 2.370439000793519, "gamma_cf": 0.10222612486575872, "gamma_fc": 0.4390587181954727, "k": 4.109550372791705, "phi_d": 2.3409350203568042, "phi_s": 2.669219209468508, "s_cf": 1.1690173713343137}, "datetime": {"datetime": "2022-08-22 08:09:53", "elapsed": 14.956892, "delta": 14.956892}}
{"target": -0.5860628688605627, "params": {"beta_enc": 0.5491354285083319, "beta_rec": 0.7995253722712197, "epsilon_d": 2.6014891373510736, "gamma_cf": 0.48413078785969876, "gamma_fc": 0.15671208907962142, "k": 6.769290462677256, "phi_d": 2.7527783045920766, "phi_s": 4.57842665401539, "s_cf": 0.8137831585273334}, "datetime": {"datetime": "2022-08-22 08:10:09", "elapsed": 30.054807, "delta": 15.097915}}
{"target": -0.661903919740935, "params": {"beta_enc": 0.5136691741315088, "beta_rec": 0.7924576048911423, "epsilon_d": 2.7562850068588265, "gamma_cf": 0.04917341691652505, "gamma_fc": 0.21055381250252608, "k": 7.831558120602008, "phi_d": 2.066330569946034, "phi_s": 3.7675084558018934, "s_cf": 0.9866367232545472}, "datetime": {"datetime": "2022-08-22 08:10:23", "elapsed": 44.473928, "delta": 14.419121}}
{"target": -0.7332400106579547, "params": {"beta_enc": 0.7402753246885543, "beta_rec": 0.9586564179743432, "epsilon_d": 1.0365765546883836, "gamma_cf": 0.37507215747248374, "gamma_fc": 0.49443054445324736, "k": 6.992662617519358, "phi_d": 1.5608879841288104, "phi_s": 4.157117313805954, "s_cf": 0.8274195049332316}, "datetime": {"datetime": "2022-08-22 08:10:34", "elapsed": 55.764702, "delta": 11.290774}}
{"target": -0.635688722300685, "params": {"beta_enc": 0.6567627341615668, "beta_rec": 0.9771488757732739, "epsilon_d": 1.587228296747359, "gamma_cf": 0.14388766929317437, "gamma_fc": 0.06501428605913884, "k": 4.077467831481188, "phi_d": 2.357671065879782, "phi_s": 1.8465124640002362, "s_cf": 0.9491599945291697}, "datetime": {"datetime": "2022-08-22 08:10:46", "elapsed": 67.931471, "delta": 12.166769}}
{"target": -0.5201945640198582, "params": {"beta_enc": 0.6720506057481184, "beta_rec": 0.7633406362792701, "epsilon_d": 2.1482352109840264, "gamma_cf": 0.07336428745290507, "gamma_fc": 0.2946527684516421, "k": 6.799033440083725, "phi_d": 1.2046688576556517, "phi_s": 2.6562239512782733, "s_cf": 1.2708001182958089}, "datetime": {"datetime": "2022-08-22 08:11:03", "elapsed": 84.130786, "delta": 16.199315}}
{"target": -0.3370493917418288, "params": {"beta_enc": 0.6449627443344159, "beta_rec": 0.7624883647365218, "epsilon_d": 2.071792811831023, "gamma_cf": 0.3318973226098944, "gamma_fc": 0.2574445560291543, "k": 7.778379023963254, "phi_d": 2.173110081003986, "phi_s": 4.6136076611515335, "s_cf": 0.8531060281096782}, "datetime": {"datetime": "2022-08-22 08:11:20", "elapsed": 101.582238, "delta": 17.451452}}
{"target": -0.7139821556527322, "params": {"beta_enc": 0.5487467215377655, "beta_rec": 0.951847822177381, "epsilon_d": 1.7953536739710672, "gamma_cf": 0.08267709855846639, "gamma_fc": 0.46375429019801695, "k": 5.391063438982027, "phi_d": 2.501624206272311, "phi_s": 3.903991941401806, "s_cf": 1.4124795684043574}, "datetime": {"datetime": "2022-08-22 08:11:37", "elapsed": 118.94746, "delta": 17.365222}}
{"target": -0.5503172775405186, "params": {"beta_enc": 0.718285272469463, "beta_rec": 0.9377356085068342, "epsilon_d": 1.697796683955685, "gamma_cf": 0.13496394588251304, "gamma_fc": 0.4479431090980334, "k": 5.71236475948518, "phi_d": 2.929680094296771, "phi_s": 3.6537659912737923, "s_cf": 1.2162717901568414}, "datetime": {"datetime": "2022-08-22 08:11:55", "elapsed": 136.054931, "delta": 17.107471}}
{"target": -0.5220426488530233, "params": {"beta_enc": 0.5401610905336813, "beta_rec": 0.9873723146767678, "epsilon_d": 1.899824266959881, "gamma_cf": 0.2891948071935659, "gamma_fc": 0.20406840138064058, "k": 4.948107920972111, "phi_d": 2.806759041124508, "phi_s": 3.2947179466891434, "s_cf": 0.7521527452733692}, "datetime": {"datetime": "2022-08-22 08:12:12", "elapsed": 153.079622, "delta": 17.024691}}
{"target": -0.4756805389065374, "params": {"beta_enc": 0.7160007197672533, "beta_rec": 0.831661225443024, "epsilon_d": 2.0541162045152186, "gamma_cf": 0.44297104965538725, "gamma_fc": 0.17863488000124988, "k": 7.634140603679197, "phi_d": 2.2467202315836055, "phi_s": 1.0632849713862251, "s_cf": 1.447077925307821}, "datetime": {"datetime": "2022-08-22 08:12:29", "elapsed": 170.498728, "delta": 17.419106}}
{"target": -0.5904712141253805, "params": {"beta_enc": 0.7418139211309234, "beta_rec": 0.9993307126128701, "epsilon_d": 1.344681016690657, "gamma_cf": 0.06856787481443888, "gamma_fc": 0.4662977315185818, "k": 6.7872726459596, "phi_d": 1.132000345444125, "phi_s": 4.0218522104098655, "s_cf": 1.3154071413459347}, "datetime": {"datetime": "2022-08-22 08:12:45", "elapsed": 186.476956, "delta": 15.978228}}
{"target": -0.7705881558021737, "params": {"beta_enc": 0.8230585874412691, "beta_rec": 0.927881189657118, "epsilon_d": 1.2485419239443294, "gamma_cf": 0.009940066919897794, "gamma_fc": 0.013105493438859639, "k": 4.113225952083178, "phi_d": 1.4924221352060918, "phi_s": 4.440111794731552, "s_cf": 1.1541232982562395}, "datetime": {"datetime": "2022-08-22 08:12:58", "elapsed": 199.934083, "delta": 13.457127}}
{"target": -0.5258828307340828, "params": {"beta_enc": 0.6934876925400181, "beta_rec": 0.9605077230899014, "epsilon_d": 1.2483466302398223, "gamma_cf": 0.13959183950556975, "gamma_fc": 0.29287963572914394, "k": 7.878382993278699, "phi_d": 2.12206043851142, "phi_s": 1.074589157491772, "s_cf": 1.3504745045104622}, "datetime": {"datetime": "2022-08-22 08:13:14", "elapsed": 214.969675, "delta": 15.035592}}
{"target": -0.4107310435852639, "params": {"beta_enc": 0.5815409958443571, "beta_rec": 0.9517762989046947, "epsilon_d": 1.7757212881283435, "gamma_cf": 0.43177092727971433, "gamma_fc": 0.3735608213685923, "k": 6.2249609359616755, "phi_d": 1.27291045132137, "phi_s": 1.2396707580488466, "s_cf": 0.8410075918055531}, "datetime": {"datetime": "2022-08-22 08:13:31", "elapsed": 232.274057, "delta": 17.304382}}
{"target": -0.6046938360421696, "params": {"beta_enc": 0.5155931574906666, "beta_rec": 0.7768735322765232, "epsilon_d": 1.4514186772157094, "gamma_cf": 0.35649449019133833, "gamma_fc": 0.2798584910270712, "k": 4.050223920636464, "phi_d": 1.1439485593789736, "phi_s": 4.869105320001088, "s_cf": 1.1760753464399567}, "datetime": {"datetime": "2022-08-22 08:13:47", "elapsed": 248.522251, "delta": 16.248194}}
{"target": -0.6108724868190674, "params": {"beta_enc": 0.5711526321313467, "beta_rec": 0.8130814361425809, "epsilon_d": 2.487651708150186, "gamma_cf": 0.0977147405546594, "gamma_fc": 0.2906794636366289, "k": 7.880079956353249, "phi_d": 2.6936576029800703, "phi_s": 1.9593910365903446, "s_cf": 1.1203272857015474}, "datetime": {"datetime": "2022-08-22 08:14:05", "elapsed": 266.455817, "delta": 17.933566}}
{"target": -0.7549971312434387, "params": {"beta_enc": 0.7169845014334829, "beta_rec": 0.9572452248875447, "epsilon_d": 1.3135827892921685, "gamma_cf": 0.009288101088704759, "gamma_fc": 0.035011071859611165, "k": 5.945380443748127, "phi_d": 2.2126589233066607, "phi_s": 3.2754057483459253, "s_cf": 0.9880218069916206}, "datetime": {"datetime": "2022-08-22 08:14:18", "elapsed": 279.63984, "delta": 13.184023}}
{"target": -0.4101398673508285, "params": {"beta_enc": 0.8460156540443571, "beta_rec": 0.8949363048114493, "epsilon_d": 1.7602823452471008, "gamma_cf": 0.2754741095589484, "gamma_fc": 0.37266721545325104, "k": 6.676931573812738, "phi_d": 1.5298391153256188, "phi_s": 1.2653393377137663, "s_cf": 1.0275631484355796}, "datetime": {"datetime": "2022-08-22 08:14:35", "elapsed": 296.162654, "delta": 16.522814}}
{"target": -0.4437990379425056, "params": {"beta_enc": 0.7204011274575476, "beta_rec": 0.8025435024787099, "epsilon_d": 2.505511107477628, "gamma_cf": 0.03326824067705747, "gamma_fc": 0.13015754928927048, "k": 7.219018254973381, "phi_d": 1.3868685652466555, "phi_s": 3.5578435235197605, "s_cf": 1.1435027318428004}, "datetime": {"datetime": "2022-08-22 08:14:52", "elapsed": 313.153878, "delta": 16.991224}}
{"target": -0.6682175237052755, "params": {"beta_enc": 0.8236827896397727, "beta_rec": 0.8158241926217777, "epsilon_d": 1.1319221813680476, "gamma_cf": 0.36753298164433473, "gamma_fc": 0.3860890147716234, "k": 7.631263410014096, "phi_d": 2.8639441383936743, "phi_s": 1.055806291902388, "s_cf": 0.9257715645910654}, "datetime": {"datetime": "2022-08-22 08:15:06", "elapsed": 327.362715, "delta": 14.208837}}
{"target": -0.6994858530578446, "params": {"beta_enc": 0.7158724249505801, "beta_rec": 0.9872540801719041, "epsilon_d": 2.9003522384941594, "gamma_cf": 0.2783265940975782, "gamma_fc": 0.45780317488313726, "k": 6.566264835785351, "phi_d": 1.7800154282824925, "phi_s": 2.943962668387639, "s_cf": 1.20323286218998}, "datetime": {"datetime": "2022-08-22 08:15:25", "elapsed": 346.78726, "delta": 19.424545}}
{"target": -0.7472359572040139, "params": {"beta_enc": 0.6923417725279969, "beta_rec": 0.9815453566766135, "epsilon_d": 2.837466871267212, "gamma_cf": 0.19743780646177744, "gamma_fc": 0.4816312642203559, "k": 4.695822666721858, "phi_d": 1.2526590388792747, "phi_s": 1.5403166321869253, "s_cf": 1.1292466242576724}, "datetime": {"datetime": "2022-08-22 08:15:45", "elapsed": 366.280701, "delta": 19.493441}}
{"target": -0.6622342437941088, "params": {"beta_enc": 0.5075336818459693, "beta_rec": 0.9869925528044202, "epsilon_d": 2.654230942341465, "gamma_cf": 0.007509490371061189, "gamma_fc": 0.08809812778752762, "k": 5.328254297467348, "phi_d": 1.2619936896218338, "phi_s": 4.237962768506328, "s_cf": 1.00855248951247}, "datetime": {"datetime": "2022-08-22 08:16:02", "elapsed": 383.728599, "delta": 17.447898}}
{"target": -0.5705820044036256, "params": {"beta_enc": 0.8290376188166785, "beta_rec": 0.89550354498677, "epsilon_d": 2.757663968823688, "gamma_cf": 0.42236722269611093, "gamma_fc": 0.4526961593543246, "k": 5.839521063267227, "phi_d": 2.0926936320407465, "phi_s": 4.194414364608157, "s_cf": 0.9642891388006107}, "datetime": {"datetime": "2022-08-22 08:16:21", "elapsed": 402.515212, "delta": 18.786613}}
{"target": -0.540688539880213, "params": {"beta_enc": 0.6715887329169747, "beta_rec": 0.8997775769114695, "epsilon_d": 1.0310665511016714, "gamma_cf": 0.2967407040983186, "gamma_fc": 0.21683817449472914, "k": 7.229442115539365, "phi_d": 1.630489606190746, "phi_s": 4.571554834100605, "s_cf": 1.1833929114634016}, "datetime": {"datetime": "2022-08-22 08:16:35", "elapsed": 416.374832, "delta": 13.85962}}
{"target": -0.6569854714775569, "params": {"beta_enc": 0.5644035705696128, "beta_rec": 0.9469823084563761, "epsilon_d": 2.2240623540898676, "gamma_cf": 0.026954636036876478, "gamma_fc": 0.2100968400005661, "k": 6.716275346261718, "phi_d": 2.8372035559550515, "phi_s": 1.0016080995654297, "s_cf": 1.4825693617732947}, "datetime": {"datetime": "2022-08-22 08:16:52", "elapsed": 433.482232, "delta": 17.1074}}
{"target": -0.4633762501463126, "params": {"beta_enc": 0.6318031101610211, "beta_rec": 0.9934458845895806, "epsilon_d": 2.209432201948106, "gamma_cf": 0.4144229039903465, "gamma_fc": 0.28735575235405114, "k": 6.512304793229402, "phi_d": 1.5711525633913879, "phi_s": 3.347333362624332, "s_cf": 1.312516322776995}, "datetime": {"datetime": "2022-08-22 08:17:10", "elapsed": 451.667298, "delta": 18.185066}}
{"target": -0.6099295185702219, "params": {"beta_enc": 0.8004098427501648, "beta_rec": 0.9387705471169201, "epsilon_d": 2.396114496894606, "gamma_cf": 0.4322397150272999, "gamma_fc": 0.16134049841837322, "k": 6.683155163150349, "phi_d": 1.9017478728266983, "phi_s": 2.528411008126069, "s_cf": 1.0581085124416392}, "datetime": {"datetime": "2022-08-22 08:17:28", "elapsed": 469.782165, "delta": 18.114867}}
{"target": -0.6143165471884947, "params": {"beta_enc": 0.6405178542143393, "beta_rec": 0.8293459864895693, "epsilon_d": 2.243838735840603, "gamma_cf": 0.21512363541063217, "gamma_fc": 0.48690103896362613, "k": 6.711203565737245, "phi_d": 1.3971397768542217, "phi_s": 2.706804037392131, "s_cf": 1.0075096798308172}, "datetime": {"datetime": "2022-08-22 08:17:46", "elapsed": 487.939291, "delta": 18.157126}}
{"target": -0.5334817750794654, "params": {"beta_enc": 0.7791735813854983, "beta_rec": 0.969999572140858, "epsilon_d": 2.807683911652744, "gamma_cf": 0.3313599061876311, "gamma_fc": 0.1351041310148789, "k": 5.009466806018359, "phi_d": 2.7097958853948048, "phi_s": 3.1108585852349866, "s_cf": 1.3516208130034486}, "datetime": {"datetime": "2022-08-22 08:18:06", "elapsed": 507.108719, "delta": 19.169428}}
{"target": -0.4008010066189203, "params": {"beta_enc": 0.7003709810170622, "beta_rec": 0.9332856313218778, "epsilon_d": 2.0380232549281114, "gamma_cf": 0.385441955250944, "gamma_fc": 0.28442899535235777, "k": 5.8628395143679235, "phi_d": 1.6853778159065635, "phi_s": 1.2728373936668165, "s_cf": 1.0334431344960748}, "datetime": {"datetime": "2022-08-22 08:18:23", "elapsed": 524.950029, "delta": 17.84131}}
{"target": -0.47982434119221723, "params": {"beta_enc": 0.5278691271943883, "beta_rec": 0.9957042784326112, "epsilon_d": 1.3632257026615275, "gamma_cf": 0.4059293488602699, "gamma_fc": 0.43748082247794906, "k": 6.753653009543774, "phi_d": 2.1389888254907516, "phi_s": 1.643885747262435, "s_cf": 1.1001600170724797}, "datetime": {"datetime": "2022-08-22 08:18:40", "elapsed": 541.28164, "delta": 16.331611}}
{"target": -0.5989156409631531, "params": {"beta_enc": 0.6208102179043252, "beta_rec": 0.8062599894535212, "epsilon_d": 2.1850237375315933, "gamma_cf": 0.15613491885095848, "gamma_fc": 0.45815277673417537, "k": 7.638542099806228, "phi_d": 1.5142365875643924, "phi_s": 1.4435652029761168, "s_cf": 0.8947220490143346}, "datetime": {"datetime": "2022-08-22 08:18:58", "elapsed": 559.442973, "delta": 18.161333}}
{"target": -0.5739985898548954, "params": {"beta_enc": 0.67485445973761, "beta_rec": 0.9321464169936491, "epsilon_d": 1.416388876817583, "gamma_cf": 0.12401677918861537, "gamma_fc": 0.4258359374681835, "k": 5.663394873070109, "phi_d": 2.2333701343104724, "phi_s": 1.9346645569570002, "s_cf": 0.8264754445693481}, "datetime": {"datetime": "2022-08-22 08:19:14", "elapsed": 575.469518, "delta": 16.026545}}
{"target": -0.36546753541261273, "params": {"beta_enc": 0.6805499559389854, "beta_rec": 0.8692852467624456, "epsilon_d": 1.3053432881863265, "gamma_cf": 0.31090311587020775, "gamma_fc": 0.27200505940696906, "k": 6.616549387882977, "phi_d": 1.2890910802493196, "phi_s": 4.006111268540975, "s_cf": 0.916536854849942}, "datetime": {"datetime": "2022-08-22 08:19:29", "elapsed": 590.610911, "delta": 15.141393}}
{"target": -0.6060061102952148, "params": {"beta_enc": 0.6817731385281115, "beta_rec": 0.9463240070554048, "epsilon_d": 1.0446608559836124, "gamma_cf": 0.16218122986309325, "gamma_fc": 0.4364611882000555, "k": 7.378838430408278, "phi_d": 2.0768811851890874, "phi_s": 4.4664330966660515, "s_cf": 1.46235449351522}, "datetime": {"datetime": "2022-08-22 08:19:44", "elapsed": 605.556026, "delta": 14.945115}}
{"target": -0.3594605639943239, "params": {"beta_enc": 0.7892424491702694, "beta_rec": 0.9635288609591347, "epsilon_d": 1.1974868036406967, "gamma_cf": 0.3256521661704955, "gamma_fc": 0.3517584940763265, "k": 6.440963250586519, "phi_d": 2.5992305234720563, "phi_s": 1.138284879486537, "s_cf": 1.327679050916235}, "datetime": {"datetime": "2022-08-22 08:19:59", "elapsed": 620.656427, "delta": 15.100401}}
{"target": -0.3790410845101907, "params": {"beta_enc": 0.7561050102588345, "beta_rec": 0.8149245983245883, "epsilon_d": 1.5141385976442934, "gamma_cf": 0.3161516587150639, "gamma_fc": 0.17264873079554077, "k": 7.18635471202915, "phi_d": 1.8922924640069145, "phi_s": 4.130997659136687, "s_cf": 1.4928538377178806}, "datetime": {"datetime": "2022-08-22 08:20:15", "elapsed": 636.122212, "delta": 15.465785}}
{"target": -0.7122833149514854, "params": {"beta_enc": 0.605086918836865, "beta_rec": 0.7857514570645249, "epsilon_d": 2.8026168726985476, "gamma_cf": 0.27077968944368663, "gamma_fc": 0.4873701854275411, "k": 6.546417600007588, "phi_d": 2.987826049220958, "phi_s": 3.1842832165718065, "s_cf": 1.144819450429141}, "datetime": {"datetime": "2022-08-22 08:20:34", "elapsed": 655.608441, "delta": 19.486229}}
{"target": -0.777649334919748, "params": {"beta_enc": 0.5473997660752594, "beta_rec": 0.8389262927459703, "epsilon_d": 1.0524371345927466, "gamma_cf": 0.08019758975982455, "gamma_fc": 0.37281859635374803, "k": 4.121598759715155, "phi_d": 1.7330861944874887, "phi_s": 4.4493850113521765, "s_cf": 1.2695082881305157}, "datetime": {"datetime": "2022-08-22 08:20:49", "elapsed": 670.382575, "delta": 14.774134}}
{"target": -0.4782566982393942, "params": {"beta_enc": 0.741829749723159, "beta_rec": 0.7971592002388277, "epsilon_d": 1.8838085614968467, "gamma_cf": 0.2907887036721456, "gamma_fc": 0.4948758538318526, "k": 4.815624900932487, "phi_d": 1.4954658035247097, "phi_s": 2.0486923350916477, "s_cf": 1.3126293099734947}, "datetime": {"datetime": "2022-08-22 08:21:07", "elapsed": 687.985391, "delta": 17.602816}}
{"target": -0.5946347145307233, "params": {"beta_enc": 0.6599413646024925, "beta_rec": 0.7642323596027738, "epsilon_d": 2.017032481220479, "gamma_cf": 0.10598008232183798, "gamma_fc": 0.3993021223801051, "k": 5.189325526029089, "phi_d": 1.0552120239090073, "phi_s": 3.373729797858484, "s_cf": 1.3828803216983916}, "datetime": {"datetime": "2022-08-22 08:21:24", "elapsed": 705.559594, "delta": 17.574203}}
{"target": -0.6073571079044752, "params": {"beta_enc": 0.633355643421775, "beta_rec": 0.9374645776815358, "epsilon_d": 2.0222829565942564, "gamma_cf": 0.2704759024810943, "gamma_fc": 0.4797171605308762, "k": 7.215843565994588, "phi_d": 1.064646133247148, "phi_s": 3.8375490049251804, "s_cf": 1.0987511111726296}, "datetime": {"datetime": "2022-08-22 08:21:42", "elapsed": 723.214029, "delta": 17.654435}}
{"target": -0.5314017269545481, "params": {"beta_enc": 0.831642129488285, "beta_rec": 0.8053581835808721, "epsilon_d": 1.5341440393687316, "gamma_cf": 0.040736982438631, "gamma_fc": 0.21430941433189327, "k": 4.436075056076273, "phi_d": 2.2675735212238357, "phi_s": 4.2118529494949515, "s_cf": 1.272600372090134}, "datetime": {"datetime": "2022-08-22 08:21:57", "elapsed": 738.798925, "delta": 15.584896}}
{"target": -0.5881647745944392, "params": {"beta_enc": 0.7681739833765197, "beta_rec": 0.83561352996088, "epsilon_d": 2.691702966055355, "gamma_cf": 0.21438438749972127, "gamma_fc": 0.4120049352061594, "k": 6.505984634497175, "phi_d": 1.2868460973404898, "phi_s": 1.3135475994197918, "s_cf": 0.7637494821847555}, "datetime": {"datetime": "2022-08-22 08:22:16", "elapsed": 757.678773, "delta": 18.879848}}
{"target": -0.7598769976888935, "params": {"beta_enc": 0.5233537491737748, "beta_rec": 0.8646459534271079, "epsilon_d": 1.226683845535181, "gamma_cf": 0.013891674424334977, "gamma_fc": 0.3774307406952337, "k": 5.579401921842558, "phi_d": 2.4938769912150502, "phi_s": 2.809619306985806, "s_cf": 1.0875650602505709}, "datetime": {"datetime": "2022-08-22 08:22:31", "elapsed": 772.640647, "delta": 14.961874}}
{"target": -0.7154382683766329, "params": {"beta_enc": 0.6673253773512409, "beta_rec": 0.8685009816405485, "epsilon_d": 2.606326684228339, "gamma_cf": 0.20119625992886792, "gamma_fc": 0.4523430801718115, "k": 4.1482441918161435, "phi_d": 2.5477486854408373, "phi_s": 1.5025655245509553, "s_cf": 1.213885175184064}, "datetime": {"datetime": "2022-08-22 08:22:50", "elapsed": 791.834901, "delta": 19.194254}}
{"target": -0.5230587004360412, "params": {"beta_enc": 0.5036274914673312, "beta_rec": 0.8846568206440868, "epsilon_d": 1.0060359132391927, "gamma_cf": 0.47559689274510225, "gamma_fc": 0.452701016851389, "k": 7.183867767769078, "phi_d": 2.830548639829575, "phi_s": 1.5822329246335882, "s_cf": 0.8682975524029}, "datetime": {"datetime": "2022-08-22 08:23:05", "elapsed": 806.857362, "delta": 15.022461}}
{"target": -0.6686809646975336, "params": {"beta_enc": 0.5656710855158519, "beta_rec": 0.9056239755749803, "epsilon_d": 2.8116189920166037, "gamma_cf": 0.4949775891795368, "gamma_fc": 0.35556122938290796, "k": 6.9272016365691815, "phi_d": 2.8185864090885087, "phi_s": 2.6034949294844836, "s_cf": 0.9373880101687776}, "datetime": {"datetime": "2022-08-22 08:23:25", "elapsed": 826.795174, "delta": 19.937812}}
{"target": -0.5359508900138159, "params": {"beta_enc": 0.560700559775493, "beta_rec": 0.7798642625834322, "epsilon_d": 2.6252211760656574, "gamma_cf": 0.07339618670862158, "gamma_fc": 0.13214874136345034, "k": 7.276356714534123, "phi_d": 1.62117450358842, "phi_s": 4.929669797171771, "s_cf": 0.9499790266137265}, "datetime": {"datetime": "2022-08-22 08:23:43", "elapsed": 844.293038, "delta": 17.497864}}
{"target": -0.5771588272003367, "params": {"beta_enc": 0.6867786707399239, "beta_rec": 0.8286167527964624, "epsilon_d": 2.821545662347675, "gamma_cf": 0.18327832192561722, "gamma_fc": 0.21679616363658227, "k": 6.049170769113445, "phi_d": 2.8777729547394264, "phi_s": 1.1237960250846029, "s_cf": 1.287658997723767}, "datetime": {"datetime": "2022-08-22 08:23:58", "elapsed": 859.428205, "delta": 15.135167}}
{"target": -0.40331830287400106, "params": {"beta_enc": 0.8118566340023186, "beta_rec": 0.7568218058793672, "epsilon_d": 2.0441024945050215, "gamma_cf": 0.16299490588501264, "gamma_fc": 0.4297446604327929, "k": 6.234066203690071, "phi_d": 2.3804557363254957, "phi_s": 2.81141399980615, "s_cf": 1.2212317781410178}, "datetime": {"datetime": "2022-08-22 08:24:12", "elapsed": 873.575749, "delta": 14.147544}}
