{"target": -0.27385534315022636, "params": {"beta_enc": 0.85, "beta_rec": 0.75, "epsilon_d": 1.8543222418999628, "gamma_cf": 0.4081152292821319, "gamma_fc": 0.42972311743287805, "k": 4.949659062875492, "phi_d": 2.518454561598745, "phi_s": 2.6651901500864152, "s_cf": 1.0439802835241108}, "datetime": {"datetime": "2022-08-22 10:29:02", "elapsed": 8363.202906, "delta": 17.464244}}
{"target": -0.2713990086166669, "params": {"beta_enc": 0.85, "beta_rec": 0.8661982241777956, "epsilon_d": 1.8552503195988146, "gamma_cf": 0.39329059855736487, "gamma_fc": 0.36065092380561825, "k": 4.465545053592161, "phi_d": 1.17164532007702, "phi_s": 2.3195176541072784, "s_cf": 0.75}, "datetime": {"datetime": "2022-08-22 10:29:19", "elapsed": 8380.61577, "delta": 17.412864}}
{"target": -0.28106881891344637, "params": {"beta_enc": 0.85, "beta_rec": 0.75, "epsilon_d": 1.7430052223434382, "gamma_cf": 0.2955462034129307, "gamma_fc": 0.27510628990659197, "k": 5.96034707560027, "phi_d": 2.6528602547650917, "phi_s": 4.776155103659297, "s_cf": 1.1054419614824695}, "datetime": {"datetime": "2022-08-22 10:29:36", "elapsed": 8397.454809, "delta": 16.839039}}
{"target": -0.2800526482868987, "params": {"beta_enc": 0.85, "beta_rec": 0.75, "epsilon_d": 1.9716752147152847, "gamma_cf": 0.3209554130474878, "gamma_fc": 0.27530696903343754, "k": 6.150980267472407, "phi_d": 2.2713194927924105, "phi_s": 4.243786628209828, "s_cf": 1.3797650250487843}, "datetime": {"datetime": "2022-08-22 10:29:54", "elapsed": 8415.392975, "delta": 17.938166}}
{"target": -0.3083825164528031, "params": {"beta_enc": 0.85, "beta_rec": 0.8199699675787049, "epsilon_d": 1.606721580877925, "gamma_cf": 0.29672728417357747, "gamma_fc": 0.38727497654135645, "k": 5.960896440825074, "phi_d": 2.6258246173382847, "phi_s": 4.977412481569192, "s_cf": 1.0783183597272432}, "datetime": {"datetime": "2022-08-22 10:30:12", "elapsed": 8433.173946, "delta": 17.780971}}
{"target": -0.2320210713413704, "params": {"beta_enc": 0.8454529300929575, "beta_rec": 0.75, "epsilon_d": 1.888574790255861, "gamma_cf": 0.37244876496332296, "gamma_fc": 0.36678665720710435, "k": 6.083632953390594, "phi_d": 2.2692079505582727, "phi_s": 4.272596741579622, "s_cf": 1.3485173561336647}, "datetime": {"datetime": "2022-08-22 10:30:30", "elapsed": 8451.655232, "delta": 18.481286}}
{"target": -0.23639493234704906, "params": {"beta_enc": 0.8478440168081716, "beta_rec": 0.8170249976683358, "epsilon_d": 1.9224851698734473, "gamma_cf": 0.3330139478039626, "gamma_fc": 0.3231904961497884, "k": 6.124272206945922, "phi_d": 2.051215149658924, "phi_s": 4.3548735892427475, "s_cf": 1.262689811906247}, "datetime": {"datetime": "2022-08-22 10:30:49", "elapsed": 8470.847507, "delta": 19.192275}}
{"target": -0.21914082479181585, "params": {"beta_enc": 0.85, "beta_rec": 0.7942826595742295, "epsilon_d": 1.8713377222682843, "gamma_cf": 0.3207904471424933, "gamma_fc": 0.33649132396409126, "k": 6.0986676674773825, "phi_d": 2.2111124996842837, "phi_s": 4.333603033425517, "s_cf": 1.4128839453981783}, "datetime": {"datetime": "2022-08-22 10:31:07", "elapsed": 8488.265031, "delta": 17.417524}}
{"target": -0.2707831729765715, "params": {"beta_enc": 0.85, "beta_rec": 0.75, "epsilon_d": 1.8709191285349536, "gamma_cf": 0.38223999767368877, "gamma_fc": 0.2821791705670539, "k": 4.987320337088418, "phi_d": 2.526976895579312, "phi_s": 2.657298511434485, "s_cf": 1.1045209542747905}, "datetime": {"datetime": "2022-08-22 10:31:24", "elapsed": 8505.953664, "delta": 17.688633}}
{"target": -0.32926671343692765, "params": {"beta_enc": 0.85, "beta_rec": 0.75, "epsilon_d": 1.8780356559997202, "gamma_cf": 0.5, "gamma_fc": 0.3249816567129497, "k": 4.954422273975736, "phi_d": 2.593051311776199, "phi_s": 2.6747789113347267, "s_cf": 1.0525215322336443}, "datetime": {"datetime": "2022-08-22 10:31:43", "elapsed": 8523.970272, "delta": 18.016608}}
{"target": -0.262357454862107, "params": {"beta_enc": 0.85, "beta_rec": 0.75, "epsilon_d": 2.0090605336437726, "gamma_cf": 0.32969883373574094, "gamma_fc": 0.37690763698053886, "k": 6.0543375852621795, "phi_d": 2.2516089657488876, "phi_s": 4.245123335531867, "s_cf": 1.323833879700472}, "datetime": {"datetime": "2022-08-22 10:32:01", "elapsed": 8542.462514, "delta": 18.492242}}
{"target": -0.26280627010838137, "params": {"beta_enc": 0.85, "beta_rec": 0.8236479106612405, "epsilon_d": 1.8846841428073515, "gamma_cf": 0.3453135593536719, "gamma_fc": 0.2568517941804201, "k": 4.658024307785503, "phi_d": 1.2129176447359526, "phi_s": 2.2791824642455127, "s_cf": 0.75}, "datetime": {"datetime": "2022-08-22 10:32:19", "elapsed": 8560.212175, "delta": 17.749661}}
{"target": -0.223559836341254, "params": {"beta_enc": 0.85, "beta_rec": 0.7594721522992139, "epsilon_d": 1.8439608109996721, "gamma_cf": 0.33717139003963775, "gamma_fc": 0.3323788286719708, "k": 6.137880942382363, "phi_d": 2.271377572140312, "phi_s": 4.317211211671414, "s_cf": 1.395836635985074}, "datetime": {"datetime": "2022-08-22 10:32:38", "elapsed": 8579.032066, "delta": 18.819891}}
{"target": -0.2444126111189729, "params": {"beta_enc": 0.85, "beta_rec": 0.8251885345544201, "epsilon_d": 1.9086303441728234, "gamma_cf": 0.332984667905892, "gamma_fc": 0.3161708372723788, "k": 6.107666683278464, "phi_d": 2.0715601521126574, "phi_s": 4.3536554649771135, "s_cf": 1.3062281437374959}, "datetime": {"datetime": "2022-08-22 10:32:56", "elapsed": 8597.424781, "delta": 18.392715}}
{"target": -0.24902664059777352, "params": {"beta_enc": 0.85, "beta_rec": 0.8636110808959372, "epsilon_d": 1.8151771006610418, "gamma_cf": 0.2942212089612132, "gamma_fc": 0.29000714260114885, "k": 5.7614964763042265, "phi_d": 2.535313608370937, "phi_s": 4.665173267499588, "s_cf": 1.1155989479916553}, "datetime": {"datetime": "2022-08-22 10:33:14", "elapsed": 8615.585263, "delta": 18.160482}}
{"target": -0.2814124266532542, "params": {"beta_enc": 0.85, "beta_rec": 0.8774565351910445, "epsilon_d": 1.7993915533937794, "gamma_cf": 0.29047421622704456, "gamma_fc": 0.29915313937747523, "k": 6.676826840989868, "phi_d": 2.7686349451201684, "phi_s": 3.7528286226159917, "s_cf": 1.1175732045513185}, "datetime": {"datetime": "2022-08-22 10:33:31", "elapsed": 8632.734968, "delta": 17.149705}}
{"target": -0.29407248152826254, "params": {"beta_enc": 0.85, "beta_rec": 0.8478274218692917, "epsilon_d": 1.941281187572116, "gamma_cf": 0.3171247673289256, "gamma_fc": 0.2229950783076327, "k": 4.738250220702301, "phi_d": 1.2823436711022596, "phi_s": 2.2147315888746837, "s_cf": 0.8656587222825792}, "datetime": {"datetime": "2022-08-22 10:33:49", "elapsed": 8650.412908, "delta": 17.67794}}
{"target": -0.23711541473233985, "params": {"beta_enc": 0.85, "beta_rec": 0.75, "epsilon_d": 1.7838382212315755, "gamma_cf": 0.3458218120801228, "gamma_fc": 0.3017344045989379, "k": 5.953822933909708, "phi_d": 2.6246309947318496, "phi_s": 4.612733891025793, "s_cf": 1.2745197316368264}, "datetime": {"datetime": "2022-08-22 10:34:07", "elapsed": 8668.434475, "delta": 18.021567}}
{"target": -0.22659904867450895, "params": {"beta_enc": 0.85, "beta_rec": 0.75, "epsilon_d": 1.7616496208147894, "gamma_cf": 0.36664063402015784, "gamma_fc": 0.3671686096651672, "k": 5.931964086131996, "phi_d": 2.525882443826958, "phi_s": 4.6084536552754365, "s_cf": 1.3301076012389415}, "datetime": {"datetime": "2022-08-22 10:34:25", "elapsed": 8686.65622, "delta": 18.221745}}
{"target": -0.2692059656744171, "params": {"beta_enc": 0.85, "beta_rec": 0.8312471624043443, "epsilon_d": 1.8360276249810163, "gamma_cf": 0.3643541474433246, "gamma_fc": 0.3434773268404454, "k": 4.965944257169824, "phi_d": 2.429213903098737, "phi_s": 2.6424210411829714, "s_cf": 1.0630071929967866}, "datetime": {"datetime": "2022-08-22 10:34:44", "elapsed": 8705.142092, "delta": 18.485872}}
{"target": -0.34995003624862014, "params": {"beta_enc": 0.7544844036778685, "beta_rec": 0.8076498977887603, "epsilon_d": 1.9270598307318796, "gamma_cf": 0.35328216410955054, "gamma_fc": 0.34442743537341236, "k": 4.508696200635386, "phi_d": 1.2256159578962178, "phi_s": 2.27521427138244, "s_cf": 0.75}, "datetime": {"datetime": "2022-08-22 10:35:03", "elapsed": 8724.158365, "delta": 19.016273}}
{"target": -0.2232949659147489, "params": {"beta_enc": 0.85, "beta_rec": 0.785915458631636, "epsilon_d": 1.9336689341381308, "gamma_cf": 0.34507559874326155, "gamma_fc": 0.3028155994763443, "k": 6.102892539806297, "phi_d": 2.0720434127270577, "phi_s": 4.339886253541215, "s_cf": 1.255844988801193}, "datetime": {"datetime": "2022-08-22 10:35:21", "elapsed": 8742.2397, "delta": 18.081335}}
{"target": -0.24915466405649928, "params": {"beta_enc": 0.85, "beta_rec": 0.75, "epsilon_d": 1.9691939070107805, "gamma_cf": 0.38993102321451695, "gamma_fc": 0.2899356989103834, "k": 6.089079027906062, "phi_d": 2.2301630493479108, "phi_s": 4.211928771400854, "s_cf": 1.2302502177934105}, "datetime": {"datetime": "2022-08-22 10:35:39", "elapsed": 8760.623935, "delta": 18.384235}}
{"target": -0.2673990291231864, "params": {"beta_enc": 0.85, "beta_rec": 0.8248714217018153, "epsilon_d": 1.8880222862136409, "gamma_cf": 0.27513480288905734, "gamma_fc": 0.3811737930475496, "k": 6.142180131913318, "phi_d": 2.04687425026478, "phi_s": 4.3607326109989755, "s_cf": 1.3722210172622327}, "datetime": {"datetime": "2022-08-22 10:35:58", "elapsed": 8779.513044, "delta": 18.889109}}
{"target": -0.2396759657844491, "params": {"beta_enc": 0.85, "beta_rec": 0.7848245697769551, "epsilon_d": 1.8790516485685977, "gamma_cf": 0.31748351286441706, "gamma_fc": 0.34656283232721946, "k": 6.099812416782983, "phi_d": 2.249289291772571, "phi_s": 4.32000953406123, "s_cf": 1.4200056103711813}, "datetime": {"datetime": "2022-08-22 10:36:16", "elapsed": 8797.563719, "delta": 18.050675}}
{"target": -0.2331507971071221, "params": {"beta_enc": 0.85, "beta_rec": 0.7663809148541235, "epsilon_d": 1.8438593487236923, "gamma_cf": 0.33735184865217854, "gamma_fc": 0.31359481416886315, "k": 6.119295485242119, "phi_d": 2.2183085190316434, "phi_s": 4.320830467227335, "s_cf": 1.398924637526227}, "datetime": {"datetime": "2022-08-22 10:36:37", "elapsed": 8818.180333, "delta": 20.616614}}
{"target": -0.22567103019962595, "params": {"beta_enc": 0.85, "beta_rec": 0.7542881256862093, "epsilon_d": 1.8844491264613774, "gamma_cf": 0.35641844356251146, "gamma_fc": 0.32325109087583326, "k": 6.142286722398948, "phi_d": 2.299366983975637, "phi_s": 4.302615493945464, "s_cf": 1.340883022740007}, "datetime": {"datetime": "2022-08-22 10:36:59", "elapsed": 8840.245621, "delta": 22.065288}}
{"target": -0.2794147586130963, "params": {"beta_enc": 0.85, "beta_rec": 0.75, "epsilon_d": 1.7521224767961252, "gamma_cf": 0.3515364889220391, "gamma_fc": 0.3400481299757602, "k": 4.972489103265844, "phi_d": 2.497446436446469, "phi_s": 2.6618824200879394, "s_cf": 1.0615549247133476}, "datetime": {"datetime": "2022-08-22 10:37:20", "elapsed": 8861.632873, "delta": 21.387252}}
{"target": -0.26419280945162804, "params": {"beta_enc": 0.85, "beta_rec": 0.75, "epsilon_d": 1.8722530131827155, "gamma_cf": 0.37474868185616445, "gamma_fc": 0.3940735722272773, "k": 5.043104445838835, "phi_d": 2.438033774892137, "phi_s": 2.713754410859888, "s_cf": 1.1291953523961464}, "datetime": {"datetime": "2022-08-22 10:37:42", "elapsed": 8883.069456, "delta": 21.436583}}
{"target": -0.26925683041700565, "params": {"beta_enc": 0.85, "beta_rec": 0.7759542385671432, "epsilon_d": 1.8540424405344078, "gamma_cf": 0.288880941119866, "gamma_fc": 0.29322048036322784, "k": 4.6028039756174195, "phi_d": 1.1157600117591606, "phi_s": 2.1631660141390645, "s_cf": 0.75}, "datetime": {"datetime": "2022-08-22 10:38:03", "elapsed": 8904.19316, "delta": 21.123704}}
{"target": -0.3144024878438999, "params": {"beta_enc": 0.85, "beta_rec": 0.8639141510072189, "epsilon_d": 1.9275923714592567, "gamma_cf": 0.26932561730438087, "gamma_fc": 0.262133222202208, "k": 4.576480270918625, "phi_d": 1.165411855991742, "phi_s": 2.2364609122640724, "s_cf": 0.780529826017392}, "datetime": {"datetime": "2022-08-22 10:38:24", "elapsed": 8925.875169, "delta": 21.682009}}
{"target": -0.21708539248903969, "params": {"beta_enc": 0.85, "beta_rec": 0.8277075712894073, "epsilon_d": 1.8458529758549949, "gamma_cf": 0.31550734698573957, "gamma_fc": 0.34118896387005193, "k": 6.1396204443630795, "phi_d": 2.2261816044420493, "phi_s": 4.371265665679813, "s_cf": 1.406054360092629}, "datetime": {"datetime": "2022-08-22 10:38:47", "elapsed": 8948.091907, "delta": 22.216738}}
{"target": -0.23526365988675996, "params": {"beta_enc": 0.85, "beta_rec": 0.8058414474025668, "epsilon_d": 1.8465704726208458, "gamma_cf": 0.35132936167158774, "gamma_fc": 0.347726023090679, "k": 6.207594825203624, "phi_d": 2.2717020460245223, "phi_s": 4.315614601904565, "s_cf": 1.390596792639097}, "datetime": {"datetime": "2022-08-22 10:39:08", "elapsed": 8969.850605, "delta": 21.758698}}
{"target": -0.25193560176542945, "params": {"beta_enc": 0.85, "beta_rec": 0.7905013976745371, "epsilon_d": 1.852269354345141, "gamma_cf": 0.2978170629339454, "gamma_fc": 0.3386023609758275, "k": 6.105040562592128, "phi_d": 2.2168302143362357, "phi_s": 4.3914017128897225, "s_cf": 1.4004368985017877}, "datetime": {"datetime": "2022-08-22 10:39:31", "elapsed": 8992.955415, "delta": 23.10481}}
{"target": -0.2577368023785266, "params": {"beta_enc": 0.85, "beta_rec": 0.780121564114677, "epsilon_d": 1.8651838262018603, "gamma_cf": 0.3943103894993765, "gamma_fc": 0.32235309083627417, "k": 4.657140567247503, "phi_d": 1.289607163746093, "phi_s": 2.181645577848826, "s_cf": 0.75}, "datetime": {"datetime": "2022-08-22 10:39:54", "elapsed": 9015.790775, "delta": 22.83536}}
{"target": -0.25621701978116274, "params": {"beta_enc": 0.85, "beta_rec": 0.75, "epsilon_d": 1.8097456726266286, "gamma_cf": 0.402947009167508, "gamma_fc": 0.3290825227907825, "k": 4.58930981322715, "phi_d": 1.138957041785274, "phi_s": 2.23613202417182, "s_cf": 0.75}, "datetime": {"datetime": "2022-08-22 10:40:16", "elapsed": 9037.130393, "delta": 21.339618}}
{"target": -0.25978845557836583, "params": {"beta_enc": 0.85, "beta_rec": 0.7801177948670001, "epsilon_d": 1.7715281176261193, "gamma_cf": 0.34905646166592946, "gamma_fc": 0.34524297523974007, "k": 4.5112371083909215, "phi_d": 1.0, "phi_s": 2.1491095577404997, "s_cf": 0.75}, "datetime": {"datetime": "2022-08-22 10:40:37", "elapsed": 9058.719111, "delta": 21.588718}}
{"target": -0.3134864730879109, "params": {"beta_enc": 0.85, "beta_rec": 0.8242658626611953, "epsilon_d": 1.8442625533574202, "gamma_cf": 0.35722686261332454, "gamma_fc": 0.19310143749103295, "k": 4.845978013372284, "phi_d": 1.2784437718037964, "phi_s": 2.2545034840170937, "s_cf": 0.75}, "datetime": {"datetime": "2022-08-22 10:40:59", "elapsed": 9080.471755, "delta": 21.752644}}
{"target": -0.24781519596470866, "params": {"beta_enc": 0.85, "beta_rec": 0.75, "epsilon_d": 1.9052984512397806, "gamma_cf": 0.40002945585166927, "gamma_fc": 0.3189482765878088, "k": 6.1019203120474845, "phi_d": 2.268471690831325, "phi_s": 4.2702748592381745, "s_cf": 1.3757720262354358}, "datetime": {"datetime": "2022-08-22 10:41:21", "elapsed": 9102.750312, "delta": 22.278557}}
{"target": -0.26414328250848484, "params": {"beta_enc": 0.85, "beta_rec": 0.75, "epsilon_d": 1.7471258999662502, "gamma_cf": 0.3947064134928272, "gamma_fc": 0.32767948391046, "k": 5.972029862870467, "phi_d": 2.5167449979454837, "phi_s": 4.5314166961026325, "s_cf": 1.3309599438759259}, "datetime": {"datetime": "2022-08-22 10:41:43", "elapsed": 9124.504528, "delta": 21.754216}}
{"target": -0.4138814179969684, "params": {"beta_enc": 0.85, "beta_rec": 1.0, "epsilon_d": 1.9429659720384713, "gamma_cf": 0.37695022497072067, "gamma_fc": 0.09833026032664956, "k": 4.851389273311327, "phi_d": 1.2723563886954954, "phi_s": 2.3166125017300168, "s_cf": 0.8664960920885982}, "datetime": {"datetime": "2022-08-22 10:42:05", "elapsed": 9146.757816, "delta": 22.253288}}
{"target": -0.23351621411422024, "params": {"beta_enc": 0.85, "beta_rec": 0.8462845083710441, "epsilon_d": 1.857284288725047, "gamma_cf": 0.3223779208964745, "gamma_fc": 0.34291236652570956, "k": 6.132938230863142, "phi_d": 2.2107819861024223, "phi_s": 4.3359754725212865, "s_cf": 1.408127485541844}, "datetime": {"datetime": "2022-08-22 10:42:28", "elapsed": 9169.394387, "delta": 22.636571}}
{"target": -0.25059673297694396, "params": {"beta_enc": 0.85, "beta_rec": 0.7810306764842073, "epsilon_d": 1.7823609966907612, "gamma_cf": 0.36118095525663707, "gamma_fc": 0.3748253006785094, "k": 5.889062321853005, "phi_d": 2.5749328709717507, "phi_s": 4.645160724234307, "s_cf": 1.3045824960108283}, "datetime": {"datetime": "2022-08-22 10:42:51", "elapsed": 9192.101288, "delta": 22.706901}}
{"target": -0.28300060927553183, "params": {"beta_enc": 0.85, "beta_rec": 0.829980759097669, "epsilon_d": 1.947202963269125, "gamma_cf": 0.30213992658546884, "gamma_fc": 0.2723868851529311, "k": 4.7408898394841446, "phi_d": 1.3547623354601541, "phi_s": 2.156087032679359, "s_cf": 0.75}, "datetime": {"datetime": "2022-08-22 10:43:13", "elapsed": 9214.074846, "delta": 21.973558}}
{"target": -0.2924937380741527, "params": {"beta_enc": 0.85, "beta_rec": 0.75, "epsilon_d": 1.7311759815065024, "gamma_cf": 0.30255717058603576, "gamma_fc": 0.35166728563623106, "k": 4.491257155496018, "phi_d": 1.0898263796470395, "phi_s": 2.245133210834573, "s_cf": 0.75}, "datetime": {"datetime": "2022-08-22 10:43:34", "elapsed": 9235.131334, "delta": 21.056488}}
{"target": -0.2283344871126652, "params": {"beta_enc": 0.85, "beta_rec": 0.8161989075917214, "epsilon_d": 1.8443399670617246, "gamma_cf": 0.33340239873292715, "gamma_fc": 0.331889290344614, "k": 6.176211942191108, "phi_d": 2.2578892019676653, "phi_s": 4.382452612463288, "s_cf": 1.406350798053194}, "datetime": {"datetime": "2022-08-22 10:43:56", "elapsed": 9257.2811, "delta": 22.149766}}
{"target": -0.28842896944400087, "params": {"beta_enc": 0.85, "beta_rec": 0.7991012452071983, "epsilon_d": 1.95593931527383, "gamma_cf": 0.2891621552232831, "gamma_fc": 0.37014622185201224, "k": 6.596322506345325, "phi_d": 2.7448449028217627, "phi_s": 3.8705736881648534, "s_cf": 1.1691673867521541}, "datetime": {"datetime": "2022-08-22 10:44:18", "elapsed": 9279.202369, "delta": 21.921269}}
{"target": -0.23961071340797296, "params": {"beta_enc": 0.85, "beta_rec": 0.9605026324233878, "epsilon_d": 1.8361949030853457, "gamma_cf": 0.2976884538575772, "gamma_fc": 0.28835990818174806, "k": 5.772259782828486, "phi_d": 2.526794500760649, "phi_s": 4.752870923172877, "s_cf": 1.064570656123262}, "datetime": {"datetime": "2022-08-22 10:44:40", "elapsed": 9301.102088, "delta": 21.899719}}
{"target": -0.27738079459460746, "params": {"beta_enc": 0.85, "beta_rec": 0.75, "epsilon_d": 1.8098459207428275, "gamma_cf": 0.37320448160382313, "gamma_fc": 0.28734618007633467, "k": 4.658453706545475, "phi_d": 1.0, "phi_s": 2.1741196811166694, "s_cf": 0.75}, "datetime": {"datetime": "2022-08-22 10:45:01", "elapsed": 9322.803907, "delta": 21.701819}}
{"target": -0.30465430936167726, "params": {"beta_enc": 0.85, "beta_rec": 0.75, "epsilon_d": 1.4907574081075743, "gamma_cf": 0.43078798441764454, "gamma_fc": 0.4902391310799005, "k": 5.0139143271480275, "phi_d": 2.1592133965101885, "phi_s": 3.275089165193206, "s_cf": 1.3703377754489559}, "datetime": {"datetime": "2022-08-22 10:45:23", "elapsed": 9344.30157, "delta": 21.497663}}
{"target": -0.2547172143789526, "params": {"beta_enc": 0.85, "beta_rec": 0.75, "epsilon_d": 1.8236480677252978, "gamma_cf": 0.39210345529978724, "gamma_fc": 0.3826464462879456, "k": 4.567987942181386, "phi_d": 1.1039194471314036, "phi_s": 2.068565453813296, "s_cf": 0.75}, "datetime": {"datetime": "2022-08-22 10:45:45", "elapsed": 9366.302465, "delta": 22.000895}}
{"target": -0.3873613008265814, "params": {"beta_enc": 0.7391817885612959, "beta_rec": 0.9310470094961008, "epsilon_d": 2.0704805718979347, "gamma_cf": 0.13530946976229768, "gamma_fc": 0.2978067785784611, "k": 7.585164567078974, "phi_d": 1.7267899405999008, "phi_s": 4.537262435941183, "s_cf": 1.0706037752331896}, "datetime": {"datetime": "2022-08-22 10:46:07", "elapsed": 9388.138551, "delta": 21.836086}}
{"target": -0.259026300095818, "params": {"beta_enc": 0.85, "beta_rec": 0.8692087669632825, "epsilon_d": 1.842112458670257, "gamma_cf": 0.2808778168090386, "gamma_fc": 0.2644933670183974, "k": 5.775318944696994, "phi_d": 2.5567297599448953, "phi_s": 4.8105766401273975, "s_cf": 1.0727205681473067}, "datetime": {"datetime": "2022-08-22 10:46:29", "elapsed": 9410.040085, "delta": 21.901534}}
{"target": -0.3688537590281933, "params": {"beta_enc": 0.85, "beta_rec": 0.75, "epsilon_d": 1.4199947853188928, "gamma_cf": 0.5, "gamma_fc": 0.396794702664737, "k": 4.99015111850673, "phi_d": 2.0567229714616313, "phi_s": 3.246750318450068, "s_cf": 1.2722302984166758}, "datetime": {"datetime": "2022-08-22 10:46:48", "elapsed": 9428.970682, "delta": 18.930597}}
{"target": -0.28791986906420497, "params": {"beta_enc": 0.85, "beta_rec": 0.815386138799938, "epsilon_d": 1.7401715530715591, "gamma_cf": 0.38824346586746805, "gamma_fc": 0.2946733284330286, "k": 4.588731345836363, "phi_d": 1.0978234486555403, "phi_s": 2.0890642614307326, "s_cf": 0.75}, "datetime": {"datetime": "2022-08-22 10:47:05", "elapsed": 9446.184242, "delta": 17.21356}}
{"target": -0.26431090162135557, "params": {"beta_enc": 0.85, "beta_rec": 0.8196830209872612, "epsilon_d": 1.9420146005543952, "gamma_cf": 0.35835304507136584, "gamma_fc": 0.31358703571056146, "k": 6.100394898115824, "phi_d": 2.077545794616215, "phi_s": 4.331768652852477, "s_cf": 1.2522188954935978}, "datetime": {"datetime": "2022-08-22 10:47:23", "elapsed": 9464.790509, "delta": 18.606267}}
{"target": -0.24662994881985742, "params": {"beta_enc": 0.85, "beta_rec": 0.75, "epsilon_d": 1.7273180082348485, "gamma_cf": 0.3522616787374994, "gamma_fc": 0.3621585271119047, "k": 5.976429328198182, "phi_d": 2.5301045077529234, "phi_s": 4.6468120901367245, "s_cf": 1.29535371277727}, "datetime": {"datetime": "2022-08-22 10:47:42", "elapsed": 9483.147747, "delta": 18.357238}}
