{"target": -0.3831102964055363, "params": {"beta_enc": 0.8014733660690601, "beta_rec": 0.87982439636761, "epsilon_d": 1.6378717378348482, "gamma_cf": 0.4815161693923378, "gamma_fc": 0.46913088425118915, "k": 5.040075887826769, "phi_d": 1.4027837074274405, "phi_s": 3.355634813224309, "s_cf": 1.381888657381169}, "datetime": {"datetime": "2022-08-22 09:15:18", "elapsed": 3938.974368, "delta": 13.066328}}
{"target": -0.6367922976040955, "params": {"beta_enc": 0.6178523814107693, "beta_rec": 0.8966073553660654, "epsilon_d": 1.3244899989576155, "gamma_cf": 0.09729686761907091, "gamma_fc": 0.3806676079960478, "k": 4.6003938454082, "phi_d": 1.531814082095655, "phi_s": 3.7579794527106776, "s_cf": 0.7613169807247343}, "datetime": {"datetime": "2022-08-22 09:15:30", "elapsed": 3951.370965, "delta": 12.396597}}
{"target": -0.673653333845846, "params": {"beta_enc": 0.5112680413539997, "beta_rec": 0.8218814850060072, "epsilon_d": 1.6732463610245982, "gamma_cf": 0.18110805276500558, "gamma_fc": 0.4035952877567598, "k": 4.143923870634568, "phi_d": 1.7167904892506503, "phi_s": 3.553112533067297, "s_cf": 0.857253082138742}, "datetime": {"datetime": "2022-08-22 09:15:43", "elapsed": 3964.893302, "delta": 13.522337}}
{"target": -0.5433384108542759, "params": {"beta_enc": 0.8002085150790041, "beta_rec": 0.9113911020683582, "epsilon_d": 1.2305868509600542, "gamma_cf": 0.1040487049994736, "gamma_fc": 0.3727491653740823, "k": 5.613626513336691, "phi_d": 1.9689401218970135, "phi_s": 4.54982031229091, "s_cf": 0.8530826622181732}, "datetime": {"datetime": "2022-08-22 09:15:55", "elapsed": 3976.921034, "delta": 12.027732}}
{"target": -0.551691493112232, "params": {"beta_enc": 0.8375304790851411, "beta_rec": 0.760657420449145, "epsilon_d": 1.1988805145097696, "gamma_cf": 0.11161921547022174, "gamma_fc": 0.40329254113025703, "k": 5.82349122947801, "phi_d": 2.306502284522639, "phi_s": 1.697284550079349, "s_cf": 0.8750414496948962}, "datetime": {"datetime": "2022-08-22 09:16:07", "elapsed": 3988.837065, "delta": 11.916031}}
{"target": -0.40563563891177423, "params": {"beta_enc": 0.6822969191938262, "beta_rec": 0.9350734088200554, "epsilon_d": 1.9249489304300569, "gamma_cf": 0.4348070425605564, "gamma_fc": 0.33020596733532015, "k": 4.996360353807731, "phi_d": 1.4698044416042098, "phi_s": 2.4961868674682783, "s_cf": 1.317462042222163}, "datetime": {"datetime": "2022-08-22 09:16:22", "elapsed": 4002.976933, "delta": 14.139868}}
{"target": -0.3593253447185926, "params": {"beta_enc": 0.8282781825084238, "beta_rec": 0.9654764998297083, "epsilon_d": 1.5232215853658435, "gamma_cf": 0.2061394639892849, "gamma_fc": 0.30577204972516075, "k": 6.187337823263233, "phi_d": 1.7785498908179314, "phi_s": 1.4056831075251068, "s_cf": 1.2841836032979417}, "datetime": {"datetime": "2022-08-22 09:16:34", "elapsed": 4015.641571, "delta": 12.664638}}
{"target": -0.5837984566626515, "params": {"beta_enc": 0.5308473073739018, "beta_rec": 0.9665193573434299, "epsilon_d": 2.726896880665269, "gamma_cf": 0.35422539575768636, "gamma_fc": 0.24321228690384306, "k": 6.796586261651666, "phi_d": 1.7899741202035302, "phi_s": 4.189983937173395, "s_cf": 1.3398128117098858}, "datetime": {"datetime": "2022-08-22 09:16:49", "elapsed": 4030.888381, "delta": 15.24681}}
{"target": -0.6326686399822334, "params": {"beta_enc": 0.5544350043557675, "beta_rec": 0.8294543875876494, "epsilon_d": 1.6879663535719807, "gamma_cf": 0.1820851493267629, "gamma_fc": 0.28332277834394937, "k": 4.166749770081151, "phi_d": 2.319939437927798, "phi_s": 1.8065270362265373, "s_cf": 1.062346917129831}, "datetime": {"datetime": "2022-08-22 09:17:03", "elapsed": 4044.216812, "delta": 13.328431}}
{"target": -0.5972366866729203, "params": {"beta_enc": 0.657812429775245, "beta_rec": 0.8371816923869115, "epsilon_d": 1.7665606202560251, "gamma_cf": 0.09015303042387968, "gamma_fc": 0.0340650286970372, "k": 6.205026595743407, "phi_d": 2.1917338912333024, "phi_s": 1.5819991568868352, "s_cf": 0.9232062812415931}, "datetime": {"datetime": "2022-08-22 09:17:15", "elapsed": 4056.042911, "delta": 11.826099}}
{"target": -0.5232999766484909, "params": {"beta_enc": 0.6002319960380839, "beta_rec": 0.9576878417261064, "epsilon_d": 1.3068418823248247, "gamma_cf": 0.2760694037767407, "gamma_fc": 0.2840698588460962, "k": 5.3736803724346895, "phi_d": 1.7012343786139072, "phi_s": 4.836448070076809, "s_cf": 1.1650079620946405}, "datetime": {"datetime": "2022-08-22 09:17:27", "elapsed": 4068.350739, "delta": 12.307828}}
{"target": -0.4310944124660427, "params": {"beta_enc": 0.7284559203153341, "beta_rec": 0.8726850291111033, "epsilon_d": 2.293299963343581, "gamma_cf": 0.302625392753531, "gamma_fc": 0.07258664646004781, "k": 5.338722131538373, "phi_d": 1.9208679869178669, "phi_s": 1.5112866464255394, "s_cf": 1.0223049927033736}, "datetime": {"datetime": "2022-08-22 09:17:41", "elapsed": 4082.139768, "delta": 13.789029}}
{"target": -0.5945798703104282, "params": {"beta_enc": 0.5798495720025227, "beta_rec": 0.9618756505676005, "epsilon_d": 1.6829481600425973, "gamma_cf": 0.11339466033313245, "gamma_fc": 0.2040907014261411, "k": 6.732256190488988, "phi_d": 1.1312439979228497, "phi_s": 1.722916854411959, "s_cf": 1.2707302041927964}, "datetime": {"datetime": "2022-08-22 09:17:53", "elapsed": 4094.90015, "delta": 12.760382}}
{"target": -0.5465903754108205, "params": {"beta_enc": 0.7632898116814326, "beta_rec": 0.904438569902517, "epsilon_d": 2.758397121073191, "gamma_cf": 0.08440009503879681, "gamma_fc": 0.35177386610071426, "k": 7.669040636320034, "phi_d": 1.3014793182061164, "phi_s": 1.9750559095847247, "s_cf": 1.1600134290681032}, "datetime": {"datetime": "2022-08-22 09:18:08", "elapsed": 4109.857635, "delta": 14.957485}}
{"target": -0.6636408377914186, "params": {"beta_enc": 0.6204417679415991, "beta_rec": 0.9226597701955985, "epsilon_d": 1.115135236850215, "gamma_cf": 0.0803820711617299, "gamma_fc": 0.35811915323981075, "k": 7.882474793735776, "phi_d": 2.8591007530246815, "phi_s": 4.604267973691255, "s_cf": 0.8458074854276949}, "datetime": {"datetime": "2022-08-22 09:18:20", "elapsed": 4121.42424, "delta": 11.566605}}
{"target": -0.4309617867910169, "params": {"beta_enc": 0.5510751213250612, "beta_rec": 0.7680661892037182, "epsilon_d": 2.0850804662895817, "gamma_cf": 0.44124308645118576, "gamma_fc": 0.26589595003344424, "k": 7.12686114158376, "phi_d": 1.3769075738225232, "phi_s": 4.45244504066534, "s_cf": 0.8905685780440136}, "datetime": {"datetime": "2022-08-22 09:18:34", "elapsed": 4135.67425, "delta": 14.25001}}
{"target": -0.5629981321503476, "params": {"beta_enc": 0.5191674441232832, "beta_rec": 0.8553727526070245, "epsilon_d": 2.110208860016877, "gamma_cf": 0.4853710047606973, "gamma_fc": 0.04587691672059574, "k": 5.095672372918219, "phi_d": 1.210214138164099, "phi_s": 2.5617585469504656, "s_cf": 0.9667583123908272}, "datetime": {"datetime": "2022-08-22 09:18:48", "elapsed": 4149.750198, "delta": 14.075948}}
{"target": -0.6173354233327246, "params": {"beta_enc": 0.6796551223137672, "beta_rec": 0.8370641704376868, "epsilon_d": 2.856456036500202, "gamma_cf": 0.3949738981915202, "gamma_fc": 0.43050568430698777, "k": 4.518003783771583, "phi_d": 2.150140333977428, "phi_s": 1.859130143539435, "s_cf": 1.4011789285806668}, "datetime": {"datetime": "2022-08-22 09:19:04", "elapsed": 4165.384404, "delta": 15.634206}}
{"target": -0.6375504365779429, "params": {"beta_enc": 0.5052567976136985, "beta_rec": 0.776436053782513, "epsilon_d": 1.7521141510946312, "gamma_cf": 0.20104695304659675, "gamma_fc": 0.1386100414893413, "k": 4.384251995039756, "phi_d": 1.2374608102251872, "phi_s": 2.2717790153893356, "s_cf": 1.4630946255582904}, "datetime": {"datetime": "2022-08-22 09:19:17", "elapsed": 4178.403884, "delta": 13.01948}}
{"target": -0.7914049026183744, "params": {"beta_enc": 0.5725922976867633, "beta_rec": 0.9368200802648057, "epsilon_d": 1.516377328014968, "gamma_cf": 0.018620127805392406, "gamma_fc": 0.008026104583531035, "k": 4.610823724724706, "phi_d": 1.9241683859954843, "phi_s": 4.02360439015122, "s_cf": 1.2966111989588653}, "datetime": {"datetime": "2022-08-22 09:19:28", "elapsed": 4189.854916, "delta": 11.451032}}
{"target": -0.5803716048887669, "params": {"beta_enc": 0.6233363048690629, "beta_rec": 0.8697848196907284, "epsilon_d": 2.6281475067513305, "gamma_cf": 0.41920145318948954, "gamma_fc": 0.15995835020899274, "k": 4.0170600736284285, "phi_d": 1.0938616864524653, "phi_s": 3.9512295104159363, "s_cf": 0.954474210804381}, "datetime": {"datetime": "2022-08-22 09:19:43", "elapsed": 4204.885197, "delta": 15.030281}}
{"target": -0.575854347641098, "params": {"beta_enc": 0.6685200342653282, "beta_rec": 0.7980078165077861, "epsilon_d": 2.694225832164389, "gamma_cf": 0.25168880481827655, "gamma_fc": 0.2635800878611307, "k": 5.15231835234302, "phi_d": 2.023998461327846, "phi_s": 1.0078545815300801, "s_cf": 0.9579712802574075}, "datetime": {"datetime": "2022-08-22 09:19:59", "elapsed": 4219.97919, "delta": 15.093993}}
{"target": -0.530295395499412, "params": {"beta_enc": 0.6220670442384526, "beta_rec": 0.820987721572259, "epsilon_d": 1.1719044551548357, "gamma_cf": 0.26089060461702923, "gamma_fc": 0.3942395666867576, "k": 7.770393742432687, "phi_d": 1.994579584233327, "phi_s": 3.375015433421774, "s_cf": 0.968144953357853}, "datetime": {"datetime": "2022-08-22 09:20:10", "elapsed": 4231.832156, "delta": 11.852966}}
{"target": -0.5892370974839072, "params": {"beta_enc": 0.5522058281220661, "beta_rec": 0.7829679226821102, "epsilon_d": 2.4647215517391157, "gamma_cf": 0.3672347176749672, "gamma_fc": 0.0896750083183176, "k": 5.654241519103167, "phi_d": 2.188288655783079, "phi_s": 1.501127784744595, "s_cf": 1.3390267124016493}, "datetime": {"datetime": "2022-08-22 09:20:25", "elapsed": 4246.207398, "delta": 14.375242}}
{"target": -0.5973086975334523, "params": {"beta_enc": 0.7169972711620836, "beta_rec": 0.9038054228771136, "epsilon_d": 2.4024161838372646, "gamma_cf": 0.4935915410331872, "gamma_fc": 0.2811972279785891, "k": 7.457665046793392, "phi_d": 1.8374173501143318, "phi_s": 3.6178774049097373, "s_cf": 1.4439458908940748}, "datetime": {"datetime": "2022-08-22 09:20:40", "elapsed": 4261.05273, "delta": 14.845332}}
{"target": -0.45007551036644644, "params": {"beta_enc": 0.7324527854754264, "beta_rec": 0.8257701689857666, "epsilon_d": 2.23989138772326, "gamma_cf": 0.17565916017909627, "gamma_fc": 0.16118333756720976, "k": 6.44082023498548, "phi_d": 1.320646463976774, "phi_s": 2.946955743031013, "s_cf": 1.4592257137397935}, "datetime": {"datetime": "2022-08-22 09:20:53", "elapsed": 4274.791675, "delta": 13.738945}}
{"target": -0.4037799504824731, "params": {"beta_enc": 0.6343699846924883, "beta_rec": 0.7972406483114529, "epsilon_d": 1.937677899284362, "gamma_cf": 0.4204539157267662, "gamma_fc": 0.4213338612975163, "k": 7.311212957836888, "phi_d": 1.0229510252116267, "phi_s": 2.0681612397131808, "s_cf": 1.4999068406806968}, "datetime": {"datetime": "2022-08-22 09:21:08", "elapsed": 4289.052662, "delta": 14.260987}}
{"target": -0.7271719509318604, "params": {"beta_enc": 0.5418891470173702, "beta_rec": 0.8725223740219084, "epsilon_d": 2.5800523012053707, "gamma_cf": 0.06110695504692809, "gamma_fc": 0.33120459034562394, "k": 5.9523217820852965, "phi_d": 1.3885799641723735, "phi_s": 4.514520106330881, "s_cf": 0.8861155481682977}, "datetime": {"datetime": "2022-08-22 09:21:22", "elapsed": 4303.664031, "delta": 14.611369}}
{"target": -0.4568985343493409, "params": {"beta_enc": 0.7236685007531714, "beta_rec": 0.9352067195494823, "epsilon_d": 2.1253457731864565, "gamma_cf": 0.31442078429859555, "gamma_fc": 0.059482698311002224, "k": 5.232147948218126, "phi_d": 2.1739244144593584, "phi_s": 2.5818548652300457, "s_cf": 1.2479595610746004}, "datetime": {"datetime": "2022-08-22 09:21:36", "elapsed": 4317.330889, "delta": 13.666858}}
{"target": -0.6166536873066816, "params": {"beta_enc": 0.7981841256815043, "beta_rec": 0.7975555223280459, "epsilon_d": 2.80654540174067, "gamma_cf": 0.19158792521554663, "gamma_fc": 0.4715621653641273, "k": 6.469529252099861, "phi_d": 2.5801910422918, "phi_s": 3.059101713492904, "s_cf": 1.1483585207949816}, "datetime": {"datetime": "2022-08-22 09:21:51", "elapsed": 4332.757379, "delta": 15.42649}}
{"target": -0.643628598192387, "params": {"beta_enc": 0.6146578645680901, "beta_rec": 0.7823411768068389, "epsilon_d": 1.7676438237208474, "gamma_cf": 0.10748824039583882, "gamma_fc": 0.01643262794095829, "k": 5.099547319301038, "phi_d": 1.361152105333714, "phi_s": 4.502121260152491, "s_cf": 0.8109274218235537}, "datetime": {"datetime": "2022-08-22 09:22:03", "elapsed": 4344.692955, "delta": 11.935576}}
{"target": -0.5284800480063551, "params": {"beta_enc": 0.5643634596786591, "beta_rec": 0.9260076738840836, "epsilon_d": 2.838451782040547, "gamma_cf": 0.12572922611596704, "gamma_fc": 0.010650565730690786, "k": 7.842017891020399, "phi_d": 2.364441280947901, "phi_s": 2.2426507842554235, "s_cf": 1.1042800816614298}, "datetime": {"datetime": "2022-08-22 09:22:17", "elapsed": 4358.334019, "delta": 13.641064}}
{"target": -0.5989037595839497, "params": {"beta_enc": 0.7097395558575672, "beta_rec": 0.8434671430163355, "epsilon_d": 2.748975593242354, "gamma_cf": 0.3630862941538137, "gamma_fc": 0.4771703523121056, "k": 5.404262091392846, "phi_d": 2.8743481774435624, "phi_s": 2.916402296902976, "s_cf": 1.2317419789863535}, "datetime": {"datetime": "2022-08-22 09:22:32", "elapsed": 4373.690441, "delta": 15.356422}}
{"target": -0.4760093018393309, "params": {"beta_enc": 0.7578265216642106, "beta_rec": 0.9523344922514201, "epsilon_d": 1.7925187345653877, "gamma_cf": 0.22397298925738557, "gamma_fc": 0.40863851305637533, "k": 6.87022881236382, "phi_d": 2.881698418749288, "phi_s": 4.918391485671364, "s_cf": 0.8841850022743849}, "datetime": {"datetime": "2022-08-22 09:22:46", "elapsed": 4387.070374, "delta": 13.379933}}
{"target": -0.6850021255203206, "params": {"beta_enc": 0.5797717941344643, "beta_rec": 0.9289966118197617, "epsilon_d": 2.494765469308487, "gamma_cf": 0.3015897771162627, "gamma_fc": 0.4386498821107557, "k": 5.007961848442954, "phi_d": 1.6789747885935848, "phi_s": 2.978587392427636, "s_cf": 0.9862703167264257}, "datetime": {"datetime": "2022-08-22 09:23:01", "elapsed": 4402.256116, "delta": 15.185742}}
{"target": -0.5572720995149499, "params": {"beta_enc": 0.6909036812696315, "beta_rec": 0.9206195198244861, "epsilon_d": 1.4407338023073897, "gamma_cf": 0.24266872698419029, "gamma_fc": 0.4964906788187392, "k": 5.29664521272494, "phi_d": 1.070723838982628, "phi_s": 4.2694069171360525, "s_cf": 1.1274800876997468}, "datetime": {"datetime": "2022-08-22 09:23:14", "elapsed": 4415.117862, "delta": 12.861746}}
{"target": -0.5335054714870793, "params": {"beta_enc": 0.5184743496414996, "beta_rec": 0.9725762568060603, "epsilon_d": 1.8090287599607155, "gamma_cf": 0.46463659107019845, "gamma_fc": 0.20103908690028077, "k": 4.307329139098723, "phi_d": 1.4906022882399854, "phi_s": 2.401042022828811, "s_cf": 1.3130462192664187}, "datetime": {"datetime": "2022-08-22 09:23:28", "elapsed": 4429.102822, "delta": 13.98496}}
{"target": -0.6555888891496913, "params": {"beta_enc": 0.5646618533222493, "beta_rec": 0.8577434134314685, "epsilon_d": 2.7464908396319374, "gamma_cf": 0.2668805456863916, "gamma_fc": 0.05157735987452833, "k": 4.098089948218529, "phi_d": 2.411619602322097, "phi_s": 4.916509963832868, "s_cf": 1.3388739472142301}, "datetime": {"datetime": "2022-08-22 09:23:42", "elapsed": 4443.860275, "delta": 14.757453}}
{"target": -0.426356444652618, "params": {"beta_enc": 0.7676541688958961, "beta_rec": 0.918861878919505, "epsilon_d": 2.5910054205973303, "gamma_cf": 0.020008892836321845, "gamma_fc": 0.132340815858427, "k": 6.781590143886209, "phi_d": 2.7339766592154877, "phi_s": 3.698427487267297, "s_cf": 0.8822070959875737}, "datetime": {"datetime": "2022-08-22 09:23:56", "elapsed": 4457.758682, "delta": 13.898407}}
{"target": -0.7121635463799674, "params": {"beta_enc": 0.8277079609809925, "beta_rec": 0.9758446750277132, "epsilon_d": 1.1733575322802128, "gamma_cf": 0.0965000187871265, "gamma_fc": 0.13759651530526334, "k": 6.953647482418427, "phi_d": 2.7187466566017138, "phi_s": 3.3132895498062047, "s_cf": 0.8997341779887467}, "datetime": {"datetime": "2022-08-22 09:24:07", "elapsed": 4468.49791, "delta": 10.739228}}
{"target": -0.548735197009914, "params": {"beta_enc": 0.6452814606674768, "beta_rec": 0.7844648000660268, "epsilon_d": 2.834792373716849, "gamma_cf": 0.38226547020523677, "gamma_fc": 0.25510691690303877, "k": 5.814300172683351, "phi_d": 1.1956841566911398, "phi_s": 2.274701425201309, "s_cf": 0.8404745965180473}, "datetime": {"datetime": "2022-08-22 09:24:22", "elapsed": 4483.875194, "delta": 15.377284}}
{"target": -0.5717316239445267, "params": {"beta_enc": 0.773818322176791, "beta_rec": 0.8862209266690486, "epsilon_d": 1.4545547628303177, "gamma_cf": 0.11210141962796816, "gamma_fc": 0.13019909875789276, "k": 5.235491009265024, "phi_d": 1.7754102635628197, "phi_s": 2.190195729508949, "s_cf": 1.2596669208998628}, "datetime": {"datetime": "2022-08-22 09:24:34", "elapsed": 4495.820143, "delta": 11.944949}}
{"target": -0.6658948920910903, "params": {"beta_enc": 0.5122757667567777, "beta_rec": 0.832027578732842, "epsilon_d": 2.490583745716031, "gamma_cf": 0.47140399253764237, "gamma_fc": 0.4013662750787756, "k": 4.963304838286216, "phi_d": 1.4658309367676634, "phi_s": 1.7613471788687565, "s_cf": 1.4118731511439568}, "datetime": {"datetime": "2022-08-22 09:24:50", "elapsed": 4511.25857, "delta": 15.438427}}
{"target": -0.700828765952231, "params": {"beta_enc": 0.583249490534427, "beta_rec": 0.9395451558532819, "epsilon_d": 1.5220994628093731, "gamma_cf": 0.016540921703757816, "gamma_fc": 0.36672385003438296, "k": 6.904807239180803, "phi_d": 1.177918221922107, "phi_s": 2.3068050317184063, "s_cf": 1.461273967641767}, "datetime": {"datetime": "2022-08-22 09:25:03", "elapsed": 4524.031327, "delta": 12.772757}}
{"target": -0.5907545991903058, "params": {"beta_enc": 0.5570321495037646, "beta_rec": 0.7716681181632276, "epsilon_d": 2.1892077762232516, "gamma_cf": 0.465494932672986, "gamma_fc": 0.0668891538715457, "k": 6.0520491746400715, "phi_d": 2.367998428233915, "phi_s": 1.6873190384273085, "s_cf": 0.7584449201191421}, "datetime": {"datetime": "2022-08-22 09:25:16", "elapsed": 4537.849087, "delta": 13.81776}}
{"target": -0.47617568861600795, "params": {"beta_enc": 0.8106890956679036, "beta_rec": 0.7588078176633399, "epsilon_d": 1.514916567615349, "gamma_cf": 0.32584201587033423, "gamma_fc": 0.1428914666778811, "k": 4.038830386299266, "phi_d": 2.1509036689299648, "phi_s": 2.2311691133388423, "s_cf": 0.8636355463890923}, "datetime": {"datetime": "2022-08-22 09:25:29", "elapsed": 4550.070558, "delta": 12.221471}}
{"target": -0.4429232048083289, "params": {"beta_enc": 0.839949159106403, "beta_rec": 0.7912430669747381, "epsilon_d": 2.454470882286554, "gamma_cf": 0.4453620957467565, "gamma_fc": 0.4293575578634726, "k": 4.737028268633788, "phi_d": 1.4736170673884785, "phi_s": 1.0734505460102897, "s_cf": 1.4485541004486406}, "datetime": {"datetime": "2022-08-22 09:25:43", "elapsed": 4564.939638, "delta": 14.86908}}
{"target": -0.5464331038125069, "params": {"beta_enc": 0.8104924118300572, "beta_rec": 0.8988665422423857, "epsilon_d": 1.2187353110137074, "gamma_cf": 0.08677132342125077, "gamma_fc": 0.2884801854663042, "k": 5.00662789400058, "phi_d": 1.600343666472097, "phi_s": 1.6839493957720735, "s_cf": 0.8921937893045736}, "datetime": {"datetime": "2022-08-22 09:25:55", "elapsed": 4576.636418, "delta": 11.69678}}
{"target": -0.5811909533681694, "params": {"beta_enc": 0.6621974040366579, "beta_rec": 0.877468493157109, "epsilon_d": 2.023159779329465, "gamma_cf": 0.4985693996834604, "gamma_fc": 0.0647979086350699, "k": 7.024679553550941, "phi_d": 2.587513494449785, "phi_s": 3.3395303950820825, "s_cf": 1.097053635201994}, "datetime": {"datetime": "2022-08-22 09:26:09", "elapsed": 4590.413631, "delta": 13.777213}}
{"target": -0.7581342514349059, "params": {"beta_enc": 0.8126993230725978, "beta_rec": 0.9570450547682812, "epsilon_d": 1.1005818720574074, "gamma_cf": 0.481491876543927, "gamma_fc": 0.0036699458768219007, "k": 6.292528818735768, "phi_d": 2.1448616338541453, "phi_s": 4.337518659162067, "s_cf": 1.0385370509440317}, "datetime": {"datetime": "2022-08-22 09:26:20", "elapsed": 4601.615674, "delta": 11.202043}}
{"target": -0.7393206521299118, "params": {"beta_enc": 0.5318643041660938, "beta_rec": 0.8954218173422313, "epsilon_d": 1.0496917207274625, "gamma_cf": 0.18089788045358068, "gamma_fc": 0.49265840104266145, "k": 7.47511547822008, "phi_d": 1.3049934835224108, "phi_s": 4.195304356224328, "s_cf": 1.358247689566145}, "datetime": {"datetime": "2022-08-22 09:26:32", "elapsed": 4613.315818, "delta": 11.700144}}
{"target": -0.4339522314044406, "params": {"beta_enc": 0.8248725266945116, "beta_rec": 0.8060960665109962, "epsilon_d": 1.99793494899992, "gamma_cf": 0.41372204570553794, "gamma_fc": 0.33366689249909876, "k": 6.375744573535078, "phi_d": 2.3039516415414836, "phi_s": 1.954064051196052, "s_cf": 0.769155063656843}, "datetime": {"datetime": "2022-08-22 09:26:45", "elapsed": 4626.736349, "delta": 13.420531}}
{"target": -0.3763565316501103, "params": {"beta_enc": 0.7576900401062869, "beta_rec": 0.8316979563327194, "epsilon_d": 1.7535137738402928, "gamma_cf": 0.30630802707477706, "gamma_fc": 0.3285825211817585, "k": 4.811595602491369, "phi_d": 2.6520630756908377, "phi_s": 2.520826420981918, "s_cf": 1.2238083063760437}, "datetime": {"datetime": "2022-08-22 09:26:59", "elapsed": 4640.202624, "delta": 13.466275}}
{"target": -0.2563780306291809, "params": {"beta_enc": 0.8382439954783086, "beta_rec": 0.891196558816659, "epsilon_d": 1.7178222835777137, "gamma_cf": 0.3094850543700711, "gamma_fc": 0.25089655903158475, "k": 5.809504991111407, "phi_d": 2.464541469512537, "phi_s": 4.6980405999364105, "s_cf": 1.1094535614626921}, "datetime": {"datetime": "2022-08-22 09:27:12", "elapsed": 4653.074044, "delta": 12.87142}}
